<?xml version="1.0" encoding="UTF-8"?>
<testsuites name="Mocha Tests" time="2.0160" tests="7" failures="0">
  <testsuite name="Root Suite" timestamp="2023-03-07T09:51:42" tests="0" file="cypress/e2e/old/anchor.cy.js" time="0.0000" failures="0">
  </testsuite>
  <testsuite name="Anchor menu" timestamp="2023-03-07T09:51:42" tests="7" time="2.0160" failures="0">
    <testcase name="Anchor menu Should render 5 sections" time="0.6510" classname="Should render 5 sections">
    </testcase>
    <testcase name="Anchor menu Should render 5 menu items" time="0.1930" classname="Should render 5 menu items">
    </testcase>
    <testcase name="Anchor menu Should navigato to clicked section (Section 4)" time="0.2850" classname="Should navigato to clicked section (Section 4)">
    </testcase>
    <testcase name="Anchor menu Should navigato to clicked section (Section 2)" time="0.2900" classname="Should navigato to clicked section (Section 2)">
    </testcase>
    <testcase name="Anchor menu Should chnage active element on scroll" time="0.2760" classname="Should chnage active element on scroll">
    </testcase>
    <testcase name="Anchor menu Menu gets sticky on the fly" time="0.1700" classname="Menu gets sticky on the fly">
    </testcase>
    <testcase name="Anchor menu Menu gets relative on the fly" time="0.1510" classname="Menu gets relative on the fly">
    </testcase>
  </testsuite>
</testsuites>