<?xml version="1.0" encoding="UTF-8"?>
<testsuites name="Mocha Tests" time="7.6240" tests="14" failures="0">
  <testsuite name="Root Suite" timestamp="2023-01-26T08:56:37" tests="0" file="cypress/e2e/reservationbutton.cy.js" time="0.0000" failures="0">
  </testsuite>
  <testsuite name="Reservation button" timestamp="2023-01-26T08:56:37" tests="0" time="0.0000" failures="0">
  </testsuite>
  <testsuite name="OrderButton" timestamp="2023-01-26T08:56:37" tests="8" time="4.7430" failures="0">
    <testcase name="Reservation button OrderButton user logged in material available" time="1.4220" classname="user logged in material available">
    </testcase>
    <testcase name="Reservation button OrderButton physical material click opens modal with query params" time="0.6430" classname="physical material click opens modal with query params">
    </testcase>
    <testcase name="Reservation button OrderButton digital material" time="1.0400" classname="digital material">
    </testcase>
    <testcase name="Reservation button OrderButton user logged in material unavailable" time="0.3380" classname="user logged in material unavailable">
    </testcase>
    <testcase name="Reservation button OrderButton user not logged in then above text is shown" time="0.1680" classname="user not logged in then above text is shown">
    </testcase>
    <testcase name="Reservation button OrderButton does not display &apos;deaactivated&apos; text, when it is loading" time="0.2140" classname="does not display &apos;deaactivated&apos; text, when it is loading">
    </testcase>
    <testcase name="Reservation button OrderButton user not logged in material available" time="0.3170" classname="user not logged in material available">
    </testcase>
    <testcase name="Reservation button OrderButton user logged in loan is not possible for material" time="0.6010" classname="user logged in loan is not possible for material">
    </testcase>
  </testsuite>
  <testsuite name="ButtonTxt" timestamp="2023-01-26T08:56:42" tests="6" time="2.8810" failures="0">
    <testcase name="Reservation button ButtonTxt should have book button text" time="0.5920" classname="should have book button text">
    </testcase>
    <testcase name="Reservation button ButtonTxt should have ebook button text" time="0.5440" classname="should have ebook button text">
    </testcase>
    <testcase name="Reservation button ButtonTxt should have eaudiobook physical button text" time="0.5120" classname="should have eaudiobook physical button text">
    </testcase>
    <testcase name="Reservation button ButtonTxt should have eaudiobook digital button text" time="0.5190" classname="should have eaudiobook digital button text">
    </testcase>
    <testcase name="Reservation button ButtonTxt should have Periodica button text" time="0.4980" classname="should have Periodica button text">
    </testcase>
    <testcase name="Reservation button ButtonTxt should have slow loading" time="0.2160" classname="should have slow loading">
    </testcase>
  </testsuite>
</testsuites>