<?xml version="1.0" encoding="UTF-8"?>
<testsuites name="Mocha Tests" time="6.1040" tests="2" failures="0">
  <testsuite name="Root Suite" timestamp="2023-01-26T08:59:12" tests="0" file="cypress/e2e/old/login.cy.js" time="0.0000" failures="0">
  </testsuite>
  <testsuite name="Login" timestamp="2023-01-26T08:59:12" tests="2" time="6.1040" failures="0">
    <testcase name="Login should send bearer token to API" time="1.7520" classname="should send bearer token to API">
    </testcase>
    <testcase name="Login should set user pickupagency from url parameter" time="4.3520" classname="should set user pickupagency from url parameter">
    </testcase>
  </testsuite>
</testsuites>