<?xml version="1.0" encoding="UTF-8"?>
<testsuites name="Mocha Tests" time="16.2320" tests="8" failures="0" skipped="1">
  <testsuite name="Root Suite" timestamp="2023-02-07T12:34:20" tests="0" file="cypress/e2e/old/search.cy.js" time="0.0000" failures="0">
  </testsuite>
  <testsuite name="Search" timestamp="2023-02-07T12:34:20" tests="8" time="16.2320" failures="0">
    <testcase name="Search Should show search results" time="3.4610" classname="Should show search results">
    </testcase>
    <testcase name="Search Should link to work page" time="2.8110" classname="Should link to work page">
    </testcase>
    <testcase name="Search Should collect data when searching and clicking work" time="6.1830" classname="Should collect data when searching and clicking work">
    </testcase>
    <testcase name="Search Should focus elements when tabbing" time="0.8700" classname="Should focus elements when tabbing">
    </testcase>
    <testcase name="Search Should focus pagination buttons when tabbing" time="0.2530" classname="Should focus pagination buttons when tabbing">
    </testcase>
    <testcase name="Search Desktop: Fake searchfield not visible" time="1.1010" classname="Desktop: Fake searchfield not visible">
    </testcase>
    <testcase name="Search Mobile: Has searchfield including query" time="1.5530" classname="Mobile: Has searchfield including query">
    </testcase>
  </testsuite>
</testsuites>