<?xml version="1.0" encoding="UTF-8"?>
<testsuites name="Mocha Tests" time="2.5170" tests="3" failures="0">
  <testsuite name="Root Suite" timestamp="2022-11-21T14:08:56" tests="0" file="cypress/integration/old/relatedKeywords.spec.js" time="0.0000" failures="0">
  </testsuite>
  <testsuite name="Related Keywords" timestamp="2022-11-21T14:08:56" tests="3" time="2.5170" failures="0">
    <testcase name="Related Keywords Can tab through related keywords" time="1.5170" classname="Can tab through related keywords">
    </testcase>
    <testcase name="Related Keywords Can visit keywords" time="0.2890" classname="Can visit keywords">
    </testcase>
    <testcase name="Related Keywords Can render and interact with connected related subjects" time="0.7110" classname="Can render and interact with connected related subjects">
    </testcase>
  </testsuite>
</testsuites>