<?xml version="1.0" encoding="UTF-8"?>
<testsuites name="Mocha Tests" time="2.8520" tests="11" failures="11">
  <testsuite name="Root Suite" timestamp="2023-03-07T08:16:13" tests="0" file="cypress/e2e/order.cy.js" time="0.0000" failures="0">
  </testsuite>
  <testsuite name="Order" timestamp="2023-03-07T08:16:13" tests="3" time="0.7220" failures="3">
    <testcase name="Order submits ILL order for pids that may be ordered" time="0.2380" classname="submits ILL order for pids that may be ordered">
      <failure message="The following error originated from your application code, not from Cypress.

  &gt; Module build failed (from ./node_modules/sass-loader/dist/cjs.js):
SassError: Undefined variable.
    ╷
114 │       @each $key, $value in $gutters {
    │                             ^^^^^^^^
    ╵
  node_modules/bootstrap/scss/mixins/_grid.scss 114:29       @content
  node_modules/bootstrap/scss/mixins/_breakpoints.scss 68:5  media-breakpoint-up()
  node_modules/bootstrap/scss/mixins/_grid.scss 72:5         make-grid-columns()
  node_modules/bootstrap/scss/_grid.scss 32:3                @import
  src/scss/custom-bootstrap.scss 20:9                        root stylesheet

When Cypress detects uncaught errors originating from your application it will automatically fail the current test.

This behavior is configurable, and you can choose to turn this off by listening to the `uncaught:exception` event.

https://on.cypress.io/uncaught-exception-from-application" type="Error"><![CDATA[Error: The following error originated from your application code, not from Cypress.

  > Module build failed (from ./node_modules/sass-loader/dist/cjs.js):
SassError: Undefined variable.
    ╷
114 │       @each $key, $value in $gutters {
    │                             ^^^^^^^^
    ╵
  node_modules/bootstrap/scss/mixins/_grid.scss 114:29       @content
  node_modules/bootstrap/scss/mixins/_breakpoints.scss 68:5  media-breakpoint-up()
  node_modules/bootstrap/scss/mixins/_grid.scss 72:5         make-grid-columns()
  node_modules/bootstrap/scss/_grid.scss 32:3                @import
  src/scss/custom-bootstrap.scss 20:9                        root stylesheet

When Cypress detects uncaught errors originating from your application it will automatically fail the current test.

This behavior is configurable, and you can choose to turn this off by listening to the `uncaught:exception` event.

https://on.cypress.io/uncaught-exception-from-application
    at Object../node_modules/css-loader/dist/cjs.js!./node_modules/sass-loader/dist/cjs.js!./src/scss/custom-bootstrap.scss (http://localhost:4000/main.iframe.bundle.js:460:7)
    at __webpack_require__ (http://localhost:4000/runtime~main.iframe.bundle.js:854:30)
    at fn (http://localhost:4000/runtime~main.iframe.bundle.js:151:20)
    at Object../src/scss/custom-bootstrap.scss (http://localhost:4000/main.iframe.bundle.js:82215:27)
    at __webpack_require__ (http://localhost:4000/runtime~main.iframe.bundle.js:854:30)
    at fn (http://localhost:4000/runtime~main.iframe.bundle.js:151:20)
    at Module../.storybook/preview.js (http://localhost:4000/main.iframe.bundle.js:25:89)
    at __webpack_require__ (http://localhost:4000/runtime~main.iframe.bundle.js:854:30)
    at fn (http://localhost:4000/runtime~main.iframe.bundle.js:151:20)
    at Module../.storybook/preview.js-generated-config-entry.js (http://localhost:4000/main.iframe.bundle.js:309:124)]]></failure>
    </testcase>
    <testcase name="Order should not tab to order modal after it is closed" time="0.2610" classname="should not tab to order modal after it is closed">
      <failure message="The following error originated from your application code, not from Cypress.

  &gt; Module build failed (from ./node_modules/sass-loader/dist/cjs.js):
SassError: Undefined variable.
    ╷
114 │       @each $key, $value in $gutters {
    │                             ^^^^^^^^
    ╵
  node_modules/bootstrap/scss/mixins/_grid.scss 114:29       @content
  node_modules/bootstrap/scss/mixins/_breakpoints.scss 68:5  media-breakpoint-up()
  node_modules/bootstrap/scss/mixins/_grid.scss 72:5         make-grid-columns()
  node_modules/bootstrap/scss/_grid.scss 32:3                @import
  src/scss/custom-bootstrap.scss 20:9                        root stylesheet

When Cypress detects uncaught errors originating from your application it will automatically fail the current test.

This behavior is configurable, and you can choose to turn this off by listening to the `uncaught:exception` event.

https://on.cypress.io/uncaught-exception-from-application" type="Error"><![CDATA[Error: The following error originated from your application code, not from Cypress.

  > Module build failed (from ./node_modules/sass-loader/dist/cjs.js):
SassError: Undefined variable.
    ╷
114 │       @each $key, $value in $gutters {
    │                             ^^^^^^^^
    ╵
  node_modules/bootstrap/scss/mixins/_grid.scss 114:29       @content
  node_modules/bootstrap/scss/mixins/_breakpoints.scss 68:5  media-breakpoint-up()
  node_modules/bootstrap/scss/mixins/_grid.scss 72:5         make-grid-columns()
  node_modules/bootstrap/scss/_grid.scss 32:3                @import
  src/scss/custom-bootstrap.scss 20:9                        root stylesheet

When Cypress detects uncaught errors originating from your application it will automatically fail the current test.

This behavior is configurable, and you can choose to turn this off by listening to the `uncaught:exception` event.

https://on.cypress.io/uncaught-exception-from-application
    at Object../node_modules/css-loader/dist/cjs.js!./node_modules/sass-loader/dist/cjs.js!./src/scss/custom-bootstrap.scss (http://localhost:4000/main.iframe.bundle.js:460:7)
    at __webpack_require__ (http://localhost:4000/runtime~main.iframe.bundle.js:854:30)
    at fn (http://localhost:4000/runtime~main.iframe.bundle.js:151:20)
    at Object../src/scss/custom-bootstrap.scss (http://localhost:4000/main.iframe.bundle.js:82215:27)
    at __webpack_require__ (http://localhost:4000/runtime~main.iframe.bundle.js:854:30)
    at fn (http://localhost:4000/runtime~main.iframe.bundle.js:151:20)
    at Module../.storybook/preview.js (http://localhost:4000/main.iframe.bundle.js:25:89)
    at __webpack_require__ (http://localhost:4000/runtime~main.iframe.bundle.js:854:30)
    at fn (http://localhost:4000/runtime~main.iframe.bundle.js:151:20)
    at Module../.storybook/preview.js-generated-config-entry.js (http://localhost:4000/main.iframe.bundle.js:309:124)]]></failure>
    </testcase>
    <testcase name="Order should handle failed checkorder and pickupAllowed=false" time="0.2230" classname="should handle failed checkorder and pickupAllowed=false">
      <failure message="The following error originated from your application code, not from Cypress.

  &gt; Module build failed (from ./node_modules/sass-loader/dist/cjs.js):
SassError: Undefined variable.
    ╷
114 │       @each $key, $value in $gutters {
    │                             ^^^^^^^^
    ╵
  node_modules/bootstrap/scss/mixins/_grid.scss 114:29       @content
  node_modules/bootstrap/scss/mixins/_breakpoints.scss 68:5  media-breakpoint-up()
  node_modules/bootstrap/scss/mixins/_grid.scss 72:5         make-grid-columns()
  node_modules/bootstrap/scss/_grid.scss 32:3                @import
  src/scss/custom-bootstrap.scss 20:9                        root stylesheet

When Cypress detects uncaught errors originating from your application it will automatically fail the current test.

This behavior is configurable, and you can choose to turn this off by listening to the `uncaught:exception` event.

https://on.cypress.io/uncaught-exception-from-application" type="Error"><![CDATA[Error: The following error originated from your application code, not from Cypress.

  > Module build failed (from ./node_modules/sass-loader/dist/cjs.js):
SassError: Undefined variable.
    ╷
114 │       @each $key, $value in $gutters {
    │                             ^^^^^^^^
    ╵
  node_modules/bootstrap/scss/mixins/_grid.scss 114:29       @content
  node_modules/bootstrap/scss/mixins/_breakpoints.scss 68:5  media-breakpoint-up()
  node_modules/bootstrap/scss/mixins/_grid.scss 72:5         make-grid-columns()
  node_modules/bootstrap/scss/_grid.scss 32:3                @import
  src/scss/custom-bootstrap.scss 20:9                        root stylesheet

When Cypress detects uncaught errors originating from your application it will automatically fail the current test.

This behavior is configurable, and you can choose to turn this off by listening to the `uncaught:exception` event.

https://on.cypress.io/uncaught-exception-from-application
    at Object../node_modules/css-loader/dist/cjs.js!./node_modules/sass-loader/dist/cjs.js!./src/scss/custom-bootstrap.scss (http://localhost:4000/main.iframe.bundle.js:460:7)
    at __webpack_require__ (http://localhost:4000/runtime~main.iframe.bundle.js:854:30)
    at fn (http://localhost:4000/runtime~main.iframe.bundle.js:151:20)
    at Object../src/scss/custom-bootstrap.scss (http://localhost:4000/main.iframe.bundle.js:82215:27)
    at __webpack_require__ (http://localhost:4000/runtime~main.iframe.bundle.js:854:30)
    at fn (http://localhost:4000/runtime~main.iframe.bundle.js:151:20)
    at Module../.storybook/preview.js (http://localhost:4000/main.iframe.bundle.js:25:89)
    at __webpack_require__ (http://localhost:4000/runtime~main.iframe.bundle.js:854:30)
    at fn (http://localhost:4000/runtime~main.iframe.bundle.js:151:20)
    at Module../.storybook/preview.js-generated-config-entry.js (http://localhost:4000/main.iframe.bundle.js:309:124)]]></failure>
    </testcase>
  </testsuite>
  <testsuite name="Order periodica article " timestamp="2023-03-07T08:16:17" tests="2" time="0.5930" failures="2">
    <testcase name="Order Order periodica article  should order indexed periodica article through digital article service" time="0.2280" classname="should order indexed periodica article through digital article service">
      <failure message="The following error originated from your application code, not from Cypress.

  &gt; Module build failed (from ./node_modules/sass-loader/dist/cjs.js):
SassError: Undefined variable.
    ╷
114 │       @each $key, $value in $gutters {
    │                             ^^^^^^^^
    ╵
  node_modules/bootstrap/scss/mixins/_grid.scss 114:29       @content
  node_modules/bootstrap/scss/mixins/_breakpoints.scss 68:5  media-breakpoint-up()
  node_modules/bootstrap/scss/mixins/_grid.scss 72:5         make-grid-columns()
  node_modules/bootstrap/scss/_grid.scss 32:3                @import
  src/scss/custom-bootstrap.scss 20:9                        root stylesheet

When Cypress detects uncaught errors originating from your application it will automatically fail the current test.

This behavior is configurable, and you can choose to turn this off by listening to the `uncaught:exception` event.

https://on.cypress.io/uncaught-exception-from-application" type="Error"><![CDATA[Error: The following error originated from your application code, not from Cypress.

  > Module build failed (from ./node_modules/sass-loader/dist/cjs.js):
SassError: Undefined variable.
    ╷
114 │       @each $key, $value in $gutters {
    │                             ^^^^^^^^
    ╵
  node_modules/bootstrap/scss/mixins/_grid.scss 114:29       @content
  node_modules/bootstrap/scss/mixins/_breakpoints.scss 68:5  media-breakpoint-up()
  node_modules/bootstrap/scss/mixins/_grid.scss 72:5         make-grid-columns()
  node_modules/bootstrap/scss/_grid.scss 32:3                @import
  src/scss/custom-bootstrap.scss 20:9                        root stylesheet

When Cypress detects uncaught errors originating from your application it will automatically fail the current test.

This behavior is configurable, and you can choose to turn this off by listening to the `uncaught:exception` event.

https://on.cypress.io/uncaught-exception-from-application
    at Object../node_modules/css-loader/dist/cjs.js!./node_modules/sass-loader/dist/cjs.js!./src/scss/custom-bootstrap.scss (http://localhost:4000/main.iframe.bundle.js:460:7)
    at __webpack_require__ (http://localhost:4000/runtime~main.iframe.bundle.js:854:30)
    at fn (http://localhost:4000/runtime~main.iframe.bundle.js:151:20)
    at Object../src/scss/custom-bootstrap.scss (http://localhost:4000/main.iframe.bundle.js:82215:27)
    at __webpack_require__ (http://localhost:4000/runtime~main.iframe.bundle.js:854:30)
    at fn (http://localhost:4000/runtime~main.iframe.bundle.js:151:20)
    at Module../.storybook/preview.js (http://localhost:4000/main.iframe.bundle.js:25:89)
    at __webpack_require__ (http://localhost:4000/runtime~main.iframe.bundle.js:854:30)
    at fn (http://localhost:4000/runtime~main.iframe.bundle.js:151:20)
    at Module../.storybook/preview.js-generated-config-entry.js (http://localhost:4000/main.iframe.bundle.js:309:124)]]></failure>
    </testcase>
    <testcase name="Order Order periodica article  should order indexed periodica article through ILL (when branch is not subscribed to article service)" time="0.3650" classname="should order indexed periodica article through ILL (when branch is not subscribed to article service)">
      <failure message="The following error originated from your application code, not from Cypress.

  &gt; Module build failed (from ./node_modules/sass-loader/dist/cjs.js):
SassError: Undefined variable.
    ╷
114 │       @each $key, $value in $gutters {
    │                             ^^^^^^^^
    ╵
  node_modules/bootstrap/scss/mixins/_grid.scss 114:29       @content
  node_modules/bootstrap/scss/mixins/_breakpoints.scss 68:5  media-breakpoint-up()
  node_modules/bootstrap/scss/mixins/_grid.scss 72:5         make-grid-columns()
  node_modules/bootstrap/scss/_grid.scss 32:3                @import
  src/scss/custom-bootstrap.scss 20:9                        root stylesheet

When Cypress detects uncaught errors originating from your application it will automatically fail the current test.

This behavior is configurable, and you can choose to turn this off by listening to the `uncaught:exception` event.

https://on.cypress.io/uncaught-exception-from-application" type="Error"><![CDATA[Error: The following error originated from your application code, not from Cypress.

  > Module build failed (from ./node_modules/sass-loader/dist/cjs.js):
SassError: Undefined variable.
    ╷
114 │       @each $key, $value in $gutters {
    │                             ^^^^^^^^
    ╵
  node_modules/bootstrap/scss/mixins/_grid.scss 114:29       @content
  node_modules/bootstrap/scss/mixins/_breakpoints.scss 68:5  media-breakpoint-up()
  node_modules/bootstrap/scss/mixins/_grid.scss 72:5         make-grid-columns()
  node_modules/bootstrap/scss/_grid.scss 32:3                @import
  src/scss/custom-bootstrap.scss 20:9                        root stylesheet

When Cypress detects uncaught errors originating from your application it will automatically fail the current test.

This behavior is configurable, and you can choose to turn this off by listening to the `uncaught:exception` event.

https://on.cypress.io/uncaught-exception-from-application
    at Object../node_modules/css-loader/dist/cjs.js!./node_modules/sass-loader/dist/cjs.js!./src/scss/custom-bootstrap.scss (http://localhost:4000/main.iframe.bundle.js:460:7)
    at __webpack_require__ (http://localhost:4000/runtime~main.iframe.bundle.js:854:30)
    at fn (http://localhost:4000/runtime~main.iframe.bundle.js:151:20)
    at Object../src/scss/custom-bootstrap.scss (http://localhost:4000/main.iframe.bundle.js:82215:27)
    at __webpack_require__ (http://localhost:4000/runtime~main.iframe.bundle.js:854:30)
    at fn (http://localhost:4000/runtime~main.iframe.bundle.js:151:20)
    at Module../.storybook/preview.js (http://localhost:4000/main.iframe.bundle.js:25:89)
    at __webpack_require__ (http://localhost:4000/runtime~main.iframe.bundle.js:854:30)
    at fn (http://localhost:4000/runtime~main.iframe.bundle.js:151:20)
    at Module../.storybook/preview.js-generated-config-entry.js (http://localhost:4000/main.iframe.bundle.js:309:124)]]></failure>
    </testcase>
  </testsuite>
  <testsuite name="Order periodica volume" timestamp="2023-03-07T08:16:19" tests="3" time="0.7710" failures="3">
    <testcase name="Order Order periodica volume should order full periodica volume through ILL, never through digital article service" time="0.2430" classname="should order full periodica volume through ILL, never through digital article service">
      <failure message="The following error originated from your application code, not from Cypress.

  &gt; Module build failed (from ./node_modules/sass-loader/dist/cjs.js):
SassError: Undefined variable.
    ╷
114 │       @each $key, $value in $gutters {
    │                             ^^^^^^^^
    ╵
  node_modules/bootstrap/scss/mixins/_grid.scss 114:29       @content
  node_modules/bootstrap/scss/mixins/_breakpoints.scss 68:5  media-breakpoint-up()
  node_modules/bootstrap/scss/mixins/_grid.scss 72:5         make-grid-columns()
  node_modules/bootstrap/scss/_grid.scss 32:3                @import
  src/scss/custom-bootstrap.scss 20:9                        root stylesheet

When Cypress detects uncaught errors originating from your application it will automatically fail the current test.

This behavior is configurable, and you can choose to turn this off by listening to the `uncaught:exception` event.

https://on.cypress.io/uncaught-exception-from-application" type="Error"><![CDATA[Error: The following error originated from your application code, not from Cypress.

  > Module build failed (from ./node_modules/sass-loader/dist/cjs.js):
SassError: Undefined variable.
    ╷
114 │       @each $key, $value in $gutters {
    │                             ^^^^^^^^
    ╵
  node_modules/bootstrap/scss/mixins/_grid.scss 114:29       @content
  node_modules/bootstrap/scss/mixins/_breakpoints.scss 68:5  media-breakpoint-up()
  node_modules/bootstrap/scss/mixins/_grid.scss 72:5         make-grid-columns()
  node_modules/bootstrap/scss/_grid.scss 32:3                @import
  src/scss/custom-bootstrap.scss 20:9                        root stylesheet

When Cypress detects uncaught errors originating from your application it will automatically fail the current test.

This behavior is configurable, and you can choose to turn this off by listening to the `uncaught:exception` event.

https://on.cypress.io/uncaught-exception-from-application
    at Object../node_modules/css-loader/dist/cjs.js!./node_modules/sass-loader/dist/cjs.js!./src/scss/custom-bootstrap.scss (http://localhost:4000/main.iframe.bundle.js:460:7)
    at __webpack_require__ (http://localhost:4000/runtime~main.iframe.bundle.js:854:30)
    at fn (http://localhost:4000/runtime~main.iframe.bundle.js:151:20)
    at Object../src/scss/custom-bootstrap.scss (http://localhost:4000/main.iframe.bundle.js:82215:27)
    at __webpack_require__ (http://localhost:4000/runtime~main.iframe.bundle.js:854:30)
    at fn (http://localhost:4000/runtime~main.iframe.bundle.js:151:20)
    at Module../.storybook/preview.js (http://localhost:4000/main.iframe.bundle.js:25:89)
    at __webpack_require__ (http://localhost:4000/runtime~main.iframe.bundle.js:854:30)
    at fn (http://localhost:4000/runtime~main.iframe.bundle.js:151:20)
    at Module../.storybook/preview.js-generated-config-entry.js (http://localhost:4000/main.iframe.bundle.js:309:124)]]></failure>
    </testcase>
    <testcase name="Order Order periodica volume should order specific article from a periodica volume through digital article service" time="0.2520" classname="should order specific article from a periodica volume through digital article service">
      <failure message="The following error originated from your application code, not from Cypress.

  &gt; Module build failed (from ./node_modules/sass-loader/dist/cjs.js):
SassError: Undefined variable.
    ╷
114 │       @each $key, $value in $gutters {
    │                             ^^^^^^^^
    ╵
  node_modules/bootstrap/scss/mixins/_grid.scss 114:29       @content
  node_modules/bootstrap/scss/mixins/_breakpoints.scss 68:5  media-breakpoint-up()
  node_modules/bootstrap/scss/mixins/_grid.scss 72:5         make-grid-columns()
  node_modules/bootstrap/scss/_grid.scss 32:3                @import
  src/scss/custom-bootstrap.scss 20:9                        root stylesheet

When Cypress detects uncaught errors originating from your application it will automatically fail the current test.

This behavior is configurable, and you can choose to turn this off by listening to the `uncaught:exception` event.

https://on.cypress.io/uncaught-exception-from-application" type="Error"><![CDATA[Error: The following error originated from your application code, not from Cypress.

  > Module build failed (from ./node_modules/sass-loader/dist/cjs.js):
SassError: Undefined variable.
    ╷
114 │       @each $key, $value in $gutters {
    │                             ^^^^^^^^
    ╵
  node_modules/bootstrap/scss/mixins/_grid.scss 114:29       @content
  node_modules/bootstrap/scss/mixins/_breakpoints.scss 68:5  media-breakpoint-up()
  node_modules/bootstrap/scss/mixins/_grid.scss 72:5         make-grid-columns()
  node_modules/bootstrap/scss/_grid.scss 32:3                @import
  src/scss/custom-bootstrap.scss 20:9                        root stylesheet

When Cypress detects uncaught errors originating from your application it will automatically fail the current test.

This behavior is configurable, and you can choose to turn this off by listening to the `uncaught:exception` event.

https://on.cypress.io/uncaught-exception-from-application
    at Object../node_modules/css-loader/dist/cjs.js!./node_modules/sass-loader/dist/cjs.js!./src/scss/custom-bootstrap.scss (http://localhost:4000/main.iframe.bundle.js:460:7)
    at __webpack_require__ (http://localhost:4000/runtime~main.iframe.bundle.js:854:30)
    at fn (http://localhost:4000/runtime~main.iframe.bundle.js:151:20)
    at Object../src/scss/custom-bootstrap.scss (http://localhost:4000/main.iframe.bundle.js:82215:27)
    at __webpack_require__ (http://localhost:4000/runtime~main.iframe.bundle.js:854:30)
    at fn (http://localhost:4000/runtime~main.iframe.bundle.js:151:20)
    at Module../.storybook/preview.js (http://localhost:4000/main.iframe.bundle.js:25:89)
    at __webpack_require__ (http://localhost:4000/runtime~main.iframe.bundle.js:854:30)
    at fn (http://localhost:4000/runtime~main.iframe.bundle.js:151:20)
    at Module../.storybook/preview.js-generated-config-entry.js (http://localhost:4000/main.iframe.bundle.js:309:124)]]></failure>
    </testcase>
    <testcase name="Order Order periodica volume should order specific article from a periodica volume through ILL (when branch is not subscribed to article service)" time="0.2760" classname="should order specific article from a periodica volume through ILL (when branch is not subscribed to article service)">
      <failure message="The following error originated from your application code, not from Cypress.

  &gt; Module build failed (from ./node_modules/sass-loader/dist/cjs.js):
SassError: Undefined variable.
    ╷
114 │       @each $key, $value in $gutters {
    │                             ^^^^^^^^
    ╵
  node_modules/bootstrap/scss/mixins/_grid.scss 114:29       @content
  node_modules/bootstrap/scss/mixins/_breakpoints.scss 68:5  media-breakpoint-up()
  node_modules/bootstrap/scss/mixins/_grid.scss 72:5         make-grid-columns()
  node_modules/bootstrap/scss/_grid.scss 32:3                @import
  src/scss/custom-bootstrap.scss 20:9                        root stylesheet

When Cypress detects uncaught errors originating from your application it will automatically fail the current test.

This behavior is configurable, and you can choose to turn this off by listening to the `uncaught:exception` event.

https://on.cypress.io/uncaught-exception-from-application" type="Error"><![CDATA[Error: The following error originated from your application code, not from Cypress.

  > Module build failed (from ./node_modules/sass-loader/dist/cjs.js):
SassError: Undefined variable.
    ╷
114 │       @each $key, $value in $gutters {
    │                             ^^^^^^^^
    ╵
  node_modules/bootstrap/scss/mixins/_grid.scss 114:29       @content
  node_modules/bootstrap/scss/mixins/_breakpoints.scss 68:5  media-breakpoint-up()
  node_modules/bootstrap/scss/mixins/_grid.scss 72:5         make-grid-columns()
  node_modules/bootstrap/scss/_grid.scss 32:3                @import
  src/scss/custom-bootstrap.scss 20:9                        root stylesheet

When Cypress detects uncaught errors originating from your application it will automatically fail the current test.

This behavior is configurable, and you can choose to turn this off by listening to the `uncaught:exception` event.

https://on.cypress.io/uncaught-exception-from-application
    at Object../node_modules/css-loader/dist/cjs.js!./node_modules/sass-loader/dist/cjs.js!./src/scss/custom-bootstrap.scss (http://localhost:4000/main.iframe.bundle.js:460:7)
    at __webpack_require__ (http://localhost:4000/runtime~main.iframe.bundle.js:854:30)
    at fn (http://localhost:4000/runtime~main.iframe.bundle.js:151:20)
    at Object../src/scss/custom-bootstrap.scss (http://localhost:4000/main.iframe.bundle.js:82215:27)
    at __webpack_require__ (http://localhost:4000/runtime~main.iframe.bundle.js:854:30)
    at fn (http://localhost:4000/runtime~main.iframe.bundle.js:151:20)
    at Module../.storybook/preview.js (http://localhost:4000/main.iframe.bundle.js:25:89)
    at __webpack_require__ (http://localhost:4000/runtime~main.iframe.bundle.js:854:30)
    at fn (http://localhost:4000/runtime~main.iframe.bundle.js:151:20)
    at Module../.storybook/preview.js-generated-config-entry.js (http://localhost:4000/main.iframe.bundle.js:309:124)]]></failure>
    </testcase>
  </testsuite>
  <testsuite name="Not blocked or Blocked user" timestamp="2023-03-07T08:16:22" tests="3" time="0.7660" failures="3">
    <testcase name="Order Not blocked or Blocked user should not block users from loaning if they are not blocked" time="0.2710" classname="should not block users from loaning if they are not blocked">
      <failure message="The following error originated from your application code, not from Cypress.

  &gt; Module build failed (from ./node_modules/sass-loader/dist/cjs.js):
SassError: Undefined variable.
    ╷
114 │       @each $key, $value in $gutters {
    │                             ^^^^^^^^
    ╵
  node_modules/bootstrap/scss/mixins/_grid.scss 114:29       @content
  node_modules/bootstrap/scss/mixins/_breakpoints.scss 68:5  media-breakpoint-up()
  node_modules/bootstrap/scss/mixins/_grid.scss 72:5         make-grid-columns()
  node_modules/bootstrap/scss/_grid.scss 32:3                @import
  src/scss/custom-bootstrap.scss 20:9                        root stylesheet

When Cypress detects uncaught errors originating from your application it will automatically fail the current test.

This behavior is configurable, and you can choose to turn this off by listening to the `uncaught:exception` event.

https://on.cypress.io/uncaught-exception-from-application" type="Error"><![CDATA[Error: The following error originated from your application code, not from Cypress.

  > Module build failed (from ./node_modules/sass-loader/dist/cjs.js):
SassError: Undefined variable.
    ╷
114 │       @each $key, $value in $gutters {
    │                             ^^^^^^^^
    ╵
  node_modules/bootstrap/scss/mixins/_grid.scss 114:29       @content
  node_modules/bootstrap/scss/mixins/_breakpoints.scss 68:5  media-breakpoint-up()
  node_modules/bootstrap/scss/mixins/_grid.scss 72:5         make-grid-columns()
  node_modules/bootstrap/scss/_grid.scss 32:3                @import
  src/scss/custom-bootstrap.scss 20:9                        root stylesheet

When Cypress detects uncaught errors originating from your application it will automatically fail the current test.

This behavior is configurable, and you can choose to turn this off by listening to the `uncaught:exception` event.

https://on.cypress.io/uncaught-exception-from-application
    at Object../node_modules/css-loader/dist/cjs.js!./node_modules/sass-loader/dist/cjs.js!./src/scss/custom-bootstrap.scss (http://localhost:4000/main.iframe.bundle.js:460:7)
    at __webpack_require__ (http://localhost:4000/runtime~main.iframe.bundle.js:854:30)
    at fn (http://localhost:4000/runtime~main.iframe.bundle.js:151:20)
    at Object../src/scss/custom-bootstrap.scss (http://localhost:4000/main.iframe.bundle.js:82215:27)
    at __webpack_require__ (http://localhost:4000/runtime~main.iframe.bundle.js:854:30)
    at fn (http://localhost:4000/runtime~main.iframe.bundle.js:151:20)
    at Module../.storybook/preview.js (http://localhost:4000/main.iframe.bundle.js:25:89)
    at __webpack_require__ (http://localhost:4000/runtime~main.iframe.bundle.js:854:30)
    at fn (http://localhost:4000/runtime~main.iframe.bundle.js:151:20)
    at Module../.storybook/preview.js-generated-config-entry.js (http://localhost:4000/main.iframe.bundle.js:309:124)]]></failure>
    </testcase>
    <testcase name="Order Not blocked or Blocked user should block users from loaning if they are blocked" time="0.2490" classname="should block users from loaning if they are blocked">
      <failure message="The following error originated from your application code, not from Cypress.

  &gt; Module build failed (from ./node_modules/sass-loader/dist/cjs.js):
SassError: Undefined variable.
    ╷
114 │       @each $key, $value in $gutters {
    │                             ^^^^^^^^
    ╵
  node_modules/bootstrap/scss/mixins/_grid.scss 114:29       @content
  node_modules/bootstrap/scss/mixins/_breakpoints.scss 68:5  media-breakpoint-up()
  node_modules/bootstrap/scss/mixins/_grid.scss 72:5         make-grid-columns()
  node_modules/bootstrap/scss/_grid.scss 32:3                @import
  src/scss/custom-bootstrap.scss 20:9                        root stylesheet

When Cypress detects uncaught errors originating from your application it will automatically fail the current test.

This behavior is configurable, and you can choose to turn this off by listening to the `uncaught:exception` event.

https://on.cypress.io/uncaught-exception-from-application" type="Error"><![CDATA[Error: The following error originated from your application code, not from Cypress.

  > Module build failed (from ./node_modules/sass-loader/dist/cjs.js):
SassError: Undefined variable.
    ╷
114 │       @each $key, $value in $gutters {
    │                             ^^^^^^^^
    ╵
  node_modules/bootstrap/scss/mixins/_grid.scss 114:29       @content
  node_modules/bootstrap/scss/mixins/_breakpoints.scss 68:5  media-breakpoint-up()
  node_modules/bootstrap/scss/mixins/_grid.scss 72:5         make-grid-columns()
  node_modules/bootstrap/scss/_grid.scss 32:3                @import
  src/scss/custom-bootstrap.scss 20:9                        root stylesheet

When Cypress detects uncaught errors originating from your application it will automatically fail the current test.

This behavior is configurable, and you can choose to turn this off by listening to the `uncaught:exception` event.

https://on.cypress.io/uncaught-exception-from-application
    at Object../node_modules/css-loader/dist/cjs.js!./node_modules/sass-loader/dist/cjs.js!./src/scss/custom-bootstrap.scss (http://localhost:4000/main.iframe.bundle.js:460:7)
    at __webpack_require__ (http://localhost:4000/runtime~main.iframe.bundle.js:854:30)
    at fn (http://localhost:4000/runtime~main.iframe.bundle.js:151:20)
    at Object../src/scss/custom-bootstrap.scss (http://localhost:4000/main.iframe.bundle.js:82215:27)
    at __webpack_require__ (http://localhost:4000/runtime~main.iframe.bundle.js:854:30)
    at fn (http://localhost:4000/runtime~main.iframe.bundle.js:151:20)
    at Module../.storybook/preview.js (http://localhost:4000/main.iframe.bundle.js:25:89)
    at __webpack_require__ (http://localhost:4000/runtime~main.iframe.bundle.js:854:30)
    at fn (http://localhost:4000/runtime~main.iframe.bundle.js:151:20)
    at Module../.storybook/preview.js-generated-config-entry.js (http://localhost:4000/main.iframe.bundle.js:309:124)]]></failure>
    </testcase>
    <testcase name="Order Not blocked or Blocked user should disable link if not present" time="0.2460" classname="should disable link if not present">
      <failure message="The following error originated from your application code, not from Cypress.

  &gt; Module build failed (from ./node_modules/sass-loader/dist/cjs.js):
SassError: Undefined variable.
    ╷
114 │       @each $key, $value in $gutters {
    │                             ^^^^^^^^
    ╵
  node_modules/bootstrap/scss/mixins/_grid.scss 114:29       @content
  node_modules/bootstrap/scss/mixins/_breakpoints.scss 68:5  media-breakpoint-up()
  node_modules/bootstrap/scss/mixins/_grid.scss 72:5         make-grid-columns()
  node_modules/bootstrap/scss/_grid.scss 32:3                @import
  src/scss/custom-bootstrap.scss 20:9                        root stylesheet

When Cypress detects uncaught errors originating from your application it will automatically fail the current test.

This behavior is configurable, and you can choose to turn this off by listening to the `uncaught:exception` event.

https://on.cypress.io/uncaught-exception-from-application" type="Error"><![CDATA[Error: The following error originated from your application code, not from Cypress.

  > Module build failed (from ./node_modules/sass-loader/dist/cjs.js):
SassError: Undefined variable.
    ╷
114 │       @each $key, $value in $gutters {
    │                             ^^^^^^^^
    ╵
  node_modules/bootstrap/scss/mixins/_grid.scss 114:29       @content
  node_modules/bootstrap/scss/mixins/_breakpoints.scss 68:5  media-breakpoint-up()
  node_modules/bootstrap/scss/mixins/_grid.scss 72:5         make-grid-columns()
  node_modules/bootstrap/scss/_grid.scss 32:3                @import
  src/scss/custom-bootstrap.scss 20:9                        root stylesheet

When Cypress detects uncaught errors originating from your application it will automatically fail the current test.

This behavior is configurable, and you can choose to turn this off by listening to the `uncaught:exception` event.

https://on.cypress.io/uncaught-exception-from-application
    at Object../node_modules/css-loader/dist/cjs.js!./node_modules/sass-loader/dist/cjs.js!./src/scss/custom-bootstrap.scss (http://localhost:4000/main.iframe.bundle.js:460:7)
    at __webpack_require__ (http://localhost:4000/runtime~main.iframe.bundle.js:854:30)
    at fn (http://localhost:4000/runtime~main.iframe.bundle.js:151:20)
    at Object../src/scss/custom-bootstrap.scss (http://localhost:4000/main.iframe.bundle.js:82215:27)
    at __webpack_require__ (http://localhost:4000/runtime~main.iframe.bundle.js:854:30)
    at fn (http://localhost:4000/runtime~main.iframe.bundle.js:151:20)
    at Module../.storybook/preview.js (http://localhost:4000/main.iframe.bundle.js:25:89)
    at __webpack_require__ (http://localhost:4000/runtime~main.iframe.bundle.js:854:30)
    at fn (http://localhost:4000/runtime~main.iframe.bundle.js:151:20)
    at Module../.storybook/preview.js-generated-config-entry.js (http://localhost:4000/main.iframe.bundle.js:309:124)]]></failure>
    </testcase>
  </testsuite>
</testsuites>