<?xml version="1.0" encoding="UTF-8"?>
<testsuites name="Mocha Tests" time="6.8450" tests="2" failures="0">
  <testsuite name="Root Suite" timestamp="2023-01-26T13:10:04" tests="0" file="cypress/e2e/searchFeedBack.cy.js" time="0.0000" failures="0">
  </testsuite>
  <testsuite name="searchfeedback" timestamp="2023-01-26T13:10:04" tests="2" time="6.8450" failures="0">
    <testcase name="searchfeedback thumbsup click" time="6.1820" classname="thumbsup click">
    </testcase>
    <testcase name="searchfeedback thumbsdown click" time="0.6630" classname="thumbsdown click">
    </testcase>
  </testsuite>
</testsuites>