<?xml version="1.0" encoding="UTF-8"?>
<testsuites name="Mocha Tests" time="1.2380" tests="2" failures="0">
  <testsuite name="Root Suite" timestamp="2022-11-21T08:40:39" tests="0" file="cypress/integration/old/banner.spec.js" time="0.0000" failures="0">
  </testsuite>
  <testsuite name="TopBanner" timestamp="2022-11-21T08:40:39" tests="2" time="1.2380" failures="0">
    <testcase name="TopBanner View in BIG viewport" time="1.2180" classname="View in BIG viewport">
    </testcase>
    <testcase name="TopBanner View in SMALL viewport" time="0.0200" classname="View in SMALL viewport">
    </testcase>
  </testsuite>
</testsuites>