<?xml version="1.0" encoding="UTF-8"?>
<testsuites name="Mocha Tests" time="9.0370" tests="3" failures="0">
  <testsuite name="Root Suite" timestamp="2023-02-07T12:32:54" tests="0" file="cypress/e2e/old/cookiebox.cy.js" time="0.0000" failures="0">
  </testsuite>
  <testsuite name="CookieBox" timestamp="2023-02-07T12:32:54" tests="3" time="9.0370" failures="0">
    <testcase name="CookieBox can accept cookies" time="3.1760" classname="can accept cookies">
    </testcase>
    <testcase name="CookieBox can deny cookies" time="2.8280" classname="can deny cookies">
    </testcase>
    <testcase name="CookieBox can show cookie policy article" time="3.0330" classname="can show cookie policy article">
    </testcase>
  </testsuite>
</testsuites>