<?xml version="1.0" encoding="UTF-8"?>
<testsuites name="Mocha Tests" time="1.2120" tests="3" failures="0">
  <testsuite name="Root Suite" timestamp="2023-02-07T14:01:53" tests="0" file="cypress/e2e/old/keywords.cy.js" time="0.0000" failures="0">
  </testsuite>
  <testsuite name="Keywords" timestamp="2023-02-07T14:01:53" tests="3" time="1.2120" failures="0">
    <testcase name="Keywords Keywords gets filtered" time="0.8820" classname="Keywords gets filtered">
    </testcase>
    <testcase name="Keywords Can tab through keywords" time="0.3140" classname="Can tab through keywords">
    </testcase>
    <testcase name="Keywords Can visit keywords" time="0.0160" classname="Can visit keywords">
    </testcase>
  </testsuite>
</testsuites>