<?xml version="1.0" encoding="UTF-8"?>
<testsuites name="Mocha Tests" time="6.8790" tests="2" failures="0">
  <testsuite name="Root Suite" timestamp="2023-03-07T14:50:07" tests="0" file="cypress/e2e/searchFeedBack.cy.js" time="0.0000" failures="0">
  </testsuite>
  <testsuite name="searchfeedback" timestamp="2023-03-07T14:50:07" tests="2" time="6.8790" failures="0">
    <testcase name="searchfeedback thumbsup click" time="6.2390" classname="thumbsup click">
    </testcase>
    <testcase name="searchfeedback thumbsdown click" time="0.6400" classname="thumbsdown click">
    </testcase>
  </testsuite>
</testsuites>