<?xml version="1.0" encoding="UTF-8"?>
<testsuites name="Mocha Tests" time="6.9720" tests="2" failures="0">
  <testsuite name="Root Suite" timestamp="2022-11-21T13:38:05" tests="0" file="cypress/integration/searchFeedBack.spec.js" time="0.0000" failures="0">
  </testsuite>
  <testsuite name="searchfeedback" timestamp="2022-11-21T13:38:05" tests="2" time="6.9720" failures="0">
    <testcase name="searchfeedback thumbsup click" time="6.3930" classname="thumbsup click">
    </testcase>
    <testcase name="searchfeedback thumbsdown click" time="0.5790" classname="thumbsdown click">
    </testcase>
  </testsuite>
</testsuites>