<?xml version="1.0" encoding="UTF-8"?>
<testsuites name="Mocha Tests" time="1.7610" tests="3" failures="0">
  <testsuite name="Root Suite" timestamp="2022-11-21T14:08:03" tests="0" file="cypress/integration/old/keywords.spec.js" time="0.0000" failures="0">
  </testsuite>
  <testsuite name="Keywords" timestamp="2022-11-21T14:08:03" tests="3" time="1.7610" failures="0">
    <testcase name="Keywords Keywords gets filtered" time="1.4170" classname="Keywords gets filtered">
    </testcase>
    <testcase name="Keywords Can tab through keywords" time="0.3260" classname="Can tab through keywords">
    </testcase>
    <testcase name="Keywords Can visit keywords" time="0.0180" classname="Can visit keywords">
    </testcase>
  </testsuite>
</testsuites>