<?xml version="1.0" encoding="UTF-8"?>
<testsuites name="Mocha Tests" time="5.1790" tests="6" failures="0">
  <testsuite name="Root Suite" timestamp="2022-11-21T14:16:56" tests="0" file="cypress/integration/old/help.spec.js" time="0.0000" failures="0">
  </testsuite>
  <testsuite name="help" timestamp="2022-11-21T14:16:56" tests="5" time="4.9900" failures="0">
    <testcase name="help Search: should show empty response message" time="1.0820" classname="Search: should show empty response message">
    </testcase>
    <testcase name="help Search: should show two results" time="0.2960" classname="Search: should show two results">
    </testcase>
    <testcase name="help Search: menu is visible on desktop" time="0.3300" classname="Search: menu is visible on desktop">
    </testcase>
    <testcase name="help Search: menu is hidden on mobile" time="0.3620" classname="Search: menu is hidden on mobile">
    </testcase>
    <testcase name="help Search: filter by language" time="2.9200" classname="Search: filter by language">
    </testcase>
  </testsuite>
  <testsuite name="help menu" timestamp="2022-11-21T14:17:03" tests="1" time="0.1890" failures="0">
    <testcase name="help menu Help menu - tab &amp; click" time="0.1890" classname="Help menu - tab &amp; click">
    </testcase>
  </testsuite>
</testsuites>