<?xml version="1.0" encoding="UTF-8"?>
<testsuites name="Mocha Tests" time="2.8150" tests="5" failures="0">
  <testsuite name="Root Suite" timestamp="2023-03-29T12:29:08" tests="0" file="cypress/e2e/edition.cy.js" time="0.0000" failures="0">
  </testsuite>
  <testsuite name="Edition" timestamp="2023-03-29T12:29:08" tests="5" time="2.8150" failures="0">
    <testcase name="Edition Single Edition with year, publisher, ordertext" time="1.0550" classname="Single Edition with year, publisher, ordertext">
    </testcase>
    <testcase name="Edition Single Edition with year, publisher, no ordertext" time="0.4840" classname="Single Edition with year, publisher, no ordertext">
    </testcase>
    <testcase name="Edition Any Edition with no year, publisher, with ordertext" time="0.1550" classname="Any Edition with no year, publisher, with ordertext">
    </testcase>
    <testcase name="Edition Any Edition no year, publisher, ordertext" time="0.1620" classname="Any Edition no year, publisher, ordertext">
    </testcase>
    <testcase name="Edition Any Edition no year, publisher, with ordertext, Digital copy" time="0.9590" classname="Any Edition no year, publisher, with ordertext, Digital copy">
    </testcase>
  </testsuite>
</testsuites>