<?xml version="1.0" encoding="UTF-8"?>
<testsuites name="Mocha Tests" time="3.6400" tests="2" failures="0">
  <testsuite name="Root Suite" timestamp="2022-11-21T14:17:11" tests="0" file="cypress/integration/old/login.spec.js" time="0.0000" failures="0">
  </testsuite>
  <testsuite name="Login" timestamp="2022-11-21T14:17:11" tests="2" time="3.6400" failures="0">
    <testcase name="Login should send bearer token to API" time="1.6960" classname="should send bearer token to API">
    </testcase>
    <testcase name="Login should set user pickupagency from url parameter" time="1.9440" classname="should set user pickupagency from url parameter">
    </testcase>
  </testsuite>
</testsuites>