<?xml version="1.0" encoding="UTF-8"?>
<testsuites name="Mocha Tests" time="8.5880" tests="6" failures="0">
  <testsuite name="Root Suite" timestamp="2022-11-21T13:34:58" tests="0" file="cypress/integration/old/help.spec.js" time="0.0000" failures="0">
  </testsuite>
  <testsuite name="help" timestamp="2022-11-21T13:34:58" tests="5" time="8.3710" failures="0">
    <testcase name="help Search: should show empty response message" time="1.8270" classname="Search: should show empty response message">
    </testcase>
    <testcase name="help Search: should show two results" time="0.4800" classname="Search: should show two results">
    </testcase>
    <testcase name="help Search: menu is visible on desktop" time="0.5000" classname="Search: menu is visible on desktop">
    </testcase>
    <testcase name="help Search: menu is hidden on mobile" time="0.4940" classname="Search: menu is hidden on mobile">
    </testcase>
    <testcase name="help Search: filter by language" time="5.0700" classname="Search: filter by language">
    </testcase>
  </testsuite>
  <testsuite name="help menu" timestamp="2022-11-21T13:35:09" tests="1" time="0.2170" failures="0">
    <testcase name="help menu Help menu - tab &amp; click" time="0.2170" classname="Help menu - tab &amp; click">
    </testcase>
  </testsuite>
</testsuites>