<?xml version="1.0" encoding="UTF-8"?>
<testsuites name="Mocha Tests" time="2.5090" tests="2" failures="0">
  <testsuite name="Root Suite" timestamp="2023-03-29T12:31:49" tests="0" file="cypress/e2e/old/details.cy.js" time="0.0000" failures="0">
  </testsuite>
  <testsuite name="Details-Movie" timestamp="2023-03-29T12:31:49" tests="1" time="1.4540" failures="0">
    <testcase name="Details-Movie Elements in details present" time="1.4540" classname="Elements in details present">
    </testcase>
  </testsuite>
  <testsuite name="Details" timestamp="2023-03-29T12:31:51" tests="1" time="1.0550" failures="0">
    <testcase name="Details Elements in details present" time="1.0550" classname="Elements in details present">
    </testcase>
  </testsuite>
</testsuites>