<?xml version="1.0" encoding="UTF-8"?>
<testsuites name="Mocha Tests" time="0.0000" tests="1" failures="0" skipped="1">
  <testsuite name="Root Suite" timestamp="2023-01-26T08:55:54" tests="0" file="cypress/e2e/inspiration.cy.js" time="0.0000" failures="0">
  </testsuite>
  <testsuite name="Inspiration" timestamp="2023-01-26T08:55:54" tests="0" time="0.0000" failures="0">
  </testsuite>
  <testsuite name="Slider" timestamp="2023-01-26T08:55:54" tests="1" time="0.0000" failures="0">
  </testsuite>
</testsuites>