<?xml version="1.0" encoding="UTF-8"?>
<testsuites name="Mocha Tests" time="3.0810" tests="5" failures="0">
  <testsuite name="Root Suite" timestamp="2023-03-07T08:19:41" tests="0" file="cypress/e2e/edition.cy.js" time="0.0000" failures="0">
  </testsuite>
  <testsuite name="Edition" timestamp="2023-03-07T08:19:41" tests="5" time="3.0810" failures="0">
    <testcase name="Edition Single Edition with year, publisher, ordertext" time="1.3230" classname="Single Edition with year, publisher, ordertext">
    </testcase>
    <testcase name="Edition Single Edition with year, publisher, no ordertext" time="0.4610" classname="Single Edition with year, publisher, no ordertext">
    </testcase>
    <testcase name="Edition Any Edition with no year, publisher, with ordertext" time="0.1850" classname="Any Edition with no year, publisher, with ordertext">
    </testcase>
    <testcase name="Edition Any Edition no year, publisher, ordertext" time="0.1860" classname="Any Edition no year, publisher, ordertext">
    </testcase>
    <testcase name="Edition Any Edition no year, publisher, with ordertext, Digital copy" time="0.9260" classname="Any Edition no year, publisher, with ordertext, Digital copy">
    </testcase>
  </testsuite>
</testsuites>