<?xml version="1.0" encoding="UTF-8"?>
<testsuites name="Mocha Tests" time="1.2460" tests="4" failures="0">
  <testsuite name="Root Suite" timestamp="2023-03-29T12:31:10" tests="0" file="cypress/e2e/titlerenderer.cy.js" time="0.0000" failures="0">
  </testsuite>
  <testsuite name="TitleRenderer" timestamp="2023-03-29T12:31:10" tests="4" time="1.2460" failures="0">
    <testcase name="TitleRenderer TitleRenderer multiple languages should have &apos;flere sprog&apos; or &apos;multiple languages&apos;" time="0.6440" classname="TitleRenderer multiple languages should have &apos;flere sprog&apos; or &apos;multiple languages&apos;">
    </testcase>
    <testcase name="TitleRenderer TitleRenderer only danish should have no language" time="0.2050" classname="TitleRenderer only danish should have no language">
    </testcase>
    <testcase name="TitleRenderer TitleRenderer 1 non danish should have 1 language" time="0.2120" classname="TitleRenderer 1 non danish should have 1 language">
    </testcase>
    <testcase name="TitleRenderer TitleRenderer not literature should not have language" time="0.1850" classname="TitleRenderer not literature should not have language">
    </testcase>
  </testsuite>
</testsuites>