<?xml version="1.0" encoding="UTF-8"?>
<testsuites name="Mocha Tests" time="0.7930" tests="1" failures="0">
  <testsuite name="Root Suite" timestamp="2022-11-21T08:25:47" tests="0" file="cypress/integration/old/loanerform.spec.js" time="0.0000" failures="0">
  </testsuite>
  <testsuite name="LoanerForm" timestamp="2022-11-21T08:25:47" tests="1" time="0.7930" failures="0">
    <testcase name="LoanerForm Digital copy" time="0.7930" classname="Digital copy">
    </testcase>
  </testsuite>
</testsuites>