<?xml version="1.0" encoding="UTF-8"?>
<testsuites name="Mocha Tests" time="1.2760" tests="1" failures="0">
  <testsuite name="Root Suite" timestamp="2022-11-21T08:25:00" tests="0" file="cypress/integration/old/description.spec.js" time="0.0000" failures="0">
  </testsuite>
  <testsuite name="Description" timestamp="2022-11-21T08:25:00" tests="1" time="1.2760" failures="0">
    <testcase name="Description Elements in details present" time="1.2760" classname="Elements in details present">
    </testcase>
  </testsuite>
</testsuites>