<?xml version="1.0" encoding="UTF-8"?>
<testsuites name="Mocha Tests" time="7.7310" tests="15" failures="0" skipped="4">
  <testsuite name="Root Suite" timestamp="2023-02-07T13:50:29" tests="0" file="cypress/e2e/old/overview.cy.js" time="0.0000" failures="0">
  </testsuite>
  <testsuite name="Overview" timestamp="2023-02-07T13:50:29" tests="0" time="0.0000" failures="0">
  </testsuite>
  <testsuite name="Overview parent" timestamp="2023-02-07T13:50:29" tests="8" time="5.6530" failures="0">
    <testcase name="Overview Overview parent Can tab through to different elements" time="2.3480" classname="Can tab through to different elements">
    </testcase>
    <testcase name="Overview Overview parent Can click on bookmark button" time="0.6460" classname="Can click on bookmark button">
    </testcase>
    <testcase name="Overview Overview parent Can click on button tag" time="0.9850" classname="Can click on button tag">
    </testcase>
    <testcase name="Overview Overview parent Can default its first materialType: " time="1.6740" classname="Can default its first materialType: ">
    </testcase>
  </testsuite>
  <testsuite name="LocalizationsLink" timestamp="2023-02-07T13:50:35" tests="4" time="1.2430" failures="0">
    <testcase name="Overview LocalizationsLink Preferred online" time="0.1500" classname="Preferred online">
    </testcase>
    <testcase name="Overview LocalizationsLink Not available for loan at any library" time="0.3450" classname="Not available for loan at any library">
    </testcase>
    <testcase name="Overview LocalizationsLink Available at libraries" time="0.3990" classname="Available at libraries">
    </testcase>
    <testcase name="Overview LocalizationsLink Slow loading" time="0.3490" classname="Slow loading">
    </testcase>
  </testsuite>
  <testsuite name="Alternative Options" timestamp="2023-02-07T13:50:36" tests="3" time="0.8350" failures="0">
    <testcase name="Overview Alternative Options No alternatives" time="0.3370" classname="No alternatives">
    </testcase>
    <testcase name="Overview Alternative Options With alternatives" time="0.3410" classname="With alternatives">
    </testcase>
    <testcase name="Overview Alternative Options Slow loading" time="0.1570" classname="Slow loading">
    </testcase>
  </testsuite>
</testsuites>