<?xml version="1.0" encoding="UTF-8"?>
<testsuites name="Mocha Tests" time="1.6570" tests="2" failures="0">
  <testsuite name="Root Suite" timestamp="2022-11-22T11:28:15" tests="0" file="cypress/integration/old/cards.spec.js" time="0.0000" failures="0">
  </testsuite>
  <testsuite name="Cards" timestamp="2022-11-22T11:28:15" tests="2" time="1.6570" failures="0">
    <testcase name="Cards Clicking card links to work page" time="1.2980" classname="Clicking card links to work page">
    </testcase>
    <testcase name="Cards Tabbing will focus cards" time="0.3590" classname="Tabbing will focus cards">
    </testcase>
  </testsuite>
</testsuites>