<?xml version="1.0" encoding="UTF-8"?>
<testsuites name="Mocha Tests" time="6.5600" tests="10" failures="0" skipped="1">
  <testsuite name="Root Suite" timestamp="2023-02-07T12:32:34" tests="0" file="cypress/e2e/old/articlePage.cy.js" time="0.0000" failures="0">
  </testsuite>
  <testsuite name="ArticlePage" timestamp="2023-02-07T12:32:34" tests="0" time="0.0000" failures="0">
  </testsuite>
  <testsuite name="News article (from drupal)" timestamp="2023-02-07T12:32:34" tests="5" time="0.9680" failures="0">
    <testcase name="ArticlePage News article (from drupal) Check if article has parsed body image" time="0.7860" classname="Check if article has parsed body image">
    </testcase>
    <testcase name="ArticlePage News article (from drupal) Check if article has parsed body image" time="0.0410" classname="Check if article has parsed body image">
    </testcase>
    <testcase name="ArticlePage News article (from drupal) Shows calculated read time" time="0.0170" classname="Shows calculated read time">
    </testcase>
    <testcase name="ArticlePage News article (from drupal) Shows correct category for news article (the ones from drupal)" time="0.0170" classname="Shows correct category for news article (the ones from drupal)">
    </testcase>
    <testcase name="ArticlePage News article (from drupal) Print article" time="0.1070" classname="Print article">
    </testcase>
  </testsuite>
  <testsuite name="Infomedia article" timestamp="2023-02-07T12:32:35" tests="5" time="5.5920" failures="0">
    <testcase name="ArticlePage Infomedia article Shows infomedia data" time="0.2810" classname="Shows infomedia data">
    </testcase>
    <testcase name="ArticlePage Infomedia article Print article" time="0.2530" classname="Print article">
    </testcase>
    <testcase name="ArticlePage Infomedia article Shows login prompt when not logged in" time="2.5910" classname="Shows login prompt when not logged in">
    </testcase>
    <testcase name="ArticlePage Infomedia article Shows login prompt when logged in user is not granted access" time="2.4670" classname="Shows login prompt when logged in user is not granted access">
    </testcase>
  </testsuite>
</testsuites>