<?xml version="1.0" encoding="UTF-8"?>
<testsuites name="Mocha Tests" time="3.5310" tests="2" failures="0">
  <testsuite name="Root Suite" timestamp="2023-03-07T07:01:03" tests="0" file="cypress/e2e/old/login.cy.js" time="0.0000" failures="0">
  </testsuite>
  <testsuite name="Login" timestamp="2023-03-07T07:01:03" tests="2" time="3.5310" failures="0">
    <testcase name="Login should send bearer token to API" time="1.7730" classname="should send bearer token to API">
    </testcase>
    <testcase name="Login should set user pickupagency from url parameter" time="1.7580" classname="should set user pickupagency from url parameter">
    </testcase>
  </testsuite>
</testsuites>