<?xml version="1.0" encoding="UTF-8"?>
<testsuites name="Mocha Tests" time="1.2990" tests="1" failures="0">
  <testsuite name="Root Suite" timestamp="2023-02-07T14:03:15" tests="0" file="cypress/e2e/old/text.cy.js" time="0.0000" failures="0">
  </testsuite>
  <testsuite name="Text" timestamp="2023-02-07T14:03:15" tests="1" time="1.2990" failures="0">
    <testcase name="Text Can clamp lines" time="1.2990" classname="Can clamp lines">
    </testcase>
  </testsuite>
</testsuites>