<?xml version="1.0" encoding="UTF-8"?>
<testsuites name="Mocha Tests" time="8.5720" tests="9" failures="0">
  <testsuite name="Root Suite" timestamp="2022-11-21T13:36:20" tests="0" file="cypress/integration/old/suggester.spec.js" time="0.0000" failures="0">
  </testsuite>
  <testsuite name="Suggester" timestamp="2022-11-21T13:36:20" tests="8" time="2.7390" failures="0">
    <testcase name="Suggester Show container + container suggestions on user type" time="1.1480" classname="Show container + container suggestions on user type">
    </testcase>
    <testcase name="Suggester Can use arrows to navigate thrue suggestions" time="0.3290" classname="Can use arrows to navigate thrue suggestions">
    </testcase>
    <testcase name="Suggester Can select suggestion on &apos;Enter&apos; click" time="0.2470" classname="Can select suggestion on &apos;Enter&apos; click">
    </testcase>
    <testcase name="Suggester Can select suggestion on &apos;tab&apos; click" time="0.2730" classname="Can select suggestion on &apos;tab&apos; click">
    </testcase>
    <testcase name="Suggester Desktop: Can select suggestion on &apos;mouse&apos; click" time="0.1840" classname="Desktop: Can select suggestion on &apos;mouse&apos; click">
    </testcase>
    <testcase name="Suggester Mobile: Can select suggestion on &apos;mouse&apos; click" time="0.1850" classname="Mobile: Can select suggestion on &apos;mouse&apos; click">
    </testcase>
    <testcase name="Suggester Mobile: Should have search history on mobile version of suggester" time="0.2770" classname="Mobile: Should have search history on mobile version of suggester">
    </testcase>
    <testcase name="Suggester Mobile: Clear history on mobile version of suggester" time="0.0960" classname="Mobile: Clear history on mobile version of suggester">
    </testcase>
  </testsuite>
  <testsuite name="Suggester data collect" timestamp="2022-11-21T13:36:23" tests="1" time="5.8330" failures="0">
    <testcase name="Suggester data collect Should collect data for suggester" time="5.8330" classname="Should collect data for suggester">
    </testcase>
  </testsuite>
</testsuites>