<?xml version="1.0" encoding="UTF-8"?>
<testsuites name="Mocha Tests" time="3.8370" tests="5" failures="0">
  <testsuite name="Root Suite" timestamp="2022-11-21T13:33:48" tests="0" file="cypress/integration/old/accordion.spec.js" time="0.0000" failures="0">
  </testsuite>
  <testsuite name="Accordion" timestamp="2022-11-21T13:33:48" tests="5" time="3.8370" failures="0">
    <testcase name="Accordion All 5 items in accorion is visible" time="1.1800" classname="All 5 items in accorion is visible">
    </testcase>
    <testcase name="Accordion All 5 items should have visible expand icons" time="0.2980" classname="All 5 items should have visible expand icons">
    </testcase>
    <testcase name="Accordion Can expand and close sections" time="1.0480" classname="Can expand and close sections">
    </testcase>
    <testcase name="Accordion Expand icon changes on click" time="0.6310" classname="Expand icon changes on click">
    </testcase>
    <testcase name="Accordion Can tab through sections" time="0.6800" classname="Can tab through sections">
    </testcase>
  </testsuite>
</testsuites>