<?xml version="1.0" encoding="UTF-8"?>
<testsuites name="Mocha Tests" time="0.9720" tests="1" failures="0">
  <testsuite name="Root Suite" timestamp="2023-02-07T12:32:06" tests="0" file="cypress/e2e/series.cy.js" time="0.0000" failures="0">
  </testsuite>
  <testsuite name="Series" timestamp="2023-02-07T12:32:06" tests="1" time="0.9720" failures="0">
    <testcase name="Series Verify title and creator are shown" time="0.9720" classname="Verify title and creator are shown">
    </testcase>
  </testsuite>
</testsuites>