<?xml version="1.0" encoding="UTF-8"?>
<testsuites name="Mocha Tests" time="30.1160" tests="22" failures="0">
  <testsuite name="Root Suite" timestamp="2023-01-26T13:10:14" tests="0" file="cypress/e2e/ssr.cy.js" time="0.0000" failures="0">
  </testsuite>
  <testsuite name="Server Side Rendering" timestamp="2023-01-26T13:10:14" tests="0" time="0.0000" failures="0">
  </testsuite>
  <testsuite name="frontpage" timestamp="2023-01-26T13:10:14" tests="2" time="1.4070" failures="0">
    <testcase name="Server Side Rendering frontpage has correct metadata" time="0.9430" classname="has correct metadata">
    </testcase>
    <testcase name="Server Side Rendering frontpage has correct alternate links" time="0.4640" classname="has correct alternate links">
    </testcase>
  </testsuite>
  <testsuite name="material" timestamp="2023-01-26T13:10:16" tests="6" time="10.9740" failures="0">
    <testcase name="Server Side Rendering material has correct metadata" time="0.7130" classname="has correct metadata">
    </testcase>
    <testcase name="Server Side Rendering material has correct alternate links" time="0.3020" classname="has correct alternate links">
    </testcase>
    <testcase name="Server Side Rendering material has json-ld for book" time="1.9690" classname="has json-ld for book">
    </testcase>
    <testcase name="Server Side Rendering material has json-ld for article" time="0.2460" classname="has json-ld for article">
    </testcase>
    <testcase name="Server Side Rendering material has json-ld for movie" time="0.6360" classname="has json-ld for movie">
    </testcase>
    <testcase name="Server Side Rendering material has json-ld for creative work" time="7.1080" classname="has json-ld for creative work">
    </testcase>
  </testsuite>
  <testsuite name="artikler" timestamp="2023-01-26T13:10:27" tests="2" time="0.9790" failures="0">
    <testcase name="Server Side Rendering artikler has correct metadata" time="0.6340" classname="has correct metadata">
    </testcase>
    <testcase name="Server Side Rendering artikler has correct alternate links" time="0.3450" classname="has correct alternate links">
    </testcase>
  </testsuite>
  <testsuite name="hjaelp" timestamp="2023-01-26T13:10:28" tests="2" time="0.5790" failures="0">
    <testcase name="Server Side Rendering hjaelp has correct metadata" time="0.4500" classname="has correct metadata">
    </testcase>
    <testcase name="Server Side Rendering hjaelp has correct alternate links" time="0.1290" classname="has correct alternate links">
    </testcase>
  </testsuite>
  <testsuite name="hjaelp/faq" timestamp="2023-01-26T13:10:28" tests="2" time="0.5580" failures="0">
    <testcase name="Server Side Rendering hjaelp/faq has correct metadata" time="0.3870" classname="has correct metadata">
    </testcase>
    <testcase name="Server Side Rendering hjaelp/faq has correct alternate links" time="0.1710" classname="has correct alternate links">
    </testcase>
  </testsuite>
  <testsuite name="/hjaelp/find" timestamp="2023-01-26T13:10:29" tests="2" time="0.9250" failures="0">
    <testcase name="Server Side Rendering /hjaelp/find has correct metadata" time="0.6050" classname="has correct metadata">
    </testcase>
    <testcase name="Server Side Rendering /hjaelp/find has correct alternate links" time="0.3200" classname="has correct alternate links">
    </testcase>
  </testsuite>
  <testsuite name="find" timestamp="2023-01-26T13:10:30" tests="4" time="1.3350" failures="0">
    <testcase name="Server Side Rendering find has correct metadata" time="0.5260" classname="has correct metadata">
    </testcase>
    <testcase name="Server Side Rendering find has correct alternate links" time="0.2260" classname="has correct alternate links">
    </testcase>
    <testcase name="Server Side Rendering find hitcount must be greater than 0" time="0.1450" classname="hitcount must be greater than 0">
    </testcase>
    <testcase name="Server Side Rendering find Applying a filter results in lower hitcount" time="0.4380" classname="Applying a filter results in lower hitcount">
    </testcase>
  </testsuite>
  <testsuite name="inspiration/material pages" timestamp="2023-01-26T13:10:31" tests="2" time="13.3590" failures="0">
    <testcase name="Server Side Rendering inspiration/material pages has correct metadata" time="11.7260" classname="has correct metadata">
    </testcase>
    <testcase name="Server Side Rendering inspiration/material pages has correct alternate links" time="1.6330" classname="has correct alternate links">
    </testcase>
  </testsuite>
</testsuites>