<?xml version="1.0" encoding="UTF-8"?>
<testsuites name="Mocha Tests" time="2.3790" tests="5" failures="0">
  <testsuite name="Root Suite" timestamp="2023-01-26T13:11:04" tests="0" file="cypress/e2e/old/articles.cy.js" time="0.0000" failures="0">
  </testsuite>
  <testsuite name="Article" timestamp="2023-01-26T13:11:04" tests="5" time="2.3790" failures="0">
    <testcase name="Article Section display article previews" time="0.9940" classname="Section display article previews">
    </testcase>
    <testcase name="Article Tab through article previews" time="0.4090" classname="Tab through article previews">
    </testcase>
    <testcase name="Article Article preview links to article page" time="0.3490" classname="Article preview links to article page">
    </testcase>
    <testcase name="Article Single-section: Can navigate to article" time="0.3530" classname="Single-section: Can navigate to article">
    </testcase>
    <testcase name="Article Single-section: Can navigate to alternative url" time="0.2740" classname="Single-section: Can navigate to alternative url">
    </testcase>
  </testsuite>
</testsuites>