<?xml version="1.0" encoding="UTF-8"?>
<testsuites name="Mocha Tests" time="1.3790" tests="3" failures="0">
  <testsuite name="Root Suite" timestamp="2022-11-21T14:17:04" tests="0" file="cypress/integration/old/keywords.spec.js" time="0.0000" failures="0">
  </testsuite>
  <testsuite name="Keywords" timestamp="2022-11-21T14:17:04" tests="3" time="1.3790" failures="0">
    <testcase name="Keywords Keywords gets filtered" time="1.0640" classname="Keywords gets filtered">
    </testcase>
    <testcase name="Keywords Can tab through keywords" time="0.3010" classname="Can tab through keywords">
    </testcase>
    <testcase name="Keywords Can visit keywords" time="0.0140" classname="Can visit keywords">
    </testcase>
  </testsuite>
</testsuites>