<?xml version="1.0" encoding="UTF-8"?>
<testsuites name="Mocha Tests" time="8.2790" tests="14" failures="0" skipped="4">
  <testsuite name="Root Suite" timestamp="2022-11-21T14:08:33" tests="0" file="cypress/integration/old/overview.spec.js" time="0.0000" failures="0">
  </testsuite>
  <testsuite name="Overview" timestamp="2022-11-21T14:08:33" tests="0" time="0.0000" failures="0">
  </testsuite>
  <testsuite name="Overview parent" timestamp="2022-11-21T14:08:33" tests="7" time="2.5330" failures="0">
    <testcase name="Overview Overview parent Can tab through to different elements" time="2.2920" classname="Can tab through to different elements">
    </testcase>
    <testcase name="Overview Overview parent Can click on bookmark button" time="0.1160" classname="Can click on bookmark button">
    </testcase>
    <testcase name="Overview Overview parent Can click on button tag" time="0.1250" classname="Can click on button tag">
    </testcase>
  </testsuite>
  <testsuite name="LocalizationsLink" timestamp="2022-11-21T14:08:35" tests="4" time="4.4300" failures="0">
    <testcase name="Overview LocalizationsLink Preferred online" time="2.8300" classname="Preferred online">
    </testcase>
    <testcase name="Overview LocalizationsLink Not available for loan at any library" time="0.5200" classname="Not available for loan at any library">
    </testcase>
    <testcase name="Overview LocalizationsLink Available at libraries" time="0.7940" classname="Available at libraries">
    </testcase>
    <testcase name="Overview LocalizationsLink Slow loading" time="0.2860" classname="Slow loading">
    </testcase>
  </testsuite>
  <testsuite name="Alternative Options" timestamp="2022-11-21T14:08:40" tests="3" time="1.3160" failures="0">
    <testcase name="Overview Alternative Options No alternatives" time="0.6060" classname="No alternatives">
    </testcase>
    <testcase name="Overview Alternative Options With alternatives" time="0.4740" classname="With alternatives">
    </testcase>
    <testcase name="Overview Alternative Options Slow loading" time="0.2360" classname="Slow loading">
    </testcase>
  </testsuite>
</testsuites>