<?xml version="1.0" encoding="UTF-8"?>
<testsuites name="Mocha Tests" time="4.5240" tests="2" failures="0">
  <testsuite name="Root Suite" timestamp="2022-11-21T13:49:52" tests="0" file="cypress/integration/old/login.spec.js" time="0.0000" failures="0">
  </testsuite>
  <testsuite name="Login" timestamp="2022-11-21T13:49:52" tests="2" time="4.5240" failures="0">
    <testcase name="Login should send bearer token to API" time="2.1950" classname="should send bearer token to API">
    </testcase>
    <testcase name="Login should set user pickupagency from url parameter" time="2.3290" classname="should set user pickupagency from url parameter">
    </testcase>
  </testsuite>
</testsuites>