<?xml version="1.0" encoding="UTF-8"?>
<testsuites name="Mocha Tests" time="1.1160" tests="2" failures="0">
  <testsuite name="Root Suite" timestamp="2023-01-26T08:59:21" tests="0" file="cypress/e2e/old/logo.cy.js" time="0.0000" failures="0">
  </testsuite>
  <testsuite name="Logo" timestamp="2023-01-26T08:59:21" tests="2" time="1.1160" failures="0">
    <testcase name="Logo View in BIG viewport" time="0.8660" classname="View in BIG viewport">
    </testcase>
    <testcase name="Logo View in SMALL viewport" time="0.2500" classname="View in SMALL viewport">
    </testcase>
  </testsuite>
</testsuites>