<?xml version="1.0" encoding="UTF-8"?>
<testsuites name="Mocha Tests" time="2.0210" tests="3" failures="0">
  <testsuite name="Root Suite" timestamp="2023-03-07T08:22:53" tests="0" file="cypress/e2e/old/localizations.cy.js" time="0.0000" failures="0">
  </testsuite>
  <testsuite name="Localization link" timestamp="2023-03-07T08:22:53" tests="3" time="2.0210" failures="0">
    <testcase name="Localization link Localizations list with holdings" time="1.5310" classname="Localizations list with holdings">
    </testcase>
    <testcase name="Localization link Localization link present" time="0.1940" classname="Localization link present">
    </testcase>
    <testcase name="Localization link Localization link present" time="0.2960" classname="Localization link present">
    </testcase>
  </testsuite>
</testsuites>