<?xml version="1.0" encoding="UTF-8"?>
<testsuites name="Mocha Tests" time="15.5610" tests="8" failures="0" skipped="1">
  <testsuite name="Root Suite" timestamp="2022-11-22T11:29:41" tests="0" file="cypress/integration/old/search.spec.js" time="0.0000" failures="0">
  </testsuite>
  <testsuite name="Search" timestamp="2022-11-22T11:29:41" tests="8" time="15.5610" failures="0">
    <testcase name="Search Should show search results" time="3.1600" classname="Should show search results">
    </testcase>
    <testcase name="Search Should link to work page" time="2.1870" classname="Should link to work page">
    </testcase>
    <testcase name="Search Should collect data when searching and clicking work" time="5.6830" classname="Should collect data when searching and clicking work">
    </testcase>
    <testcase name="Search Should focus elements when tabbing" time="1.1650" classname="Should focus elements when tabbing">
    </testcase>
    <testcase name="Search Should focus pagination buttons when tabbing" time="0.4050" classname="Should focus pagination buttons when tabbing">
    </testcase>
    <testcase name="Search Desktop: Fake searchfield not visible" time="1.0940" classname="Desktop: Fake searchfield not visible">
    </testcase>
    <testcase name="Search Mobile: Has searchfield including query" time="1.8670" classname="Mobile: Has searchfield including query">
    </testcase>
  </testsuite>
</testsuites>