<?xml version="1.0" encoding="UTF-8"?>
<testsuites name="Mocha Tests" time="3.7050" tests="2" failures="0">
  <testsuite name="Root Suite" timestamp="2022-11-22T11:29:06" tests="0" file="cypress/integration/old/login.spec.js" time="0.0000" failures="0">
  </testsuite>
  <testsuite name="Login" timestamp="2022-11-22T11:29:06" tests="2" time="3.7050" failures="0">
    <testcase name="Login should send bearer token to API" time="1.7480" classname="should send bearer token to API">
    </testcase>
    <testcase name="Login should set user pickupagency from url parameter" time="1.9570" classname="should set user pickupagency from url parameter">
    </testcase>
  </testsuite>
</testsuites>