<?xml version="1.0" encoding="UTF-8"?>
<testsuites name="Mocha Tests" time="22.2090" tests="16" failures="0">
  <testsuite name="Root Suite" timestamp="2022-11-21T14:10:38" tests="0" file="cypress/integration/search.spec.js" time="0.0000" failures="0">
  </testsuite>
  <testsuite name="Search" timestamp="2022-11-21T14:10:38" tests="0" time="0.0000" failures="0">
  </testsuite>
  <testsuite name="Form" timestamp="2022-11-21T14:10:38" tests="8" time="15.5120" failures="0">
    <testcase name="Search Form Maps query parameters from url to input fields" time="2.0490" classname="Maps query parameters from url to input fields">
    </testcase>
    <testcase name="Search Form Go to find page when changing material type on work page" time="1.8900" classname="Go to find page when changing material type on work page">
    </testcase>
    <testcase name="Search Form Maps query parameters from input fields to url to input fields" time="3.7790" classname="Maps query parameters from input fields to url to input fields">
    </testcase>
    <testcase name="Search Form Click input clear button should NOT be reflected in URL immediately" time="1.0530" classname="Click input clear button should NOT be reflected in URL immediately">
    </testcase>
    <testcase name="Search Form Editing default search input, should not wipe other input" time="2.2940" classname="Editing default search input, should not wipe other input">
    </testcase>
    <testcase name="Search Form All default input suggestions will search with q.all" time="2.3740" classname="All default input suggestions will search with q.all">
    </testcase>
    <testcase name="Search Form Tab away from input will not sync with URL immediately" time="1.0650" classname="Tab away from input will not sync with URL immediately">
    </testcase>
    <testcase name="Search Form Pressing enter will sync with URL immediately" time="1.0080" classname="Pressing enter will sync with URL immediately">
    </testcase>
  </testsuite>
  <testsuite name="Mobile" timestamp="2022-11-21T14:10:55" tests="3" time="3.3510" failures="0">
    <testcase name="Search Form Mobile Maintains input value when opening mobile suggester" time="0.6110" classname="Maintains input value when opening mobile suggester">
    </testcase>
    <testcase name="Search Form Mobile Hide mobile search button when expanded" time="1.3460" classname="Hide mobile search button when expanded">
    </testcase>
    <testcase name="Search Form Mobile Click input clear on mobile should NOT be reflected in URL immediately" time="1.3940" classname="Click input clear on mobile should NOT be reflected in URL immediately">
    </testcase>
  </testsuite>
  <testsuite name="Result" timestamp="2022-11-21T14:10:59" tests="1" time="1.1200" failures="0">
    <testcase name="Search Result Maps from URL params to a search result" time="1.1200" classname="Maps from URL params to a search result">
    </testcase>
  </testsuite>
  <testsuite name="Related search subjects" timestamp="2022-11-21T14:11:00" tests="4" time="2.2260" failures="0">
    <testcase name="Search Related search subjects Can tab through related keywords" time="0.4020" classname="Can tab through related keywords">
    </testcase>
    <testcase name="Search Related search subjects Can visit keywords" time="0.2130" classname="Can visit keywords">
    </testcase>
    <testcase name="Search Related search subjects Can render and interact with connected related subjects" time="0.8440" classname="Can render and interact with connected related subjects">
    </testcase>
    <testcase name="Search Related search subjects Will show search result hitcount in the connected related subjects section" time="0.7670" classname="Will show search result hitcount in the connected related subjects section">
    </testcase>
  </testsuite>
</testsuites>