<?xml version="1.0" encoding="UTF-8"?>
<testsuites name="Mocha Tests" time="16.4420" tests="25" failures="0" skipped="1">
  <testsuite name="Root Suite" timestamp="2023-03-07T08:34:23" tests="0" file="cypress/e2e/search.cy.js" time="0.0000" failures="0">
  </testsuite>
  <testsuite name="Search" timestamp="2023-03-07T08:34:23" tests="0" time="0.0000" failures="0">
  </testsuite>
  <testsuite name="Form" timestamp="2023-03-07T08:34:23" tests="10" time="11.2200" failures="0">
    <testcase name="Search Form Maps query parameters from url to input fields" time="0.7910" classname="Maps query parameters from url to input fields">
    </testcase>
    <testcase name="Search Form Maps query parameters from input fields to url to input fields" time="2.5530" classname="Maps query parameters from input fields to url to input fields">
    </testcase>
    <testcase name="Search Form Click input clear button should NOT be reflected in URL immediately" time="0.3360" classname="Click input clear button should NOT be reflected in URL immediately">
    </testcase>
    <testcase name="Search Form Editing default search input, should not wipe other input, filters should be wiped" time="1.3500" classname="Editing default search input, should not wipe other input, filters should be wiped">
    </testcase>
    <testcase name="Search Form Selecting suggestion, should not wipe other input, filters should be wiped" time="1.0180" classname="Selecting suggestion, should not wipe other input, filters should be wiped">
    </testcase>
    <testcase name="Search Form All default input suggestions will search with q.all" time="1.9960" classname="All default input suggestions will search with q.all">
    </testcase>
    <testcase name="Search Form Tab away from input will not sync with URL immediately" time="0.6300" classname="Tab away from input will not sync with URL immediately">
    </testcase>
    <testcase name="Search Form Pressing enter will sync with URL immediately" time="0.6650" classname="Pressing enter will sync with URL immediately">
    </testcase>
    <testcase name="Search Form Searching should reset filters and page" time="0.7920" classname="Searching should reset filters and page">
    </testcase>
    <testcase name="Search Form When on another page than /find, it should go to find page when performing search" time="1.0890" classname="When on another page than /find, it should go to find page when performing search">
    </testcase>
  </testsuite>
  <testsuite name="Mobile" timestamp="2023-03-07T08:34:35" tests="3" time="1.7800" failures="0">
    <testcase name="Search Form Mobile Maintains input value when opening mobile suggester" time="0.4520" classname="Maintains input value when opening mobile suggester">
    </testcase>
    <testcase name="Search Form Mobile Hide mobile search button when expanded" time="0.4950" classname="Hide mobile search button when expanded">
    </testcase>
    <testcase name="Search Form Mobile Click input clear on mobile should NOT be reflected in URL immediately" time="0.8330" classname="Click input clear on mobile should NOT be reflected in URL immediately">
    </testcase>
  </testsuite>
  <testsuite name="Result" timestamp="2023-03-07T08:34:37" tests="1" time="0.9920" failures="0">
    <testcase name="Search Result Maps from URL params to a search result" time="0.9920" classname="Maps from URL params to a search result">
    </testcase>
  </testsuite>
  <testsuite name="ResultRow" timestamp="2023-03-07T08:34:38" tests="6" time="1.1960" failures="0">
    <testcase name="Search ResultRow Should have all data" time="0.1990" classname="Should have all data">
    </testcase>
    <testcase name="Search ResultRow should not have cover" time="0.1910" classname="should not have cover">
    </testcase>
    <testcase name="Search ResultRow should not have creator" time="0.2110" classname="should not have creator">
    </testcase>
    <testcase name="Search ResultRow should not have titles" time="0.2160" classname="should not have titles">
    </testcase>
    <testcase name="Search ResultRow should not have materialTypes" time="0.1840" classname="should not have materialTypes">
    </testcase>
    <testcase name="Search ResultRow slow loading" time="0.1950" classname="slow loading">
    </testcase>
  </testsuite>
  <testsuite name="Related search subjects" timestamp="2023-03-07T08:34:39" tests="5" time="1.2540" failures="0">
    <testcase name="Search Related search subjects Can tab through related keywords" time="0.3320" classname="Can tab through related keywords">
    </testcase>
    <testcase name="Search Related search subjects Can render and interact with connected related subjects" time="0.5310" classname="Can render and interact with connected related subjects">
    </testcase>
    <testcase name="Search Related search subjects Can visit keywords" time="0.2200" classname="Can visit keywords">
    </testcase>
    <testcase name="Search Related search subjects Will not show anything if empty" time="0.1710" classname="Will not show anything if empty">
    </testcase>
  </testsuite>
</testsuites>