<?xml version="1.0" encoding="UTF-8"?>
<testsuites name="Mocha Tests" time="5.3830" tests="2" failures="1">
  <testsuite name="Root Suite" timestamp="2023-03-07T14:49:12" tests="0" file="cypress/e2e/relatedworks.cy.js" time="0.0000" failures="0">
  </testsuite>
  <testsuite name="Related works" timestamp="2023-03-07T14:49:13" tests="2" time="5.3830" failures="1">
    <testcase name="Related works desktop" time="4.9510" classname="desktop">
      <failure message="Timed out retrying after 4000ms: Expected element scroll to be less than or equal to 375 but was 583.5: expected 583.5 to be at most 375" type="AssertionError"><![CDATA[AssertionError: Timed out retrying after 4000ms: Expected element scroll to be less than or equal to 375 but was 583.5: expected 583.5 to be at most 375
    at assertCurrentLeftScroll (http://localhost:4000/__cypress/tests?p=cypress/e2e/relatedworks.cy.js:100:29)
    at Context.eval (http://localhost:4000/__cypress/tests?p=cypress/e2e/relatedworks.cy.js:126:54)]]></failure>
    </testcase>
    <testcase name="Related works mobile" time="0.4320" classname="mobile">
    </testcase>
  </testsuite>
</testsuites>