<?xml version="1.0" encoding="UTF-8"?>
<testsuites name="Mocha Tests" time="7.0350" tests="15" failures="0" skipped="5">
  <testsuite name="Root Suite" timestamp="2023-03-07T07:01:18" tests="0" file="cypress/e2e/old/overview.cy.js" time="0.0000" failures="0">
  </testsuite>
  <testsuite name="Overview" timestamp="2023-03-07T07:01:18" tests="0" time="0.0000" failures="0">
  </testsuite>
  <testsuite name="Overview parent" timestamp="2023-03-07T07:01:18" tests="8" time="4.5240" failures="0">
    <testcase name="Overview Overview parent Can tab through to different elements" time="1.7390" classname="Can tab through to different elements">
    </testcase>
    <testcase name="Overview Overview parent Can click on button tag" time="1.1010" classname="Can click on button tag">
    </testcase>
    <testcase name="Overview Overview parent Can default its first materialType: " time="1.6840" classname="Can default its first materialType: ">
    </testcase>
  </testsuite>
  <testsuite name="LocalizationsLink" timestamp="2023-03-07T07:01:22" tests="4" time="1.5310" failures="0">
    <testcase name="Overview LocalizationsLink Preferred online" time="0.1500" classname="Preferred online">
    </testcase>
    <testcase name="Overview LocalizationsLink Not available for loan at any library" time="0.4470" classname="Not available for loan at any library">
    </testcase>
    <testcase name="Overview LocalizationsLink Available at libraries" time="0.4410" classname="Available at libraries">
    </testcase>
    <testcase name="Overview LocalizationsLink Slow loading" time="0.4930" classname="Slow loading">
    </testcase>
  </testsuite>
  <testsuite name="Alternative Options" timestamp="2023-03-07T07:01:24" tests="3" time="0.9800" failures="0">
    <testcase name="Overview Alternative Options No alternatives" time="0.3970" classname="No alternatives">
    </testcase>
    <testcase name="Overview Alternative Options With alternatives" time="0.4350" classname="With alternatives">
    </testcase>
    <testcase name="Overview Alternative Options Slow loading" time="0.1480" classname="Slow loading">
    </testcase>
  </testsuite>
</testsuites>