<?xml version="1.0" encoding="UTF-8"?>
<testsuites name="Mocha Tests" time="12.8680" tests="6" failures="0">
  <testsuite name="Root Suite" timestamp="2023-01-26T08:55:33" tests="0" file="cypress/e2e/filter.cy.js" time="0.0000" failures="0">
  </testsuite>
  <testsuite name="Filter" timestamp="2023-01-26T08:55:33" tests="6" time="12.8680" failures="0">
    <testcase name="Filter workTypes facet is excluded from facets list" time="1.5050" classname="workTypes facet is excluded from facets list">
    </testcase>
    <testcase name="Filter Tab is trapped inside modal" time="1.4250" classname="Tab is trapped inside modal">
    </testcase>
    <testcase name="Filter Can update filters in query and sync with url" time="2.0150" classname="Can update filters in query and sync with url">
    </testcase>
    <testcase name="Filter Can clear all selected filters" time="2.0510" classname="Can clear all selected filters">
    </testcase>
    <testcase name="Filter Can parse facet containing &quot;,&quot;" time="1.7090" classname="Can parse facet containing &quot;,&quot;">
    </testcase>
    <testcase name="Filter Restore filters when browser&apos;s back button is used" time="4.1630" classname="Restore filters when browser&apos;s back button is used">
    </testcase>
  </testsuite>
</testsuites>