<?xml version="1.0" encoding="UTF-8"?>
<testsuites name="Mocha Tests" time="1.5500" tests="2" failures="0">
  <testsuite name="Root Suite" timestamp="2023-03-07T08:24:13" tests="0" file="cypress/e2e/old/work.cy.js" time="0.0000" failures="0">
  </testsuite>
  <testsuite name="Work" timestamp="2023-03-07T08:24:13" tests="2" time="1.5500" failures="0">
    <testcase name="Work renders all data on server" time="1.4160" classname="renders all data on server">
    </testcase>
    <testcase name="Work renders no data on server" time="0.1340" classname="renders no data on server">
    </testcase>
  </testsuite>
</testsuites>