<?xml version="1.0" encoding="UTF-8"?>
<testsuites name="Mocha Tests" time="8.1070" tests="9" failures="0">
  <testsuite name="Root Suite" timestamp="2023-03-07T14:53:06" tests="0" file="cypress/e2e/old/suggester.cy.js" time="0.0000" failures="0">
  </testsuite>
  <testsuite name="Suggester" timestamp="2023-03-07T14:53:06" tests="8" time="2.5480" failures="0">
    <testcase name="Suggester Show container + container suggestions on user type" time="0.9620" classname="Show container + container suggestions on user type">
    </testcase>
    <testcase name="Suggester Can use arrows to navigate thrue suggestions" time="0.3250" classname="Can use arrows to navigate thrue suggestions">
    </testcase>
    <testcase name="Suggester Can select suggestion on &apos;Enter&apos; click" time="0.2410" classname="Can select suggestion on &apos;Enter&apos; click">
    </testcase>
    <testcase name="Suggester Can select suggestion on &apos;tab&apos; click" time="0.2510" classname="Can select suggestion on &apos;tab&apos; click">
    </testcase>
    <testcase name="Suggester Desktop: Can select suggestion on &apos;mouse&apos; click" time="0.1880" classname="Desktop: Can select suggestion on &apos;mouse&apos; click">
    </testcase>
    <testcase name="Suggester Mobile: Can select suggestion on &apos;mouse&apos; click" time="0.1880" classname="Mobile: Can select suggestion on &apos;mouse&apos; click">
    </testcase>
    <testcase name="Suggester Mobile: Should have search history on mobile version of suggester" time="0.2870" classname="Mobile: Should have search history on mobile version of suggester">
    </testcase>
    <testcase name="Suggester Mobile: Clear history on mobile version of suggester" time="0.1060" classname="Mobile: Clear history on mobile version of suggester">
    </testcase>
  </testsuite>
  <testsuite name="Suggester data collect" timestamp="2023-03-07T14:53:09" tests="1" time="5.5590" failures="0">
    <testcase name="Suggester data collect Should collect data for suggester" time="5.5590" classname="Should collect data for suggester">
    </testcase>
  </testsuite>
</testsuites>