<?xml version="1.0" encoding="UTF-8"?>
<testsuites name="Mocha Tests" time="5.5310" tests="14" failures="0">
  <testsuite name="Root Suite" timestamp="2023-01-26T13:09:36" tests="0" file="cypress/e2e/reservationbutton.cy.js" time="0.0000" failures="0">
  </testsuite>
  <testsuite name="Reservation button" timestamp="2023-01-26T13:09:36" tests="0" time="0.0000" failures="0">
  </testsuite>
  <testsuite name="OrderButton" timestamp="2023-01-26T13:09:36" tests="8" time="3.2400" failures="0">
    <testcase name="Reservation button OrderButton user logged in material available" time="0.9530" classname="user logged in material available">
    </testcase>
    <testcase name="Reservation button OrderButton physical material click opens modal with query params" time="0.4630" classname="physical material click opens modal with query params">
    </testcase>
    <testcase name="Reservation button OrderButton digital material" time="0.4790" classname="digital material">
    </testcase>
    <testcase name="Reservation button OrderButton user logged in material unavailable" time="0.3320" classname="user logged in material unavailable">
    </testcase>
    <testcase name="Reservation button OrderButton user not logged in then above text is shown" time="0.1380" classname="user not logged in then above text is shown">
    </testcase>
    <testcase name="Reservation button OrderButton does not display &apos;deaactivated&apos; text, when it is loading" time="0.2120" classname="does not display &apos;deaactivated&apos; text, when it is loading">
    </testcase>
    <testcase name="Reservation button OrderButton user not logged in material available" time="0.2710" classname="user not logged in material available">
    </testcase>
    <testcase name="Reservation button OrderButton user logged in loan is not possible for material" time="0.3920" classname="user logged in loan is not possible for material">
    </testcase>
  </testsuite>
  <testsuite name="ButtonTxt" timestamp="2023-01-26T13:09:39" tests="6" time="2.2910" failures="0">
    <testcase name="Reservation button ButtonTxt should have book button text" time="0.4450" classname="should have book button text">
    </testcase>
    <testcase name="Reservation button ButtonTxt should have ebook button text" time="0.4400" classname="should have ebook button text">
    </testcase>
    <testcase name="Reservation button ButtonTxt should have eaudiobook physical button text" time="0.3940" classname="should have eaudiobook physical button text">
    </testcase>
    <testcase name="Reservation button ButtonTxt should have eaudiobook digital button text" time="0.4560" classname="should have eaudiobook digital button text">
    </testcase>
    <testcase name="Reservation button ButtonTxt should have Periodica button text" time="0.3810" classname="should have Periodica button text">
    </testcase>
    <testcase name="Reservation button ButtonTxt should have slow loading" time="0.1750" classname="should have slow loading">
    </testcase>
  </testsuite>
</testsuites>