<?xml version="1.0" encoding="UTF-8"?>
<testsuites name="Mocha Tests" time="1.1890" tests="3" failures="0" skipped="2">
  <testsuite name="Root Suite" timestamp="2023-03-07T14:48:49" tests="0" file="cypress/e2e/linkme.cy.js" time="0.0000" failures="0">
  </testsuite>
  <testsuite name="linkme" timestamp="2023-03-07T14:48:49" tests="3" time="1.1890" failures="0">
    <testcase name="linkme redirects on no rec.id" time="1.1890" classname="redirects on no rec.id">
    </testcase>
  </testsuite>
</testsuites>