<?xml version="1.0" encoding="UTF-8"?>
<testsuites name="Mocha Tests" time="35.2040" tests="22" failures="0">
  <testsuite name="Root Suite" timestamp="2023-01-26T07:54:43" tests="0" file="cypress/e2e/ssr.cy.js" time="0.0000" failures="0">
  </testsuite>
  <testsuite name="Server Side Rendering" timestamp="2023-01-26T07:54:43" tests="0" time="0.0000" failures="0">
  </testsuite>
  <testsuite name="frontpage" timestamp="2023-01-26T07:54:43" tests="2" time="1.7120" failures="0">
    <testcase name="Server Side Rendering frontpage has correct metadata" time="1.2970" classname="has correct metadata">
    </testcase>
    <testcase name="Server Side Rendering frontpage has correct alternate links" time="0.4150" classname="has correct alternate links">
    </testcase>
  </testsuite>
  <testsuite name="material" timestamp="2023-01-26T07:54:45" tests="6" time="17.9250" failures="0">
    <testcase name="Server Side Rendering material has correct metadata" time="5.9520" classname="has correct metadata">
    </testcase>
    <testcase name="Server Side Rendering material has correct alternate links" time="0.8940" classname="has correct alternate links">
    </testcase>
    <testcase name="Server Side Rendering material has json-ld for book" time="0.3820" classname="has json-ld for book">
    </testcase>
    <testcase name="Server Side Rendering material has json-ld for article" time="0.5850" classname="has json-ld for article">
    </testcase>
    <testcase name="Server Side Rendering material has json-ld for movie" time="7.9930" classname="has json-ld for movie">
    </testcase>
    <testcase name="Server Side Rendering material has json-ld for creative work" time="2.1190" classname="has json-ld for creative work">
    </testcase>
  </testsuite>
  <testsuite name="artikler" timestamp="2023-01-26T07:55:03" tests="2" time="0.8760" failures="0">
    <testcase name="Server Side Rendering artikler has correct metadata" time="0.5620" classname="has correct metadata">
    </testcase>
    <testcase name="Server Side Rendering artikler has correct alternate links" time="0.3140" classname="has correct alternate links">
    </testcase>
  </testsuite>
  <testsuite name="hjaelp" timestamp="2023-01-26T07:55:04" tests="2" time="0.6790" failures="0">
    <testcase name="Server Side Rendering hjaelp has correct metadata" time="0.4980" classname="has correct metadata">
    </testcase>
    <testcase name="Server Side Rendering hjaelp has correct alternate links" time="0.1810" classname="has correct alternate links">
    </testcase>
  </testsuite>
  <testsuite name="hjaelp/faq" timestamp="2023-01-26T07:55:05" tests="2" time="0.7230" failures="0">
    <testcase name="Server Side Rendering hjaelp/faq has correct metadata" time="0.4880" classname="has correct metadata">
    </testcase>
    <testcase name="Server Side Rendering hjaelp/faq has correct alternate links" time="0.2350" classname="has correct alternate links">
    </testcase>
  </testsuite>
  <testsuite name="/hjaelp/find" timestamp="2023-01-26T07:55:05" tests="2" time="0.8910" failures="0">
    <testcase name="Server Side Rendering /hjaelp/find has correct metadata" time="0.5480" classname="has correct metadata">
    </testcase>
    <testcase name="Server Side Rendering /hjaelp/find has correct alternate links" time="0.3430" classname="has correct alternate links">
    </testcase>
  </testsuite>
  <testsuite name="find" timestamp="2023-01-26T07:55:06" tests="4" time="1.5690" failures="0">
    <testcase name="Server Side Rendering find has correct metadata" time="0.5680" classname="has correct metadata">
    </testcase>
    <testcase name="Server Side Rendering find has correct alternate links" time="0.5560" classname="has correct alternate links">
    </testcase>
    <testcase name="Server Side Rendering find hitcount must be greater than 0" time="0.1530" classname="hitcount must be greater than 0">
    </testcase>
    <testcase name="Server Side Rendering find Applying a filter results in lower hitcount" time="0.2920" classname="Applying a filter results in lower hitcount">
    </testcase>
  </testsuite>
  <testsuite name="inspiration/material pages" timestamp="2023-01-26T07:55:08" tests="2" time="10.8290" failures="0">
    <testcase name="Server Side Rendering inspiration/material pages has correct metadata" time="9.6020" classname="has correct metadata">
    </testcase>
    <testcase name="Server Side Rendering inspiration/material pages has correct alternate links" time="1.2270" classname="has correct alternate links">
    </testcase>
  </testsuite>
</testsuites>