<?xml version="1.0" encoding="UTF-8"?>
<testsuites name="Mocha Tests" time="0.9720" tests="1" failures="0">
  <testsuite name="Root Suite" timestamp="2023-01-26T07:55:20" tests="0" file="cypress/e2e/tableOfContents.cy.js" time="0.0000" failures="0">
  </testsuite>
  <testsuite name="Table of Contents" timestamp="2023-01-26T07:55:20" tests="1" time="0.9720" failures="0">
    <testcase name="Table of Contents Displays the table of contents for a work" time="0.9720" classname="Displays the table of contents for a work">
    </testcase>
  </testsuite>
</testsuites>