<?xml version="1.0" encoding="UTF-8"?>
<testsuites name="Mocha Tests" time="0.8170" tests="2" failures="0">
  <testsuite name="Root Suite" timestamp="2023-02-07T12:32:46" tests="0" file="cypress/e2e/old/banner.cy.js" time="0.0000" failures="0">
  </testsuite>
  <testsuite name="TopBanner" timestamp="2023-02-07T12:32:46" tests="2" time="0.8170" failures="0">
    <testcase name="TopBanner View in BIG viewport" time="0.8010" classname="View in BIG viewport">
    </testcase>
    <testcase name="TopBanner View in SMALL viewport" time="0.0160" classname="View in SMALL viewport">
    </testcase>
  </testsuite>
</testsuites>