<?xml version="1.0" encoding="UTF-8"?>
<testsuites name="Mocha Tests" time="1.3650" tests="2" failures="0">
  <testsuite name="Root Suite" timestamp="2022-11-21T08:28:41" tests="0" file="cypress/integration/ssr.spec.js" time="0.0000" failures="0">
  </testsuite>
  <testsuite name="Server Side Rendering" timestamp="2022-11-21T08:28:41" tests="0" time="0.0000" failures="0">
  </testsuite>
  <testsuite name="material" timestamp="2022-11-21T08:28:41" tests="1" time="0.7050" failures="0">
    <testcase name="Server Side Rendering material has correct metadata" time="0.7050" classname="has correct metadata">
    </testcase>
  </testsuite>
  <testsuite name="inspiration/material pages" timestamp="2022-11-21T08:28:41" tests="1" time="0.6600" failures="0">
    <testcase name="Server Side Rendering inspiration/material pages has correct metadata" time="0.6600" classname="has correct metadata">
    </testcase>
  </testsuite>
</testsuites>