<?xml version="1.0" encoding="UTF-8"?>
<testsuites name="Mocha Tests" time="13.6720" tests="8" failures="0" skipped="1">
  <testsuite name="Root Suite" timestamp="2023-03-07T07:01:37" tests="0" file="cypress/e2e/old/search.cy.js" time="0.0000" failures="0">
  </testsuite>
  <testsuite name="Search" timestamp="2023-03-07T07:01:37" tests="8" time="13.6720" failures="0">
    <testcase name="Search Should show search results" time="3.1850" classname="Should show search results">
    </testcase>
    <testcase name="Search Should link to work page" time="2.7980" classname="Should link to work page">
    </testcase>
    <testcase name="Search Should collect data when searching and clicking work" time="4.8680" classname="Should collect data when searching and clicking work">
    </testcase>
    <testcase name="Search Should focus elements when tabbing" time="0.7300" classname="Should focus elements when tabbing">
    </testcase>
    <testcase name="Search Should focus pagination buttons when tabbing" time="0.2780" classname="Should focus pagination buttons when tabbing">
    </testcase>
    <testcase name="Search Desktop: Fake searchfield not visible" time="0.8360" classname="Desktop: Fake searchfield not visible">
    </testcase>
    <testcase name="Search Mobile: Has searchfield including query" time="0.9770" classname="Mobile: Has searchfield including query">
    </testcase>
  </testsuite>
</testsuites>