<?xml version="1.0" encoding="UTF-8"?>
<testsuites name="Mocha Tests" time="4.0430" tests="14" failures="0" skipped="4">
  <testsuite name="Root Suite" timestamp="2022-11-21T08:41:55" tests="0" file="cypress/integration/old/overview.spec.js" time="0.0000" failures="0">
  </testsuite>
  <testsuite name="Overview" timestamp="2022-11-21T08:41:55" tests="0" time="0.0000" failures="0">
  </testsuite>
  <testsuite name="Overview parent" timestamp="2022-11-21T08:41:55" tests="7" time="1.8040" failures="0">
    <testcase name="Overview Overview parent Can tab through to different elements" time="1.5820" classname="Can tab through to different elements">
    </testcase>
    <testcase name="Overview Overview parent Can click on bookmark button" time="0.0980" classname="Can click on bookmark button">
    </testcase>
    <testcase name="Overview Overview parent Can click on button tag" time="0.1240" classname="Can click on button tag">
    </testcase>
  </testsuite>
  <testsuite name="LocalizationsLink" timestamp="2022-11-21T08:41:57" tests="4" time="1.2540" failures="0">
    <testcase name="Overview LocalizationsLink Preferred online" time="0.4050" classname="Preferred online">
    </testcase>
    <testcase name="Overview LocalizationsLink Not available for loan at any library" time="0.3270" classname="Not available for loan at any library">
    </testcase>
    <testcase name="Overview LocalizationsLink Available at libraries" time="0.3880" classname="Available at libraries">
    </testcase>
    <testcase name="Overview LocalizationsLink Slow loading" time="0.1340" classname="Slow loading">
    </testcase>
  </testsuite>
  <testsuite name="Alternative Options" timestamp="2022-11-21T08:41:59" tests="3" time="0.9850" failures="0">
    <testcase name="Overview Alternative Options No alternatives" time="0.4170" classname="No alternatives">
    </testcase>
    <testcase name="Overview Alternative Options With alternatives" time="0.3520" classname="With alternatives">
    </testcase>
    <testcase name="Overview Alternative Options Slow loading" time="0.2160" classname="Slow loading">
    </testcase>
  </testsuite>
</testsuites>