<?xml version="1.0" encoding="UTF-8"?>
<testsuites name="Mocha Tests" time="3.2150" tests="5" failures="0">
  <testsuite name="Root Suite" timestamp="2023-03-07T08:21:34" tests="0" file="cypress/e2e/old/accordion.cy.js" time="0.0000" failures="0">
  </testsuite>
  <testsuite name="Accordion" timestamp="2023-03-07T08:21:35" tests="5" time="3.2150" failures="0">
    <testcase name="Accordion All 5 items in accorion is visible" time="0.6580" classname="All 5 items in accorion is visible">
    </testcase>
    <testcase name="Accordion All 5 items should have visible expand icons" time="0.2000" classname="All 5 items should have visible expand icons">
    </testcase>
    <testcase name="Accordion Can expand and close sections" time="1.2140" classname="Can expand and close sections">
    </testcase>
    <testcase name="Accordion Expand icon changes on click" time="0.5700" classname="Expand icon changes on click">
    </testcase>
    <testcase name="Accordion Can tab through sections" time="0.5730" classname="Can tab through sections">
    </testcase>
  </testsuite>
</testsuites>