<?xml version="1.0" encoding="UTF-8"?>
<testsuites name="Mocha Tests" time="1.9270" tests="3" failures="0">
  <testsuite name="Root Suite" timestamp="2022-11-21T08:25:49" tests="0" file="cypress/integration/old/localizations.spec.js" time="0.0000" failures="0">
  </testsuite>
  <testsuite name="Localization link" timestamp="2022-11-21T08:25:49" tests="3" time="1.9270" failures="0">
    <testcase name="Localization link Localizations list with holdings" time="1.5010" classname="Localizations list with holdings">
    </testcase>
    <testcase name="Localization link Localization link present" time="0.1900" classname="Localization link present">
    </testcase>
    <testcase name="Localization link Localization link present" time="0.2360" classname="Localization link present">
    </testcase>
  </testsuite>
</testsuites>