<?xml version="1.0" encoding="UTF-8"?>
<testsuites name="Mocha Tests" time="1.7800" tests="1" failures="0">
  <testsuite name="Root Suite" timestamp="2022-11-21T14:19:16" tests="0" file="cypress/integration/ssr.spec.js" time="0.0000" failures="0">
  </testsuite>
  <testsuite name="Server Side Rendering" timestamp="2022-11-21T14:19:16" tests="0" time="0.0000" failures="0">
  </testsuite>
  <testsuite name="material" timestamp="2022-11-21T14:19:16" tests="1" time="1.7800" failures="0">
    <testcase name="Server Side Rendering material has correct metadata" time="1.7800" classname="has correct metadata">
    </testcase>
  </testsuite>
</testsuites>