<?xml version="1.0" encoding="UTF-8"?>
<testsuites name="Mocha Tests" time="2.1680" tests="2" failures="0">
  <testsuite name="Root Suite" timestamp="2023-03-07T09:50:09" tests="0" file="cypress/e2e/relatedworks.cy.js" time="0.0000" failures="0">
  </testsuite>
  <testsuite name="Related works" timestamp="2023-03-07T09:50:09" tests="2" time="2.1680" failures="0">
    <testcase name="Related works desktop" time="1.7450" classname="desktop">
    </testcase>
    <testcase name="Related works mobile" time="0.4230" classname="mobile">
    </testcase>
  </testsuite>
</testsuites>