<?xml version="1.0" encoding="UTF-8"?>
<testsuites name="Mocha Tests" time="1.4930" tests="2" failures="0">
  <testsuite name="Root Suite" timestamp="2022-11-21T13:50:00" tests="0" file="cypress/integration/old/logo.spec.js" time="0.0000" failures="0">
  </testsuite>
  <testsuite name="Logo" timestamp="2022-11-21T13:50:00" tests="2" time="1.4930" failures="0">
    <testcase name="Logo View in BIG viewport" time="1.2530" classname="View in BIG viewport">
    </testcase>
    <testcase name="Logo View in SMALL viewport" time="0.2400" classname="View in SMALL viewport">
    </testcase>
  </testsuite>
</testsuites>