<?xml version="1.0" encoding="UTF-8"?>
<testsuites name="Mocha Tests" time="1.1350" tests="2" failures="0">
  <testsuite name="Root Suite" timestamp="2023-03-07T14:52:09" tests="0" file="cypress/e2e/old/logo.cy.js" time="0.0000" failures="0">
  </testsuite>
  <testsuite name="Logo" timestamp="2023-03-07T14:52:09" tests="2" time="1.1350" failures="0">
    <testcase name="Logo View in BIG viewport" time="0.8840" classname="View in BIG viewport">
    </testcase>
    <testcase name="Logo View in SMALL viewport" time="0.2510" classname="View in SMALL viewport">
    </testcase>
  </testsuite>
</testsuites>