<?xml version="1.0" encoding="UTF-8"?>
<testsuites name="Mocha Tests" time="7.9390" tests="7" failures="1">
  <testsuite name="Root Suite" timestamp="2023-03-29T12:32:09" tests="0" file="cypress/e2e/old/help.cy.js" time="0.0000" failures="0">
  </testsuite>
  <testsuite name="help" timestamp="2023-03-29T12:32:09" tests="5" time="6.8490" failures="1">
    <testcase name="help Search: should show empty response message" time="0.6700" classname="Search: should show empty response message">
    </testcase>
    <testcase name="help Search: should show two results" time="0.2490" classname="Search: should show two results">
    </testcase>
    <testcase name="help Search: menu is visible on desktop" time="0.4850" classname="Search: menu is visible on desktop">
    </testcase>
    <testcase name="help Search: menu is hidden on mobile" time="0.4480" classname="Search: menu is hidden on mobile">
    </testcase>
    <testcase name="help Search: filter by language" time="4.9970" classname="Search: filter by language">
      <failure message="Timed out retrying after 4000ms: Expected to find element: `[data-cy=cookiebox]`, but never found it." type="AssertionError"><![CDATA[AssertionError: Timed out retrying after 4000ms: Expected to find element: `[data-cy=cookiebox]`, but never found it.
    at Context.eval (http://localhost:3000/__cypress/tests?p=cypress/e2e/old/help.cy.js:133:8)]]></failure>
    </testcase>
  </testsuite>
  <testsuite name="help menu" timestamp="2023-03-29T12:32:33" tests="1" time="0.4330" failures="0">
    <testcase name="help menu Help menu - tab &amp; click" time="0.4330" classname="Help menu - tab &amp; click">
    </testcase>
  </testsuite>
  <testsuite name="Help texts" timestamp="2023-03-29T12:32:34" tests="1" time="0.6570" failures="0">
    <testcase name="Help texts Help text load properly" time="0.6570" classname="Help text load properly">
    </testcase>
  </testsuite>
</testsuites>