<?xml version="1.0" encoding="UTF-8"?>
<testsuites name="Mocha Tests" time="0.7610" tests="1" failures="0">
  <testsuite name="Root Suite" timestamp="2023-01-26T13:12:41" tests="0" file="cypress/e2e/old/references.cy.js" time="0.0000" failures="0">
  </testsuite>
  <testsuite name="References" timestamp="2023-01-26T13:12:41" tests="1" time="0.7610" failures="0">
    <testcase name="References Reference links present" time="0.7610" classname="Reference links present">
    </testcase>
  </testsuite>
</testsuites>