<?xml version="1.0" encoding="UTF-8"?>
<testsuites name="Mocha Tests" time="14.5410" tests="8" failures="0" skipped="1">
  <testsuite name="Root Suite" timestamp="2022-11-21T08:26:47" tests="0" file="cypress/integration/old/search.spec.js" time="0.0000" failures="0">
  </testsuite>
  <testsuite name="Search" timestamp="2022-11-21T08:26:47" tests="8" time="14.5410" failures="0">
    <testcase name="Search Should show search results" time="1.9520" classname="Should show search results">
    </testcase>
    <testcase name="Search Should link to work page" time="1.9870" classname="Should link to work page">
    </testcase>
    <testcase name="Search Should collect data when searching and clicking work" time="6.0870" classname="Should collect data when searching and clicking work">
    </testcase>
    <testcase name="Search Should focus elements when tabbing" time="1.2040" classname="Should focus elements when tabbing">
    </testcase>
    <testcase name="Search Should focus pagination buttons when tabbing" time="0.3420" classname="Should focus pagination buttons when tabbing">
    </testcase>
    <testcase name="Search Desktop: Fake searchfield not visible" time="1.1880" classname="Desktop: Fake searchfield not visible">
    </testcase>
    <testcase name="Search Mobile: Has searchfield including query" time="1.7810" classname="Mobile: Has searchfield including query">
    </testcase>
  </testsuite>
</testsuites>