<?xml version="1.0" encoding="UTF-8"?>
<testsuites name="Mocha Tests" time="0.7170" tests="1" failures="0">
  <testsuite name="Root Suite" timestamp="2022-11-21T13:53:12" tests="0" file="cypress/integration/ssr.spec.js" time="0.0000" failures="0">
  </testsuite>
  <testsuite name="Server Side Rendering" timestamp="2022-11-21T13:53:12" tests="0" time="0.0000" failures="0">
  </testsuite>
  <testsuite name="material" timestamp="2022-11-21T13:53:12" tests="1" time="0.7170" failures="0">
    <testcase name="Server Side Rendering material has correct metadata" time="0.7170" classname="has correct metadata">
    </testcase>
  </testsuite>
</testsuites>