<?xml version="1.0" encoding="UTF-8"?>
<testsuites name="Mocha Tests" time="5.7530" tests="10" failures="0" skipped="1">
  <testsuite name="Root Suite" timestamp="2023-03-07T09:51:45" tests="0" file="cypress/e2e/old/articlePage.cy.js" time="0.0000" failures="0">
  </testsuite>
  <testsuite name="ArticlePage" timestamp="2023-03-07T09:51:45" tests="0" time="0.0000" failures="0">
  </testsuite>
  <testsuite name="News article (from drupal)" timestamp="2023-03-07T09:51:45" tests="5" time="0.8870" failures="0">
    <testcase name="ArticlePage News article (from drupal) Check if article has parsed body image" time="0.7200" classname="Check if article has parsed body image">
    </testcase>
    <testcase name="ArticlePage News article (from drupal) Check if article has parsed body image" time="0.0350" classname="Check if article has parsed body image">
    </testcase>
    <testcase name="ArticlePage News article (from drupal) Shows calculated read time" time="0.0160" classname="Shows calculated read time">
    </testcase>
    <testcase name="ArticlePage News article (from drupal) Shows correct category for news article (the ones from drupal)" time="0.0140" classname="Shows correct category for news article (the ones from drupal)">
    </testcase>
    <testcase name="ArticlePage News article (from drupal) Print article" time="0.1020" classname="Print article">
    </testcase>
  </testsuite>
  <testsuite name="Infomedia article" timestamp="2023-03-07T09:51:46" tests="5" time="4.8660" failures="0">
    <testcase name="ArticlePage Infomedia article Shows infomedia data" time="0.3010" classname="Shows infomedia data">
    </testcase>
    <testcase name="ArticlePage Infomedia article Print article" time="0.2330" classname="Print article">
    </testcase>
    <testcase name="ArticlePage Infomedia article Shows login prompt when not logged in" time="2.1830" classname="Shows login prompt when not logged in">
    </testcase>
    <testcase name="ArticlePage Infomedia article Shows login prompt when logged in user is not granted access" time="2.1490" classname="Shows login prompt when logged in user is not granted access">
    </testcase>
  </testsuite>
</testsuites>