<?xml version="1.0" encoding="UTF-8"?>
<testsuites name="Mocha Tests" time="2.7440" tests="5" failures="0">
  <testsuite name="Root Suite" timestamp="2023-03-07T08:32:39" tests="0" file="cypress/e2e/edition.cy.js" time="0.0000" failures="0">
  </testsuite>
  <testsuite name="Edition" timestamp="2023-03-07T08:32:39" tests="5" time="2.7440" failures="0">
    <testcase name="Edition Single Edition with year, publisher, ordertext" time="0.9140" classname="Single Edition with year, publisher, ordertext">
    </testcase>
    <testcase name="Edition Single Edition with year, publisher, no ordertext" time="0.5510" classname="Single Edition with year, publisher, no ordertext">
    </testcase>
    <testcase name="Edition Any Edition with no year, publisher, with ordertext" time="0.1560" classname="Any Edition with no year, publisher, with ordertext">
    </testcase>
    <testcase name="Edition Any Edition no year, publisher, ordertext" time="0.1980" classname="Any Edition no year, publisher, ordertext">
    </testcase>
    <testcase name="Edition Any Edition no year, publisher, with ordertext, Digital copy" time="0.9250" classname="Any Edition no year, publisher, with ordertext, Digital copy">
    </testcase>
  </testsuite>
</testsuites>