<?xml version="1.0" encoding="UTF-8"?>
<testsuites name="Mocha Tests" time="0.9090" tests="4" failures="0" skipped="1">
  <testsuite name="Root Suite" timestamp="2022-11-21T13:49:34" tests="0" file="cypress/integration/old/footer.spec.js" time="0.0000" failures="0">
  </testsuite>
  <testsuite name="Overview" timestamp="2022-11-21T13:49:34" tests="4" time="0.9090" failures="0">
    <testcase name="Overview there should be 4 columns" time="0.8630" classname="there should be 4 columns">
    </testcase>
    <testcase name="Overview check contact links" time="0.0260" classname="check contact links">
    </testcase>
    <testcase name="Overview check branch links" time="0.0200" classname="check branch links">
    </testcase>
  </testsuite>
</testsuites>