<?xml version="1.0" encoding="UTF-8"?>
<testsuites name="Mocha Tests" time="0.8670" tests="1" failures="0">
  <testsuite name="Root Suite" timestamp="2022-11-22T11:28:46" tests="0" file="cypress/integration/old/feedbacklink.spec.js" time="0.0000" failures="0">
  </testsuite>
  <testsuite name="feedbacklink" timestamp="2022-11-22T11:28:46" tests="1" time="0.8670" failures="0">
    <testcase name="feedbacklink check link to kunderservice" time="0.8670" classname="check link to kunderservice">
    </testcase>
  </testsuite>
</testsuites>