<?xml version="1.0" encoding="UTF-8"?>
<testsuites name="Mocha Tests" time="7.3250" tests="9" failures="0">
  <testsuite name="Root Suite" timestamp="2022-11-21T08:27:08" tests="0" file="cypress/integration/old/suggester.spec.js" time="0.0000" failures="0">
  </testsuite>
  <testsuite name="Suggester" timestamp="2022-11-21T08:27:08" tests="8" time="2.8010" failures="0">
    <testcase name="Suggester Show container + container suggestions on user type" time="1.1470" classname="Show container + container suggestions on user type">
    </testcase>
    <testcase name="Suggester Can use arrows to navigate thrue suggestions" time="0.3410" classname="Can use arrows to navigate thrue suggestions">
    </testcase>
    <testcase name="Suggester Can select suggestion on &apos;Enter&apos; click" time="0.2510" classname="Can select suggestion on &apos;Enter&apos; click">
    </testcase>
    <testcase name="Suggester Can select suggestion on &apos;tab&apos; click" time="0.2740" classname="Can select suggestion on &apos;tab&apos; click">
    </testcase>
    <testcase name="Suggester Desktop: Can select suggestion on &apos;mouse&apos; click" time="0.1870" classname="Desktop: Can select suggestion on &apos;mouse&apos; click">
    </testcase>
    <testcase name="Suggester Mobile: Can select suggestion on &apos;mouse&apos; click" time="0.1900" classname="Mobile: Can select suggestion on &apos;mouse&apos; click">
    </testcase>
    <testcase name="Suggester Mobile: Should have search history on mobile version of suggester" time="0.3070" classname="Mobile: Should have search history on mobile version of suggester">
    </testcase>
    <testcase name="Suggester Mobile: Clear history on mobile version of suggester" time="0.1040" classname="Mobile: Clear history on mobile version of suggester">
    </testcase>
  </testsuite>
  <testsuite name="Suggester data collect" timestamp="2022-11-21T08:27:11" tests="1" time="4.5240" failures="0">
    <testcase name="Suggester data collect Should collect data for suggester" time="4.5240" classname="Should collect data for suggester">
    </testcase>
  </testsuite>
</testsuites>