<?xml version="1.0" encoding="UTF-8"?>
<testsuites name="Mocha Tests" time="6.6890" tests="10" failures="0">
  <testsuite name="Root Suite" timestamp="2022-11-21T14:16:05" tests="0" file="cypress/integration/old/articlePage.spec.js" time="0.0000" failures="0">
  </testsuite>
  <testsuite name="ArticlePage" timestamp="2022-11-21T14:16:05" tests="0" time="0.0000" failures="0">
  </testsuite>
  <testsuite name="News article (from drupal)" timestamp="2022-11-21T14:16:05" tests="5" time="1.0240" failures="0">
    <testcase name="ArticlePage News article (from drupal) Check if article has parsed body image" time="0.8620" classname="Check if article has parsed body image">
    </testcase>
    <testcase name="ArticlePage News article (from drupal) Check if article has parsed body image" time="0.0340" classname="Check if article has parsed body image">
    </testcase>
    <testcase name="ArticlePage News article (from drupal) Shows calculated read time" time="0.0150" classname="Shows calculated read time">
    </testcase>
    <testcase name="ArticlePage News article (from drupal) Shows correct category for news article (the ones from drupal)" time="0.0120" classname="Shows correct category for news article (the ones from drupal)">
    </testcase>
    <testcase name="ArticlePage News article (from drupal) Print article" time="0.1010" classname="Print article">
    </testcase>
  </testsuite>
  <testsuite name="Infomedia article" timestamp="2022-11-21T14:16:06" tests="5" time="5.6650" failures="0">
    <testcase name="ArticlePage Infomedia article Shows infomedia data" time="0.2870" classname="Shows infomedia data">
    </testcase>
    <testcase name="ArticlePage Infomedia article Print article" time="0.2730" classname="Print article">
    </testcase>
    <testcase name="ArticlePage Infomedia article Shows login prompt when not logged in" time="2.0910" classname="Shows login prompt when not logged in">
    </testcase>
    <testcase name="ArticlePage Infomedia article Shows login prompt when logged in user is not granted access" time="1.7630" classname="Shows login prompt when logged in user is not granted access">
    </testcase>
    <testcase name="ArticlePage Infomedia article Shows 404 when article does not exist" time="1.2510" classname="Shows 404 when article does not exist">
    </testcase>
  </testsuite>
</testsuites>