<?xml version="1.0" encoding="UTF-8"?>
<testsuites name="Mocha Tests" time="1.0380" tests="1" failures="0">
  <testsuite name="Root Suite" timestamp="2022-11-21T14:06:13" tests="1" file="cypress/integration/errorRedirect.spec.js" time="1.0380" failures="0">
    <testcase name="redirect to 404" time="1.0380" classname="redirect to 404">
    </testcase>
  </testsuite>
</testsuites>