<?xml version="1.0" encoding="UTF-8"?>
<testsuites name="Mocha Tests" time="13.7470" tests="22" failures="0">
  <testsuite name="Root Suite" timestamp="2023-02-07T14:00:23" tests="0" file="cypress/e2e/ssr.cy.js" time="0.0000" failures="0">
  </testsuite>
  <testsuite name="Server Side Rendering" timestamp="2023-02-07T14:00:23" tests="0" time="0.0000" failures="0">
  </testsuite>
  <testsuite name="frontpage" timestamp="2023-02-07T14:00:23" tests="2" time="0.7860" failures="0">
    <testcase name="Server Side Rendering frontpage has correct metadata" time="0.4590" classname="has correct metadata">
    </testcase>
    <testcase name="Server Side Rendering frontpage has correct alternate links" time="0.3270" classname="has correct alternate links">
    </testcase>
  </testsuite>
  <testsuite name="material" timestamp="2023-02-07T14:00:24" tests="6" time="4.3210" failures="0">
    <testcase name="Server Side Rendering material has correct metadata" time="1.0830" classname="has correct metadata">
    </testcase>
    <testcase name="Server Side Rendering material has correct alternate links" time="0.3610" classname="has correct alternate links">
    </testcase>
    <testcase name="Server Side Rendering material has json-ld for book" time="1.5060" classname="has json-ld for book">
    </testcase>
    <testcase name="Server Side Rendering material has json-ld for article" time="0.2510" classname="has json-ld for article">
    </testcase>
    <testcase name="Server Side Rendering material has json-ld for movie" time="0.6930" classname="has json-ld for movie">
    </testcase>
    <testcase name="Server Side Rendering material has json-ld for creative work" time="0.4270" classname="has json-ld for creative work">
    </testcase>
  </testsuite>
  <testsuite name="artikler" timestamp="2023-02-07T14:00:28" tests="2" time="1.0170" failures="0">
    <testcase name="Server Side Rendering artikler has correct metadata" time="0.7480" classname="has correct metadata">
    </testcase>
    <testcase name="Server Side Rendering artikler has correct alternate links" time="0.2690" classname="has correct alternate links">
    </testcase>
  </testsuite>
  <testsuite name="hjaelp" timestamp="2023-02-07T14:00:29" tests="2" time="0.7800" failures="0">
    <testcase name="Server Side Rendering hjaelp has correct metadata" time="0.5960" classname="has correct metadata">
    </testcase>
    <testcase name="Server Side Rendering hjaelp has correct alternate links" time="0.1840" classname="has correct alternate links">
    </testcase>
  </testsuite>
  <testsuite name="hjaelp/faq" timestamp="2023-02-07T14:00:30" tests="2" time="0.5280" failures="0">
    <testcase name="Server Side Rendering hjaelp/faq has correct metadata" time="0.3620" classname="has correct metadata">
    </testcase>
    <testcase name="Server Side Rendering hjaelp/faq has correct alternate links" time="0.1660" classname="has correct alternate links">
    </testcase>
  </testsuite>
  <testsuite name="/hjaelp/find" timestamp="2023-02-07T14:00:30" tests="2" time="0.8470" failures="0">
    <testcase name="Server Side Rendering /hjaelp/find has correct metadata" time="0.5440" classname="has correct metadata">
    </testcase>
    <testcase name="Server Side Rendering /hjaelp/find has correct alternate links" time="0.3030" classname="has correct alternate links">
    </testcase>
  </testsuite>
  <testsuite name="find" timestamp="2023-02-07T14:00:31" tests="4" time="1.2460" failures="0">
    <testcase name="Server Side Rendering find has correct metadata" time="0.4680" classname="has correct metadata">
    </testcase>
    <testcase name="Server Side Rendering find has correct alternate links" time="0.2470" classname="has correct alternate links">
    </testcase>
    <testcase name="Server Side Rendering find hitcount must be greater than 0" time="0.1890" classname="hitcount must be greater than 0">
    </testcase>
    <testcase name="Server Side Rendering find Applying a filter results in lower hitcount" time="0.3420" classname="Applying a filter results in lower hitcount">
    </testcase>
  </testsuite>
  <testsuite name="inspiration/material pages" timestamp="2023-02-07T14:00:33" tests="2" time="4.2220" failures="0">
    <testcase name="Server Side Rendering inspiration/material pages has correct metadata" time="2.3480" classname="has correct metadata">
    </testcase>
    <testcase name="Server Side Rendering inspiration/material pages has correct alternate links" time="1.8740" classname="has correct alternate links">
    </testcase>
  </testsuite>
</testsuites>