<?xml version="1.0" encoding="UTF-8"?>
<testsuites name="Mocha Tests" time="1.8360" tests="3" failures="0">
  <testsuite name="Root Suite" timestamp="2023-03-29T12:32:37" tests="0" file="cypress/e2e/old/localizations.cy.js" time="0.0000" failures="0">
  </testsuite>
  <testsuite name="Localization link" timestamp="2023-03-29T12:32:37" tests="3" time="1.8360" failures="0">
    <testcase name="Localization link Localizations list with holdings" time="1.3700" classname="Localizations list with holdings">
    </testcase>
    <testcase name="Localization link Localization link present" time="0.1820" classname="Localization link present">
    </testcase>
    <testcase name="Localization link Localization link present" time="0.2840" classname="Localization link present">
    </testcase>
  </testsuite>
</testsuites>