<?xml version="1.0" encoding="UTF-8"?>
<testsuites name="Mocha Tests" time="3.7220" tests="2" failures="0">
  <testsuite name="Root Suite" timestamp="2023-03-07T08:22:18" tests="0" file="cypress/e2e/old/details.cy.js" time="0.0000" failures="0">
  </testsuite>
  <testsuite name="Details-Movie" timestamp="2023-03-07T08:22:18" tests="1" time="2.8250" failures="0">
    <testcase name="Details-Movie Elements in details present" time="2.8250" classname="Elements in details present">
    </testcase>
  </testsuite>
  <testsuite name="Details" timestamp="2023-03-07T08:22:21" tests="1" time="0.8970" failures="0">
    <testcase name="Details Elements in details present" time="0.8970" classname="Elements in details present">
    </testcase>
  </testsuite>
</testsuites>