<?xml version="1.0" encoding="UTF-8"?>
<testsuites name="Mocha Tests" time="4.1440" tests="14" failures="0" skipped="4">
  <testsuite name="Root Suite" timestamp="2022-11-22T11:29:22" tests="0" file="cypress/integration/old/overview.spec.js" time="0.0000" failures="0">
  </testsuite>
  <testsuite name="Overview" timestamp="2022-11-22T11:29:22" tests="0" time="0.0000" failures="0">
  </testsuite>
  <testsuite name="Overview parent" timestamp="2022-11-22T11:29:22" tests="7" time="1.7240" failures="0">
    <testcase name="Overview Overview parent Can tab through to different elements" time="1.4970" classname="Can tab through to different elements">
    </testcase>
    <testcase name="Overview Overview parent Can click on bookmark button" time="0.0990" classname="Can click on bookmark button">
    </testcase>
    <testcase name="Overview Overview parent Can click on button tag" time="0.1280" classname="Can click on button tag">
    </testcase>
  </testsuite>
  <testsuite name="LocalizationsLink" timestamp="2022-11-22T11:29:24" tests="4" time="1.3590" failures="0">
    <testcase name="Overview LocalizationsLink Preferred online" time="0.4970" classname="Preferred online">
    </testcase>
    <testcase name="Overview LocalizationsLink Not available for loan at any library" time="0.4320" classname="Not available for loan at any library">
    </testcase>
    <testcase name="Overview LocalizationsLink Available at libraries" time="0.2950" classname="Available at libraries">
    </testcase>
    <testcase name="Overview LocalizationsLink Slow loading" time="0.1350" classname="Slow loading">
    </testcase>
  </testsuite>
  <testsuite name="Alternative Options" timestamp="2022-11-22T11:29:25" tests="3" time="1.0610" failures="0">
    <testcase name="Overview Alternative Options No alternatives" time="0.4960" classname="No alternatives">
    </testcase>
    <testcase name="Overview Alternative Options With alternatives" time="0.3520" classname="With alternatives">
    </testcase>
    <testcase name="Overview Alternative Options Slow loading" time="0.2130" classname="Slow loading">
    </testcase>
  </testsuite>
</testsuites>