<?xml version="1.0" encoding="UTF-8"?>
<testsuites name="Mocha Tests" time="3.0310" tests="2" failures="0">
  <testsuite name="Root Suite" timestamp="2023-03-07T14:51:24" tests="0" file="cypress/e2e/old/details.cy.js" time="0.0000" failures="0">
  </testsuite>
  <testsuite name="Details-Movie" timestamp="2023-03-07T14:51:24" tests="1" time="2.0010" failures="0">
    <testcase name="Details-Movie Elements in details present" time="2.0010" classname="Elements in details present">
    </testcase>
  </testsuite>
  <testsuite name="Details" timestamp="2023-03-07T14:51:27" tests="1" time="1.0300" failures="0">
    <testcase name="Details Elements in details present" time="1.0300" classname="Elements in details present">
    </testcase>
  </testsuite>
</testsuites>