<?xml version="1.0" encoding="UTF-8"?>
<testsuites name="Mocha Tests" time="3.7990" tests="14" failures="14">
  <testsuite name="Root Suite" timestamp="2023-03-07T08:16:33" tests="0" file="cypress/e2e/reservationbutton.cy.js" time="0.0000" failures="0">
  </testsuite>
  <testsuite name="Reservation button" timestamp="2023-03-07T08:16:33" tests="0" time="0.0000" failures="0">
  </testsuite>
  <testsuite name="OrderButton" timestamp="2023-03-07T08:16:33" tests="8" time="2.1230" failures="8">
    <testcase name="Reservation button OrderButton user logged in material available" time="0.2810" classname="user logged in material available">
      <failure message="The following error originated from your application code, not from Cypress.

  &gt; Module build failed (from ./node_modules/sass-loader/dist/cjs.js):
SassError: Undefined variable.
    ╷
114 │       @each $key, $value in $gutters {
    │                             ^^^^^^^^
    ╵
  node_modules/bootstrap/scss/mixins/_grid.scss 114:29       @content
  node_modules/bootstrap/scss/mixins/_breakpoints.scss 68:5  media-breakpoint-up()
  node_modules/bootstrap/scss/mixins/_grid.scss 72:5         make-grid-columns()
  node_modules/bootstrap/scss/_grid.scss 32:3                @import
  src/scss/custom-bootstrap.scss 20:9                        root stylesheet

When Cypress detects uncaught errors originating from your application it will automatically fail the current test.

This behavior is configurable, and you can choose to turn this off by listening to the `uncaught:exception` event.

https://on.cypress.io/uncaught-exception-from-application" type="Error"><![CDATA[Error: The following error originated from your application code, not from Cypress.

  > Module build failed (from ./node_modules/sass-loader/dist/cjs.js):
SassError: Undefined variable.
    ╷
114 │       @each $key, $value in $gutters {
    │                             ^^^^^^^^
    ╵
  node_modules/bootstrap/scss/mixins/_grid.scss 114:29       @content
  node_modules/bootstrap/scss/mixins/_breakpoints.scss 68:5  media-breakpoint-up()
  node_modules/bootstrap/scss/mixins/_grid.scss 72:5         make-grid-columns()
  node_modules/bootstrap/scss/_grid.scss 32:3                @import
  src/scss/custom-bootstrap.scss 20:9                        root stylesheet

When Cypress detects uncaught errors originating from your application it will automatically fail the current test.

This behavior is configurable, and you can choose to turn this off by listening to the `uncaught:exception` event.

https://on.cypress.io/uncaught-exception-from-application
    at Object../node_modules/css-loader/dist/cjs.js!./node_modules/sass-loader/dist/cjs.js!./src/scss/custom-bootstrap.scss (http://localhost:4000/main.iframe.bundle.js:460:7)
    at __webpack_require__ (http://localhost:4000/runtime~main.iframe.bundle.js:854:30)
    at fn (http://localhost:4000/runtime~main.iframe.bundle.js:151:20)
    at Object../src/scss/custom-bootstrap.scss (http://localhost:4000/main.iframe.bundle.js:82215:27)
    at __webpack_require__ (http://localhost:4000/runtime~main.iframe.bundle.js:854:30)
    at fn (http://localhost:4000/runtime~main.iframe.bundle.js:151:20)
    at Module../.storybook/preview.js (http://localhost:4000/main.iframe.bundle.js:25:89)
    at __webpack_require__ (http://localhost:4000/runtime~main.iframe.bundle.js:854:30)
    at fn (http://localhost:4000/runtime~main.iframe.bundle.js:151:20)
    at Module../.storybook/preview.js-generated-config-entry.js (http://localhost:4000/main.iframe.bundle.js:309:124)]]></failure>
    </testcase>
    <testcase name="Reservation button OrderButton physical material click opens modal with query params" time="0.3430" classname="physical material click opens modal with query params">
      <failure message="The following error originated from your application code, not from Cypress.

  &gt; Module build failed (from ./node_modules/sass-loader/dist/cjs.js):
SassError: Undefined variable.
    ╷
114 │       @each $key, $value in $gutters {
    │                             ^^^^^^^^
    ╵
  node_modules/bootstrap/scss/mixins/_grid.scss 114:29       @content
  node_modules/bootstrap/scss/mixins/_breakpoints.scss 68:5  media-breakpoint-up()
  node_modules/bootstrap/scss/mixins/_grid.scss 72:5         make-grid-columns()
  node_modules/bootstrap/scss/_grid.scss 32:3                @import
  src/scss/custom-bootstrap.scss 20:9                        root stylesheet

When Cypress detects uncaught errors originating from your application it will automatically fail the current test.

This behavior is configurable, and you can choose to turn this off by listening to the `uncaught:exception` event.

https://on.cypress.io/uncaught-exception-from-application" type="Error"><![CDATA[Error: The following error originated from your application code, not from Cypress.

  > Module build failed (from ./node_modules/sass-loader/dist/cjs.js):
SassError: Undefined variable.
    ╷
114 │       @each $key, $value in $gutters {
    │                             ^^^^^^^^
    ╵
  node_modules/bootstrap/scss/mixins/_grid.scss 114:29       @content
  node_modules/bootstrap/scss/mixins/_breakpoints.scss 68:5  media-breakpoint-up()
  node_modules/bootstrap/scss/mixins/_grid.scss 72:5         make-grid-columns()
  node_modules/bootstrap/scss/_grid.scss 32:3                @import
  src/scss/custom-bootstrap.scss 20:9                        root stylesheet

When Cypress detects uncaught errors originating from your application it will automatically fail the current test.

This behavior is configurable, and you can choose to turn this off by listening to the `uncaught:exception` event.

https://on.cypress.io/uncaught-exception-from-application
    at Object../node_modules/css-loader/dist/cjs.js!./node_modules/sass-loader/dist/cjs.js!./src/scss/custom-bootstrap.scss (http://localhost:4000/main.iframe.bundle.js:460:7)
    at __webpack_require__ (http://localhost:4000/runtime~main.iframe.bundle.js:854:30)
    at fn (http://localhost:4000/runtime~main.iframe.bundle.js:151:20)
    at Object../src/scss/custom-bootstrap.scss (http://localhost:4000/main.iframe.bundle.js:82215:27)
    at __webpack_require__ (http://localhost:4000/runtime~main.iframe.bundle.js:854:30)
    at fn (http://localhost:4000/runtime~main.iframe.bundle.js:151:20)
    at Module../.storybook/preview.js (http://localhost:4000/main.iframe.bundle.js:25:89)
    at __webpack_require__ (http://localhost:4000/runtime~main.iframe.bundle.js:854:30)
    at fn (http://localhost:4000/runtime~main.iframe.bundle.js:151:20)
    at Module../.storybook/preview.js-generated-config-entry.js (http://localhost:4000/main.iframe.bundle.js:309:124)]]></failure>
    </testcase>
    <testcase name="Reservation button OrderButton digital material" time="0.2720" classname="digital material">
      <failure message="The following error originated from your application code, not from Cypress.

  &gt; Module build failed (from ./node_modules/sass-loader/dist/cjs.js):
SassError: Undefined variable.
    ╷
114 │       @each $key, $value in $gutters {
    │                             ^^^^^^^^
    ╵
  node_modules/bootstrap/scss/mixins/_grid.scss 114:29       @content
  node_modules/bootstrap/scss/mixins/_breakpoints.scss 68:5  media-breakpoint-up()
  node_modules/bootstrap/scss/mixins/_grid.scss 72:5         make-grid-columns()
  node_modules/bootstrap/scss/_grid.scss 32:3                @import
  src/scss/custom-bootstrap.scss 20:9                        root stylesheet

When Cypress detects uncaught errors originating from your application it will automatically fail the current test.

This behavior is configurable, and you can choose to turn this off by listening to the `uncaught:exception` event.

https://on.cypress.io/uncaught-exception-from-application" type="Error"><![CDATA[Error: The following error originated from your application code, not from Cypress.

  > Module build failed (from ./node_modules/sass-loader/dist/cjs.js):
SassError: Undefined variable.
    ╷
114 │       @each $key, $value in $gutters {
    │                             ^^^^^^^^
    ╵
  node_modules/bootstrap/scss/mixins/_grid.scss 114:29       @content
  node_modules/bootstrap/scss/mixins/_breakpoints.scss 68:5  media-breakpoint-up()
  node_modules/bootstrap/scss/mixins/_grid.scss 72:5         make-grid-columns()
  node_modules/bootstrap/scss/_grid.scss 32:3                @import
  src/scss/custom-bootstrap.scss 20:9                        root stylesheet

When Cypress detects uncaught errors originating from your application it will automatically fail the current test.

This behavior is configurable, and you can choose to turn this off by listening to the `uncaught:exception` event.

https://on.cypress.io/uncaught-exception-from-application
    at Object../node_modules/css-loader/dist/cjs.js!./node_modules/sass-loader/dist/cjs.js!./src/scss/custom-bootstrap.scss (http://localhost:4000/main.iframe.bundle.js:460:7)
    at __webpack_require__ (http://localhost:4000/runtime~main.iframe.bundle.js:854:30)
    at fn (http://localhost:4000/runtime~main.iframe.bundle.js:151:20)
    at Object../src/scss/custom-bootstrap.scss (http://localhost:4000/main.iframe.bundle.js:82215:27)
    at __webpack_require__ (http://localhost:4000/runtime~main.iframe.bundle.js:854:30)
    at fn (http://localhost:4000/runtime~main.iframe.bundle.js:151:20)
    at Module../.storybook/preview.js (http://localhost:4000/main.iframe.bundle.js:25:89)
    at __webpack_require__ (http://localhost:4000/runtime~main.iframe.bundle.js:854:30)
    at fn (http://localhost:4000/runtime~main.iframe.bundle.js:151:20)
    at Module../.storybook/preview.js-generated-config-entry.js (http://localhost:4000/main.iframe.bundle.js:309:124)]]></failure>
    </testcase>
    <testcase name="Reservation button OrderButton user logged in material unavailable" time="0.2540" classname="user logged in material unavailable">
      <failure message="The following error originated from your application code, not from Cypress.

  &gt; Module build failed (from ./node_modules/sass-loader/dist/cjs.js):
SassError: Undefined variable.
    ╷
114 │       @each $key, $value in $gutters {
    │                             ^^^^^^^^
    ╵
  node_modules/bootstrap/scss/mixins/_grid.scss 114:29       @content
  node_modules/bootstrap/scss/mixins/_breakpoints.scss 68:5  media-breakpoint-up()
  node_modules/bootstrap/scss/mixins/_grid.scss 72:5         make-grid-columns()
  node_modules/bootstrap/scss/_grid.scss 32:3                @import
  src/scss/custom-bootstrap.scss 20:9                        root stylesheet

When Cypress detects uncaught errors originating from your application it will automatically fail the current test.

This behavior is configurable, and you can choose to turn this off by listening to the `uncaught:exception` event.

https://on.cypress.io/uncaught-exception-from-application" type="Error"><![CDATA[Error: The following error originated from your application code, not from Cypress.

  > Module build failed (from ./node_modules/sass-loader/dist/cjs.js):
SassError: Undefined variable.
    ╷
114 │       @each $key, $value in $gutters {
    │                             ^^^^^^^^
    ╵
  node_modules/bootstrap/scss/mixins/_grid.scss 114:29       @content
  node_modules/bootstrap/scss/mixins/_breakpoints.scss 68:5  media-breakpoint-up()
  node_modules/bootstrap/scss/mixins/_grid.scss 72:5         make-grid-columns()
  node_modules/bootstrap/scss/_grid.scss 32:3                @import
  src/scss/custom-bootstrap.scss 20:9                        root stylesheet

When Cypress detects uncaught errors originating from your application it will automatically fail the current test.

This behavior is configurable, and you can choose to turn this off by listening to the `uncaught:exception` event.

https://on.cypress.io/uncaught-exception-from-application
    at Object../node_modules/css-loader/dist/cjs.js!./node_modules/sass-loader/dist/cjs.js!./src/scss/custom-bootstrap.scss (http://localhost:4000/main.iframe.bundle.js:460:7)
    at __webpack_require__ (http://localhost:4000/runtime~main.iframe.bundle.js:854:30)
    at fn (http://localhost:4000/runtime~main.iframe.bundle.js:151:20)
    at Object../src/scss/custom-bootstrap.scss (http://localhost:4000/main.iframe.bundle.js:82215:27)
    at __webpack_require__ (http://localhost:4000/runtime~main.iframe.bundle.js:854:30)
    at fn (http://localhost:4000/runtime~main.iframe.bundle.js:151:20)
    at Module../.storybook/preview.js (http://localhost:4000/main.iframe.bundle.js:25:89)
    at __webpack_require__ (http://localhost:4000/runtime~main.iframe.bundle.js:854:30)
    at fn (http://localhost:4000/runtime~main.iframe.bundle.js:151:20)
    at Module../.storybook/preview.js-generated-config-entry.js (http://localhost:4000/main.iframe.bundle.js:309:124)]]></failure>
    </testcase>
    <testcase name="Reservation button OrderButton user not logged in then above text is shown" time="0.2280" classname="user not logged in then above text is shown">
      <failure message="The following error originated from your application code, not from Cypress.

  &gt; Module build failed (from ./node_modules/sass-loader/dist/cjs.js):
SassError: Undefined variable.
    ╷
114 │       @each $key, $value in $gutters {
    │                             ^^^^^^^^
    ╵
  node_modules/bootstrap/scss/mixins/_grid.scss 114:29       @content
  node_modules/bootstrap/scss/mixins/_breakpoints.scss 68:5  media-breakpoint-up()
  node_modules/bootstrap/scss/mixins/_grid.scss 72:5         make-grid-columns()
  node_modules/bootstrap/scss/_grid.scss 32:3                @import
  src/scss/custom-bootstrap.scss 20:9                        root stylesheet

When Cypress detects uncaught errors originating from your application it will automatically fail the current test.

This behavior is configurable, and you can choose to turn this off by listening to the `uncaught:exception` event.

https://on.cypress.io/uncaught-exception-from-application" type="Error"><![CDATA[Error: The following error originated from your application code, not from Cypress.

  > Module build failed (from ./node_modules/sass-loader/dist/cjs.js):
SassError: Undefined variable.
    ╷
114 │       @each $key, $value in $gutters {
    │                             ^^^^^^^^
    ╵
  node_modules/bootstrap/scss/mixins/_grid.scss 114:29       @content
  node_modules/bootstrap/scss/mixins/_breakpoints.scss 68:5  media-breakpoint-up()
  node_modules/bootstrap/scss/mixins/_grid.scss 72:5         make-grid-columns()
  node_modules/bootstrap/scss/_grid.scss 32:3                @import
  src/scss/custom-bootstrap.scss 20:9                        root stylesheet

When Cypress detects uncaught errors originating from your application it will automatically fail the current test.

This behavior is configurable, and you can choose to turn this off by listening to the `uncaught:exception` event.

https://on.cypress.io/uncaught-exception-from-application
    at Object../node_modules/css-loader/dist/cjs.js!./node_modules/sass-loader/dist/cjs.js!./src/scss/custom-bootstrap.scss (http://localhost:4000/main.iframe.bundle.js:460:7)
    at __webpack_require__ (http://localhost:4000/runtime~main.iframe.bundle.js:854:30)
    at fn (http://localhost:4000/runtime~main.iframe.bundle.js:151:20)
    at Object../src/scss/custom-bootstrap.scss (http://localhost:4000/main.iframe.bundle.js:82215:27)
    at __webpack_require__ (http://localhost:4000/runtime~main.iframe.bundle.js:854:30)
    at fn (http://localhost:4000/runtime~main.iframe.bundle.js:151:20)
    at Module../.storybook/preview.js (http://localhost:4000/main.iframe.bundle.js:25:89)
    at __webpack_require__ (http://localhost:4000/runtime~main.iframe.bundle.js:854:30)
    at fn (http://localhost:4000/runtime~main.iframe.bundle.js:151:20)
    at Module../.storybook/preview.js-generated-config-entry.js (http://localhost:4000/main.iframe.bundle.js:309:124)]]></failure>
    </testcase>
    <testcase name="Reservation button OrderButton does not display &apos;deaactivated&apos; text, when it is loading" time="0.2360" classname="does not display &apos;deaactivated&apos; text, when it is loading">
      <failure message="The following error originated from your application code, not from Cypress.

  &gt; Module build failed (from ./node_modules/sass-loader/dist/cjs.js):
SassError: Undefined variable.
    ╷
114 │       @each $key, $value in $gutters {
    │                             ^^^^^^^^
    ╵
  node_modules/bootstrap/scss/mixins/_grid.scss 114:29       @content
  node_modules/bootstrap/scss/mixins/_breakpoints.scss 68:5  media-breakpoint-up()
  node_modules/bootstrap/scss/mixins/_grid.scss 72:5         make-grid-columns()
  node_modules/bootstrap/scss/_grid.scss 32:3                @import
  src/scss/custom-bootstrap.scss 20:9                        root stylesheet

When Cypress detects uncaught errors originating from your application it will automatically fail the current test.

This behavior is configurable, and you can choose to turn this off by listening to the `uncaught:exception` event.

https://on.cypress.io/uncaught-exception-from-application" type="Error"><![CDATA[Error: The following error originated from your application code, not from Cypress.

  > Module build failed (from ./node_modules/sass-loader/dist/cjs.js):
SassError: Undefined variable.
    ╷
114 │       @each $key, $value in $gutters {
    │                             ^^^^^^^^
    ╵
  node_modules/bootstrap/scss/mixins/_grid.scss 114:29       @content
  node_modules/bootstrap/scss/mixins/_breakpoints.scss 68:5  media-breakpoint-up()
  node_modules/bootstrap/scss/mixins/_grid.scss 72:5         make-grid-columns()
  node_modules/bootstrap/scss/_grid.scss 32:3                @import
  src/scss/custom-bootstrap.scss 20:9                        root stylesheet

When Cypress detects uncaught errors originating from your application it will automatically fail the current test.

This behavior is configurable, and you can choose to turn this off by listening to the `uncaught:exception` event.

https://on.cypress.io/uncaught-exception-from-application
    at Object../node_modules/css-loader/dist/cjs.js!./node_modules/sass-loader/dist/cjs.js!./src/scss/custom-bootstrap.scss (http://localhost:4000/main.iframe.bundle.js:460:7)
    at __webpack_require__ (http://localhost:4000/runtime~main.iframe.bundle.js:854:30)
    at fn (http://localhost:4000/runtime~main.iframe.bundle.js:151:20)
    at Object../src/scss/custom-bootstrap.scss (http://localhost:4000/main.iframe.bundle.js:82215:27)
    at __webpack_require__ (http://localhost:4000/runtime~main.iframe.bundle.js:854:30)
    at fn (http://localhost:4000/runtime~main.iframe.bundle.js:151:20)
    at Module../.storybook/preview.js (http://localhost:4000/main.iframe.bundle.js:25:89)
    at __webpack_require__ (http://localhost:4000/runtime~main.iframe.bundle.js:854:30)
    at fn (http://localhost:4000/runtime~main.iframe.bundle.js:151:20)
    at Module../.storybook/preview.js-generated-config-entry.js (http://localhost:4000/main.iframe.bundle.js:309:124)]]></failure>
    </testcase>
    <testcase name="Reservation button OrderButton user not logged in material available" time="0.2650" classname="user not logged in material available">
      <failure message="The following error originated from your application code, not from Cypress.

  &gt; Module build failed (from ./node_modules/sass-loader/dist/cjs.js):
SassError: Undefined variable.
    ╷
114 │       @each $key, $value in $gutters {
    │                             ^^^^^^^^
    ╵
  node_modules/bootstrap/scss/mixins/_grid.scss 114:29       @content
  node_modules/bootstrap/scss/mixins/_breakpoints.scss 68:5  media-breakpoint-up()
  node_modules/bootstrap/scss/mixins/_grid.scss 72:5         make-grid-columns()
  node_modules/bootstrap/scss/_grid.scss 32:3                @import
  src/scss/custom-bootstrap.scss 20:9                        root stylesheet

When Cypress detects uncaught errors originating from your application it will automatically fail the current test.

This behavior is configurable, and you can choose to turn this off by listening to the `uncaught:exception` event.

https://on.cypress.io/uncaught-exception-from-application" type="Error"><![CDATA[Error: The following error originated from your application code, not from Cypress.

  > Module build failed (from ./node_modules/sass-loader/dist/cjs.js):
SassError: Undefined variable.
    ╷
114 │       @each $key, $value in $gutters {
    │                             ^^^^^^^^
    ╵
  node_modules/bootstrap/scss/mixins/_grid.scss 114:29       @content
  node_modules/bootstrap/scss/mixins/_breakpoints.scss 68:5  media-breakpoint-up()
  node_modules/bootstrap/scss/mixins/_grid.scss 72:5         make-grid-columns()
  node_modules/bootstrap/scss/_grid.scss 32:3                @import
  src/scss/custom-bootstrap.scss 20:9                        root stylesheet

When Cypress detects uncaught errors originating from your application it will automatically fail the current test.

This behavior is configurable, and you can choose to turn this off by listening to the `uncaught:exception` event.

https://on.cypress.io/uncaught-exception-from-application
    at Object../node_modules/css-loader/dist/cjs.js!./node_modules/sass-loader/dist/cjs.js!./src/scss/custom-bootstrap.scss (http://localhost:4000/main.iframe.bundle.js:460:7)
    at __webpack_require__ (http://localhost:4000/runtime~main.iframe.bundle.js:854:30)
    at fn (http://localhost:4000/runtime~main.iframe.bundle.js:151:20)
    at Object../src/scss/custom-bootstrap.scss (http://localhost:4000/main.iframe.bundle.js:82215:27)
    at __webpack_require__ (http://localhost:4000/runtime~main.iframe.bundle.js:854:30)
    at fn (http://localhost:4000/runtime~main.iframe.bundle.js:151:20)
    at Module../.storybook/preview.js (http://localhost:4000/main.iframe.bundle.js:25:89)
    at __webpack_require__ (http://localhost:4000/runtime~main.iframe.bundle.js:854:30)
    at fn (http://localhost:4000/runtime~main.iframe.bundle.js:151:20)
    at Module../.storybook/preview.js-generated-config-entry.js (http://localhost:4000/main.iframe.bundle.js:309:124)]]></failure>
    </testcase>
    <testcase name="Reservation button OrderButton user logged in loan is not possible for material" time="0.2440" classname="user logged in loan is not possible for material">
      <failure message="The following error originated from your application code, not from Cypress.

  &gt; Module build failed (from ./node_modules/sass-loader/dist/cjs.js):
SassError: Undefined variable.
    ╷
114 │       @each $key, $value in $gutters {
    │                             ^^^^^^^^
    ╵
  node_modules/bootstrap/scss/mixins/_grid.scss 114:29       @content
  node_modules/bootstrap/scss/mixins/_breakpoints.scss 68:5  media-breakpoint-up()
  node_modules/bootstrap/scss/mixins/_grid.scss 72:5         make-grid-columns()
  node_modules/bootstrap/scss/_grid.scss 32:3                @import
  src/scss/custom-bootstrap.scss 20:9                        root stylesheet

When Cypress detects uncaught errors originating from your application it will automatically fail the current test.

This behavior is configurable, and you can choose to turn this off by listening to the `uncaught:exception` event.

https://on.cypress.io/uncaught-exception-from-application" type="Error"><![CDATA[Error: The following error originated from your application code, not from Cypress.

  > Module build failed (from ./node_modules/sass-loader/dist/cjs.js):
SassError: Undefined variable.
    ╷
114 │       @each $key, $value in $gutters {
    │                             ^^^^^^^^
    ╵
  node_modules/bootstrap/scss/mixins/_grid.scss 114:29       @content
  node_modules/bootstrap/scss/mixins/_breakpoints.scss 68:5  media-breakpoint-up()
  node_modules/bootstrap/scss/mixins/_grid.scss 72:5         make-grid-columns()
  node_modules/bootstrap/scss/_grid.scss 32:3                @import
  src/scss/custom-bootstrap.scss 20:9                        root stylesheet

When Cypress detects uncaught errors originating from your application it will automatically fail the current test.

This behavior is configurable, and you can choose to turn this off by listening to the `uncaught:exception` event.

https://on.cypress.io/uncaught-exception-from-application
    at Object../node_modules/css-loader/dist/cjs.js!./node_modules/sass-loader/dist/cjs.js!./src/scss/custom-bootstrap.scss (http://localhost:4000/main.iframe.bundle.js:460:7)
    at __webpack_require__ (http://localhost:4000/runtime~main.iframe.bundle.js:854:30)
    at fn (http://localhost:4000/runtime~main.iframe.bundle.js:151:20)
    at Object../src/scss/custom-bootstrap.scss (http://localhost:4000/main.iframe.bundle.js:82215:27)
    at __webpack_require__ (http://localhost:4000/runtime~main.iframe.bundle.js:854:30)
    at fn (http://localhost:4000/runtime~main.iframe.bundle.js:151:20)
    at Module../.storybook/preview.js (http://localhost:4000/main.iframe.bundle.js:25:89)
    at __webpack_require__ (http://localhost:4000/runtime~main.iframe.bundle.js:854:30)
    at fn (http://localhost:4000/runtime~main.iframe.bundle.js:151:20)
    at Module../.storybook/preview.js-generated-config-entry.js (http://localhost:4000/main.iframe.bundle.js:309:124)]]></failure>
    </testcase>
  </testsuite>
  <testsuite name="ButtonTxt" timestamp="2023-03-07T08:16:42" tests="6" time="1.6760" failures="6">
    <testcase name="Reservation button ButtonTxt should have book button text" time="0.2600" classname="should have book button text">
      <failure message="The following error originated from your application code, not from Cypress.

  &gt; Module build failed (from ./node_modules/sass-loader/dist/cjs.js):
SassError: Undefined variable.
    ╷
114 │       @each $key, $value in $gutters {
    │                             ^^^^^^^^
    ╵
  node_modules/bootstrap/scss/mixins/_grid.scss 114:29       @content
  node_modules/bootstrap/scss/mixins/_breakpoints.scss 68:5  media-breakpoint-up()
  node_modules/bootstrap/scss/mixins/_grid.scss 72:5         make-grid-columns()
  node_modules/bootstrap/scss/_grid.scss 32:3                @import
  src/scss/custom-bootstrap.scss 20:9                        root stylesheet

When Cypress detects uncaught errors originating from your application it will automatically fail the current test.

This behavior is configurable, and you can choose to turn this off by listening to the `uncaught:exception` event.

https://on.cypress.io/uncaught-exception-from-application" type="Error"><![CDATA[Error: The following error originated from your application code, not from Cypress.

  > Module build failed (from ./node_modules/sass-loader/dist/cjs.js):
SassError: Undefined variable.
    ╷
114 │       @each $key, $value in $gutters {
    │                             ^^^^^^^^
    ╵
  node_modules/bootstrap/scss/mixins/_grid.scss 114:29       @content
  node_modules/bootstrap/scss/mixins/_breakpoints.scss 68:5  media-breakpoint-up()
  node_modules/bootstrap/scss/mixins/_grid.scss 72:5         make-grid-columns()
  node_modules/bootstrap/scss/_grid.scss 32:3                @import
  src/scss/custom-bootstrap.scss 20:9                        root stylesheet

When Cypress detects uncaught errors originating from your application it will automatically fail the current test.

This behavior is configurable, and you can choose to turn this off by listening to the `uncaught:exception` event.

https://on.cypress.io/uncaught-exception-from-application
    at Object../node_modules/css-loader/dist/cjs.js!./node_modules/sass-loader/dist/cjs.js!./src/scss/custom-bootstrap.scss (http://localhost:4000/main.iframe.bundle.js:460:7)
    at __webpack_require__ (http://localhost:4000/runtime~main.iframe.bundle.js:854:30)
    at fn (http://localhost:4000/runtime~main.iframe.bundle.js:151:20)
    at Object../src/scss/custom-bootstrap.scss (http://localhost:4000/main.iframe.bundle.js:82215:27)
    at __webpack_require__ (http://localhost:4000/runtime~main.iframe.bundle.js:854:30)
    at fn (http://localhost:4000/runtime~main.iframe.bundle.js:151:20)
    at Module../.storybook/preview.js (http://localhost:4000/main.iframe.bundle.js:25:89)
    at __webpack_require__ (http://localhost:4000/runtime~main.iframe.bundle.js:854:30)
    at fn (http://localhost:4000/runtime~main.iframe.bundle.js:151:20)
    at Module../.storybook/preview.js-generated-config-entry.js (http://localhost:4000/main.iframe.bundle.js:309:124)]]></failure>
    </testcase>
    <testcase name="Reservation button ButtonTxt should have ebook button text" time="0.2490" classname="should have ebook button text">
      <failure message="The following error originated from your application code, not from Cypress.

  &gt; Module build failed (from ./node_modules/sass-loader/dist/cjs.js):
SassError: Undefined variable.
    ╷
114 │       @each $key, $value in $gutters {
    │                             ^^^^^^^^
    ╵
  node_modules/bootstrap/scss/mixins/_grid.scss 114:29       @content
  node_modules/bootstrap/scss/mixins/_breakpoints.scss 68:5  media-breakpoint-up()
  node_modules/bootstrap/scss/mixins/_grid.scss 72:5         make-grid-columns()
  node_modules/bootstrap/scss/_grid.scss 32:3                @import
  src/scss/custom-bootstrap.scss 20:9                        root stylesheet

When Cypress detects uncaught errors originating from your application it will automatically fail the current test.

This behavior is configurable, and you can choose to turn this off by listening to the `uncaught:exception` event.

https://on.cypress.io/uncaught-exception-from-application" type="Error"><![CDATA[Error: The following error originated from your application code, not from Cypress.

  > Module build failed (from ./node_modules/sass-loader/dist/cjs.js):
SassError: Undefined variable.
    ╷
114 │       @each $key, $value in $gutters {
    │                             ^^^^^^^^
    ╵
  node_modules/bootstrap/scss/mixins/_grid.scss 114:29       @content
  node_modules/bootstrap/scss/mixins/_breakpoints.scss 68:5  media-breakpoint-up()
  node_modules/bootstrap/scss/mixins/_grid.scss 72:5         make-grid-columns()
  node_modules/bootstrap/scss/_grid.scss 32:3                @import
  src/scss/custom-bootstrap.scss 20:9                        root stylesheet

When Cypress detects uncaught errors originating from your application it will automatically fail the current test.

This behavior is configurable, and you can choose to turn this off by listening to the `uncaught:exception` event.

https://on.cypress.io/uncaught-exception-from-application
    at Object../node_modules/css-loader/dist/cjs.js!./node_modules/sass-loader/dist/cjs.js!./src/scss/custom-bootstrap.scss (http://localhost:4000/main.iframe.bundle.js:460:7)
    at __webpack_require__ (http://localhost:4000/runtime~main.iframe.bundle.js:854:30)
    at fn (http://localhost:4000/runtime~main.iframe.bundle.js:151:20)
    at Object../src/scss/custom-bootstrap.scss (http://localhost:4000/main.iframe.bundle.js:82215:27)
    at __webpack_require__ (http://localhost:4000/runtime~main.iframe.bundle.js:854:30)
    at fn (http://localhost:4000/runtime~main.iframe.bundle.js:151:20)
    at Module../.storybook/preview.js (http://localhost:4000/main.iframe.bundle.js:25:89)
    at __webpack_require__ (http://localhost:4000/runtime~main.iframe.bundle.js:854:30)
    at fn (http://localhost:4000/runtime~main.iframe.bundle.js:151:20)
    at Module../.storybook/preview.js-generated-config-entry.js (http://localhost:4000/main.iframe.bundle.js:309:124)]]></failure>
    </testcase>
    <testcase name="Reservation button ButtonTxt should have eaudiobook physical button text" time="0.2700" classname="should have eaudiobook physical button text">
      <failure message="The following error originated from your application code, not from Cypress.

  &gt; Module build failed (from ./node_modules/sass-loader/dist/cjs.js):
SassError: Undefined variable.
    ╷
114 │       @each $key, $value in $gutters {
    │                             ^^^^^^^^
    ╵
  node_modules/bootstrap/scss/mixins/_grid.scss 114:29       @content
  node_modules/bootstrap/scss/mixins/_breakpoints.scss 68:5  media-breakpoint-up()
  node_modules/bootstrap/scss/mixins/_grid.scss 72:5         make-grid-columns()
  node_modules/bootstrap/scss/_grid.scss 32:3                @import
  src/scss/custom-bootstrap.scss 20:9                        root stylesheet

When Cypress detects uncaught errors originating from your application it will automatically fail the current test.

This behavior is configurable, and you can choose to turn this off by listening to the `uncaught:exception` event.

https://on.cypress.io/uncaught-exception-from-application" type="Error"><![CDATA[Error: The following error originated from your application code, not from Cypress.

  > Module build failed (from ./node_modules/sass-loader/dist/cjs.js):
SassError: Undefined variable.
    ╷
114 │       @each $key, $value in $gutters {
    │                             ^^^^^^^^
    ╵
  node_modules/bootstrap/scss/mixins/_grid.scss 114:29       @content
  node_modules/bootstrap/scss/mixins/_breakpoints.scss 68:5  media-breakpoint-up()
  node_modules/bootstrap/scss/mixins/_grid.scss 72:5         make-grid-columns()
  node_modules/bootstrap/scss/_grid.scss 32:3                @import
  src/scss/custom-bootstrap.scss 20:9                        root stylesheet

When Cypress detects uncaught errors originating from your application it will automatically fail the current test.

This behavior is configurable, and you can choose to turn this off by listening to the `uncaught:exception` event.

https://on.cypress.io/uncaught-exception-from-application
    at Object../node_modules/css-loader/dist/cjs.js!./node_modules/sass-loader/dist/cjs.js!./src/scss/custom-bootstrap.scss (http://localhost:4000/main.iframe.bundle.js:460:7)
    at __webpack_require__ (http://localhost:4000/runtime~main.iframe.bundle.js:854:30)
    at fn (http://localhost:4000/runtime~main.iframe.bundle.js:151:20)
    at Object../src/scss/custom-bootstrap.scss (http://localhost:4000/main.iframe.bundle.js:82215:27)
    at __webpack_require__ (http://localhost:4000/runtime~main.iframe.bundle.js:854:30)
    at fn (http://localhost:4000/runtime~main.iframe.bundle.js:151:20)
    at Module../.storybook/preview.js (http://localhost:4000/main.iframe.bundle.js:25:89)
    at __webpack_require__ (http://localhost:4000/runtime~main.iframe.bundle.js:854:30)
    at fn (http://localhost:4000/runtime~main.iframe.bundle.js:151:20)
    at Module../.storybook/preview.js-generated-config-entry.js (http://localhost:4000/main.iframe.bundle.js:309:124)]]></failure>
    </testcase>
    <testcase name="Reservation button ButtonTxt should have eaudiobook digital button text" time="0.2630" classname="should have eaudiobook digital button text">
      <failure message="The following error originated from your application code, not from Cypress.

  &gt; Module build failed (from ./node_modules/sass-loader/dist/cjs.js):
SassError: Undefined variable.
    ╷
114 │       @each $key, $value in $gutters {
    │                             ^^^^^^^^
    ╵
  node_modules/bootstrap/scss/mixins/_grid.scss 114:29       @content
  node_modules/bootstrap/scss/mixins/_breakpoints.scss 68:5  media-breakpoint-up()
  node_modules/bootstrap/scss/mixins/_grid.scss 72:5         make-grid-columns()
  node_modules/bootstrap/scss/_grid.scss 32:3                @import
  src/scss/custom-bootstrap.scss 20:9                        root stylesheet

When Cypress detects uncaught errors originating from your application it will automatically fail the current test.

This behavior is configurable, and you can choose to turn this off by listening to the `uncaught:exception` event.

https://on.cypress.io/uncaught-exception-from-application" type="Error"><![CDATA[Error: The following error originated from your application code, not from Cypress.

  > Module build failed (from ./node_modules/sass-loader/dist/cjs.js):
SassError: Undefined variable.
    ╷
114 │       @each $key, $value in $gutters {
    │                             ^^^^^^^^
    ╵
  node_modules/bootstrap/scss/mixins/_grid.scss 114:29       @content
  node_modules/bootstrap/scss/mixins/_breakpoints.scss 68:5  media-breakpoint-up()
  node_modules/bootstrap/scss/mixins/_grid.scss 72:5         make-grid-columns()
  node_modules/bootstrap/scss/_grid.scss 32:3                @import
  src/scss/custom-bootstrap.scss 20:9                        root stylesheet

When Cypress detects uncaught errors originating from your application it will automatically fail the current test.

This behavior is configurable, and you can choose to turn this off by listening to the `uncaught:exception` event.

https://on.cypress.io/uncaught-exception-from-application
    at Object../node_modules/css-loader/dist/cjs.js!./node_modules/sass-loader/dist/cjs.js!./src/scss/custom-bootstrap.scss (http://localhost:4000/main.iframe.bundle.js:460:7)
    at __webpack_require__ (http://localhost:4000/runtime~main.iframe.bundle.js:854:30)
    at fn (http://localhost:4000/runtime~main.iframe.bundle.js:151:20)
    at Object../src/scss/custom-bootstrap.scss (http://localhost:4000/main.iframe.bundle.js:82215:27)
    at __webpack_require__ (http://localhost:4000/runtime~main.iframe.bundle.js:854:30)
    at fn (http://localhost:4000/runtime~main.iframe.bundle.js:151:20)
    at Module../.storybook/preview.js (http://localhost:4000/main.iframe.bundle.js:25:89)
    at __webpack_require__ (http://localhost:4000/runtime~main.iframe.bundle.js:854:30)
    at fn (http://localhost:4000/runtime~main.iframe.bundle.js:151:20)
    at Module../.storybook/preview.js-generated-config-entry.js (http://localhost:4000/main.iframe.bundle.js:309:124)]]></failure>
    </testcase>
    <testcase name="Reservation button ButtonTxt should have Periodica button text" time="0.2470" classname="should have Periodica button text">
      <failure message="The following error originated from your application code, not from Cypress.

  &gt; Module build failed (from ./node_modules/sass-loader/dist/cjs.js):
SassError: Undefined variable.
    ╷
114 │       @each $key, $value in $gutters {
    │                             ^^^^^^^^
    ╵
  node_modules/bootstrap/scss/mixins/_grid.scss 114:29       @content
  node_modules/bootstrap/scss/mixins/_breakpoints.scss 68:5  media-breakpoint-up()
  node_modules/bootstrap/scss/mixins/_grid.scss 72:5         make-grid-columns()
  node_modules/bootstrap/scss/_grid.scss 32:3                @import
  src/scss/custom-bootstrap.scss 20:9                        root stylesheet

When Cypress detects uncaught errors originating from your application it will automatically fail the current test.

This behavior is configurable, and you can choose to turn this off by listening to the `uncaught:exception` event.

https://on.cypress.io/uncaught-exception-from-application" type="Error"><![CDATA[Error: The following error originated from your application code, not from Cypress.

  > Module build failed (from ./node_modules/sass-loader/dist/cjs.js):
SassError: Undefined variable.
    ╷
114 │       @each $key, $value in $gutters {
    │                             ^^^^^^^^
    ╵
  node_modules/bootstrap/scss/mixins/_grid.scss 114:29       @content
  node_modules/bootstrap/scss/mixins/_breakpoints.scss 68:5  media-breakpoint-up()
  node_modules/bootstrap/scss/mixins/_grid.scss 72:5         make-grid-columns()
  node_modules/bootstrap/scss/_grid.scss 32:3                @import
  src/scss/custom-bootstrap.scss 20:9                        root stylesheet

When Cypress detects uncaught errors originating from your application it will automatically fail the current test.

This behavior is configurable, and you can choose to turn this off by listening to the `uncaught:exception` event.

https://on.cypress.io/uncaught-exception-from-application
    at Object../node_modules/css-loader/dist/cjs.js!./node_modules/sass-loader/dist/cjs.js!./src/scss/custom-bootstrap.scss (http://localhost:4000/main.iframe.bundle.js:460:7)
    at __webpack_require__ (http://localhost:4000/runtime~main.iframe.bundle.js:854:30)
    at fn (http://localhost:4000/runtime~main.iframe.bundle.js:151:20)
    at Object../src/scss/custom-bootstrap.scss (http://localhost:4000/main.iframe.bundle.js:82215:27)
    at __webpack_require__ (http://localhost:4000/runtime~main.iframe.bundle.js:854:30)
    at fn (http://localhost:4000/runtime~main.iframe.bundle.js:151:20)
    at Module../.storybook/preview.js (http://localhost:4000/main.iframe.bundle.js:25:89)
    at __webpack_require__ (http://localhost:4000/runtime~main.iframe.bundle.js:854:30)
    at fn (http://localhost:4000/runtime~main.iframe.bundle.js:151:20)
    at Module../.storybook/preview.js-generated-config-entry.js (http://localhost:4000/main.iframe.bundle.js:309:124)]]></failure>
    </testcase>
    <testcase name="Reservation button ButtonTxt should have slow loading" time="0.3870" classname="should have slow loading">
      <failure message="The following error originated from your application code, not from Cypress.

  &gt; Module build failed (from ./node_modules/sass-loader/dist/cjs.js):
SassError: Undefined variable.
    ╷
114 │       @each $key, $value in $gutters {
    │                             ^^^^^^^^
    ╵
  node_modules/bootstrap/scss/mixins/_grid.scss 114:29       @content
  node_modules/bootstrap/scss/mixins/_breakpoints.scss 68:5  media-breakpoint-up()
  node_modules/bootstrap/scss/mixins/_grid.scss 72:5         make-grid-columns()
  node_modules/bootstrap/scss/_grid.scss 32:3                @import
  src/scss/custom-bootstrap.scss 20:9                        root stylesheet

When Cypress detects uncaught errors originating from your application it will automatically fail the current test.

This behavior is configurable, and you can choose to turn this off by listening to the `uncaught:exception` event.

https://on.cypress.io/uncaught-exception-from-application" type="Error"><![CDATA[Error: The following error originated from your application code, not from Cypress.

  > Module build failed (from ./node_modules/sass-loader/dist/cjs.js):
SassError: Undefined variable.
    ╷
114 │       @each $key, $value in $gutters {
    │                             ^^^^^^^^
    ╵
  node_modules/bootstrap/scss/mixins/_grid.scss 114:29       @content
  node_modules/bootstrap/scss/mixins/_breakpoints.scss 68:5  media-breakpoint-up()
  node_modules/bootstrap/scss/mixins/_grid.scss 72:5         make-grid-columns()
  node_modules/bootstrap/scss/_grid.scss 32:3                @import
  src/scss/custom-bootstrap.scss 20:9                        root stylesheet

When Cypress detects uncaught errors originating from your application it will automatically fail the current test.

This behavior is configurable, and you can choose to turn this off by listening to the `uncaught:exception` event.

https://on.cypress.io/uncaught-exception-from-application
    at Object../node_modules/css-loader/dist/cjs.js!./node_modules/sass-loader/dist/cjs.js!./src/scss/custom-bootstrap.scss (http://localhost:4000/main.iframe.bundle.js:460:7)
    at __webpack_require__ (http://localhost:4000/runtime~main.iframe.bundle.js:854:30)
    at fn (http://localhost:4000/runtime~main.iframe.bundle.js:151:20)
    at Object../src/scss/custom-bootstrap.scss (http://localhost:4000/main.iframe.bundle.js:82215:27)
    at __webpack_require__ (http://localhost:4000/runtime~main.iframe.bundle.js:854:30)
    at fn (http://localhost:4000/runtime~main.iframe.bundle.js:151:20)
    at Module../.storybook/preview.js (http://localhost:4000/main.iframe.bundle.js:25:89)
    at __webpack_require__ (http://localhost:4000/runtime~main.iframe.bundle.js:854:30)
    at fn (http://localhost:4000/runtime~main.iframe.bundle.js:151:20)
    at Module../.storybook/preview.js-generated-config-entry.js (http://localhost:4000/main.iframe.bundle.js:309:124)]]></failure>
    </testcase>
  </testsuite>
</testsuites>