<?xml version="1.0" encoding="UTF-8"?>
<testsuites name="Mocha Tests" time="18.3190" tests="22" failures="0">
  <testsuite name="Root Suite" timestamp="2023-03-07T08:21:13" tests="0" file="cypress/e2e/ssr.cy.js" time="0.0000" failures="0">
  </testsuite>
  <testsuite name="Server Side Rendering" timestamp="2023-03-07T08:21:13" tests="0" time="0.0000" failures="0">
  </testsuite>
  <testsuite name="frontpage" timestamp="2023-03-07T08:21:13" tests="2" time="0.7970" failures="0">
    <testcase name="Server Side Rendering frontpage has correct metadata" time="0.4360" classname="has correct metadata">
    </testcase>
    <testcase name="Server Side Rendering frontpage has correct alternate links" time="0.3610" classname="has correct alternate links">
    </testcase>
  </testsuite>
  <testsuite name="material" timestamp="2023-03-07T08:21:14" tests="6" time="6.0110" failures="0">
    <testcase name="Server Side Rendering material has correct metadata" time="1.3570" classname="has correct metadata">
    </testcase>
    <testcase name="Server Side Rendering material has correct alternate links" time="0.3810" classname="has correct alternate links">
    </testcase>
    <testcase name="Server Side Rendering material has json-ld for book" time="0.4190" classname="has json-ld for book">
    </testcase>
    <testcase name="Server Side Rendering material has json-ld for article" time="0.3080" classname="has json-ld for article">
    </testcase>
    <testcase name="Server Side Rendering material has json-ld for movie" time="3.0060" classname="has json-ld for movie">
    </testcase>
    <testcase name="Server Side Rendering material has json-ld for creative work" time="0.5400" classname="has json-ld for creative work">
    </testcase>
  </testsuite>
  <testsuite name="artikler" timestamp="2023-03-07T08:21:20" tests="2" time="1.2740" failures="0">
    <testcase name="Server Side Rendering artikler has correct metadata" time="0.9110" classname="has correct metadata">
    </testcase>
    <testcase name="Server Side Rendering artikler has correct alternate links" time="0.3630" classname="has correct alternate links">
    </testcase>
  </testsuite>
  <testsuite name="hjaelp" timestamp="2023-03-07T08:21:21" tests="2" time="1.0940" failures="0">
    <testcase name="Server Side Rendering hjaelp has correct metadata" time="0.9170" classname="has correct metadata">
    </testcase>
    <testcase name="Server Side Rendering hjaelp has correct alternate links" time="0.1770" classname="has correct alternate links">
    </testcase>
  </testsuite>
  <testsuite name="hjaelp/faq" timestamp="2023-03-07T08:21:22" tests="2" time="0.6610" failures="0">
    <testcase name="Server Side Rendering hjaelp/faq has correct metadata" time="0.5520" classname="has correct metadata">
    </testcase>
    <testcase name="Server Side Rendering hjaelp/faq has correct alternate links" time="0.1090" classname="has correct alternate links">
    </testcase>
  </testsuite>
  <testsuite name="/hjaelp/find" timestamp="2023-03-07T08:21:23" tests="2" time="0.9280" failures="0">
    <testcase name="Server Side Rendering /hjaelp/find has correct metadata" time="0.6680" classname="has correct metadata">
    </testcase>
    <testcase name="Server Side Rendering /hjaelp/find has correct alternate links" time="0.2600" classname="has correct alternate links">
    </testcase>
  </testsuite>
  <testsuite name="find" timestamp="2023-03-07T08:21:24" tests="4" time="1.7720" failures="0">
    <testcase name="Server Side Rendering find has correct metadata" time="0.9970" classname="has correct metadata">
    </testcase>
    <testcase name="Server Side Rendering find has correct alternate links" time="0.2490" classname="has correct alternate links">
    </testcase>
    <testcase name="Server Side Rendering find hitcount must be greater than 0" time="0.1860" classname="hitcount must be greater than 0">
    </testcase>
    <testcase name="Server Side Rendering find Applying a filter results in lower hitcount" time="0.3400" classname="Applying a filter results in lower hitcount">
    </testcase>
  </testsuite>
  <testsuite name="inspiration/material pages" timestamp="2023-03-07T08:21:26" tests="2" time="5.7820" failures="0">
    <testcase name="Server Side Rendering inspiration/material pages has correct metadata" time="3.8150" classname="has correct metadata">
    </testcase>
    <testcase name="Server Side Rendering inspiration/material pages has correct alternate links" time="1.9670" classname="has correct alternate links">
    </testcase>
  </testsuite>
</testsuites>