<?xml version="1.0" encoding="UTF-8"?>
<testsuites name="Mocha Tests" time="0.9950" tests="2" failures="0">
  <testsuite name="Root Suite" timestamp="2023-02-07T14:02:07" tests="0" file="cypress/e2e/old/logo.cy.js" time="0.0000" failures="0">
  </testsuite>
  <testsuite name="Logo" timestamp="2023-02-07T14:02:07" tests="2" time="0.9950" failures="0">
    <testcase name="Logo View in BIG viewport" time="0.7720" classname="View in BIG viewport">
    </testcase>
    <testcase name="Logo View in SMALL viewport" time="0.2230" classname="View in SMALL viewport">
    </testcase>
  </testsuite>
</testsuites>