<?xml version="1.0" encoding="UTF-8"?>
<testsuites name="Mocha Tests" time="2.8880" tests="2" failures="0">
  <testsuite name="Root Suite" timestamp="2023-03-07T09:54:04" tests="0" file="cypress/e2e/old/work.cy.js" time="0.0000" failures="0">
  </testsuite>
  <testsuite name="Work" timestamp="2023-03-07T09:54:04" tests="2" time="2.8880" failures="0">
    <testcase name="Work renders all data on server" time="2.7600" classname="renders all data on server">
    </testcase>
    <testcase name="Work renders no data on server" time="0.1280" classname="renders no data on server">
    </testcase>
  </testsuite>
</testsuites>