<?xml version="1.0" encoding="UTF-8"?>
<testsuites name="Mocha Tests" time="13.9750" tests="11" failures="0">
  <testsuite name="Root Suite" timestamp="2023-03-07T09:49:30" tests="0" file="cypress/e2e/order.cy.js" time="0.0000" failures="0">
  </testsuite>
  <testsuite name="Order" timestamp="2023-03-07T09:49:30" tests="3" time="3.4810" failures="0">
    <testcase name="Order submits ILL order for pids that may be ordered" time="2.1970" classname="submits ILL order for pids that may be ordered">
    </testcase>
    <testcase name="Order should not tab to order modal after it is closed" time="0.7100" classname="should not tab to order modal after it is closed">
    </testcase>
    <testcase name="Order should handle failed checkorder and pickupAllowed=false" time="0.5740" classname="should handle failed checkorder and pickupAllowed=false">
    </testcase>
  </testsuite>
  <testsuite name="Order periodica article " timestamp="2023-03-07T09:49:33" tests="2" time="1.2910" failures="0">
    <testcase name="Order Order periodica article  should order indexed periodica article through digital article service" time="0.6300" classname="should order indexed periodica article through digital article service">
    </testcase>
    <testcase name="Order Order periodica article  should order indexed periodica article through ILL (when branch is not subscribed to article service)" time="0.6610" classname="should order indexed periodica article through ILL (when branch is not subscribed to article service)">
    </testcase>
  </testsuite>
  <testsuite name="Order periodica volume" timestamp="2023-03-07T09:49:35" tests="3" time="7.8760" failures="0">
    <testcase name="Order Order periodica volume should order full periodica volume through ILL, never through digital article service" time="1.6850" classname="should order full periodica volume through ILL, never through digital article service">
    </testcase>
    <testcase name="Order Order periodica volume should order specific article from a periodica volume through digital article service" time="3.3910" classname="should order specific article from a periodica volume through digital article service">
    </testcase>
    <testcase name="Order Order periodica volume should order specific article from a periodica volume through ILL (when branch is not subscribed to article service)" time="2.8000" classname="should order specific article from a periodica volume through ILL (when branch is not subscribed to article service)">
    </testcase>
  </testsuite>
  <testsuite name="Not blocked or Blocked user" timestamp="2023-03-07T09:49:43" tests="3" time="1.3270" failures="0">
    <testcase name="Order Not blocked or Blocked user should not block users from loaning if they are not blocked" time="0.6160" classname="should not block users from loaning if they are not blocked">
    </testcase>
    <testcase name="Order Not blocked or Blocked user should block users from loaning if they are blocked" time="0.5440" classname="should block users from loaning if they are blocked">
    </testcase>
    <testcase name="Order Not blocked or Blocked user should disable link if not present" time="0.1670" classname="should disable link if not present">
    </testcase>
  </testsuite>
</testsuites>