<?xml version="1.0" encoding="UTF-8"?>
<testsuites name="Mocha Tests" time="3.7840" tests="5" failures="0">
  <testsuite name="Root Suite" timestamp="2023-02-07T13:47:20" tests="0" file="cypress/e2e/edition.cy.js" time="0.0000" failures="0">
  </testsuite>
  <testsuite name="Edition" timestamp="2023-02-07T13:47:20" tests="5" time="3.7840" failures="0">
    <testcase name="Edition Single Edition with year, publisher, ordertext" time="2.0300" classname="Single Edition with year, publisher, ordertext">
    </testcase>
    <testcase name="Edition Single Edition with year, publisher, no ordertext" time="0.4480" classname="Single Edition with year, publisher, no ordertext">
    </testcase>
    <testcase name="Edition Any Edition with no year, publisher, with ordertext" time="0.2020" classname="Any Edition with no year, publisher, with ordertext">
    </testcase>
    <testcase name="Edition Any Edition no year, publisher, ordertext" time="0.1950" classname="Any Edition no year, publisher, ordertext">
    </testcase>
    <testcase name="Edition Any Edition no year, publisher, with ordertext, Digital copy" time="0.9090" classname="Any Edition no year, publisher, with ordertext, Digital copy">
    </testcase>
  </testsuite>
</testsuites>