<?xml version="1.0" encoding="UTF-8"?>
<testsuites name="Mocha Tests" time="15.1170" tests="11" failures="0">
  <testsuite name="Root Suite" timestamp="2023-03-07T06:57:07" tests="0" file="cypress/e2e/order.cy.js" time="0.0000" failures="0">
  </testsuite>
  <testsuite name="Order" timestamp="2023-03-07T06:57:07" tests="3" time="3.6390" failures="0">
    <testcase name="Order submits ILL order for pids that may be ordered" time="2.2960" classname="submits ILL order for pids that may be ordered">
    </testcase>
    <testcase name="Order should not tab to order modal after it is closed" time="0.6780" classname="should not tab to order modal after it is closed">
    </testcase>
    <testcase name="Order should handle failed checkorder and pickupAllowed=false" time="0.6650" classname="should handle failed checkorder and pickupAllowed=false">
    </testcase>
  </testsuite>
  <testsuite name="Order periodica article " timestamp="2023-03-07T06:57:11" tests="2" time="1.5880" failures="0">
    <testcase name="Order Order periodica article  should order indexed periodica article through digital article service" time="0.7660" classname="should order indexed periodica article through digital article service">
    </testcase>
    <testcase name="Order Order periodica article  should order indexed periodica article through ILL (when branch is not subscribed to article service)" time="0.8220" classname="should order indexed periodica article through ILL (when branch is not subscribed to article service)">
    </testcase>
  </testsuite>
  <testsuite name="Order periodica volume" timestamp="2023-03-07T06:57:12" tests="3" time="8.1750" failures="0">
    <testcase name="Order Order periodica volume should order full periodica volume through ILL, never through digital article service" time="1.9720" classname="should order full periodica volume through ILL, never through digital article service">
    </testcase>
    <testcase name="Order Order periodica volume should order specific article from a periodica volume through digital article service" time="3.3460" classname="should order specific article from a periodica volume through digital article service">
    </testcase>
    <testcase name="Order Order periodica volume should order specific article from a periodica volume through ILL (when branch is not subscribed to article service)" time="2.8570" classname="should order specific article from a periodica volume through ILL (when branch is not subscribed to article service)">
    </testcase>
  </testsuite>
  <testsuite name="Not blocked or Blocked user" timestamp="2023-03-07T06:57:21" tests="3" time="1.7150" failures="0">
    <testcase name="Order Not blocked or Blocked user should not block users from loaning if they are not blocked" time="1.0120" classname="should not block users from loaning if they are not blocked">
    </testcase>
    <testcase name="Order Not blocked or Blocked user should block users from loaning if they are blocked" time="0.5570" classname="should block users from loaning if they are blocked">
    </testcase>
    <testcase name="Order Not blocked or Blocked user should disable link if not present" time="0.1460" classname="should disable link if not present">
    </testcase>
  </testsuite>
</testsuites>