<?xml version="1.0" encoding="UTF-8"?>
<testsuites name="Mocha Tests" time="7.7860" tests="3" failures="0">
  <testsuite name="Root Suite" timestamp="2022-11-21T14:16:26" tests="0" file="cypress/integration/old/cookiebox.spec.js" time="0.0000" failures="0">
  </testsuite>
  <testsuite name="CookieBox" timestamp="2022-11-21T14:16:26" tests="3" time="7.7860" failures="0">
    <testcase name="CookieBox can accept cookies" time="3.1490" classname="can accept cookies">
    </testcase>
    <testcase name="CookieBox can deny cookies" time="2.5270" classname="can deny cookies">
    </testcase>
    <testcase name="CookieBox can show cookie policy article" time="2.1100" classname="can show cookie policy article">
    </testcase>
  </testsuite>
</testsuites>