<?xml version="1.0" encoding="UTF-8"?>
<testsuites name="Mocha Tests" time="0.8900" tests="1" failures="0">
  <testsuite name="Root Suite" timestamp="2023-01-26T09:00:30" tests="0" file="cypress/e2e/old/text.cy.js" time="0.0000" failures="0">
  </testsuite>
  <testsuite name="Text" timestamp="2023-01-26T09:00:30" tests="1" time="0.8900" failures="0">
    <testcase name="Text Can clamp lines" time="0.8900" classname="Can clamp lines">
    </testcase>
  </testsuite>
</testsuites>