<?xml version="1.0" encoding="UTF-8"?>
<testsuites name="Mocha Tests" time="1.0300" tests="5" failures="0">
  <testsuite name="Root Suite" timestamp="2023-03-07T08:32:57" tests="0" file="cypress/e2e/keywords.cy.js" time="0.0000" failures="0">
  </testsuite>
  <testsuite name="Keywords" timestamp="2023-03-07T08:32:57" tests="5" time="1.0300" failures="0">
    <testcase name="Keywords When keyword has language, it must be danish" time="0.9030" classname="When keyword has language, it must be danish">
    </testcase>
    <testcase name="Keywords Keywords must be unique" time="0.0130" classname="Keywords must be unique">
    </testcase>
    <testcase name="Keywords Subjects should be grouped" time="0.0210" classname="Subjects should be grouped">
    </testcase>
    <testcase name="Keywords Can tab through keywords" time="0.0780" classname="Can tab through keywords">
    </testcase>
    <testcase name="Keywords Can visit keywords" time="0.0150" classname="Can visit keywords">
    </testcase>
  </testsuite>
</testsuites>