<?xml version="1.0" encoding="UTF-8"?>
<testsuites name="Mocha Tests" time="2.3920" tests="2" failures="0">
  <testsuite name="Root Suite" timestamp="2022-11-21T08:24:43" tests="0" file="cypress/integration/old/bibliographicdata.spec.js" time="0.0000" failures="0">
  </testsuite>
  <testsuite name="bibliographic data" timestamp="2022-11-21T08:24:43" tests="2" time="2.3920" failures="0">
    <testcase name="bibliographic data open edition - check contents" time="1.6910" classname="open edition - check contents">
    </testcase>
    <testcase name="bibliographic data Full manifestation - check localizationlink" time="0.7010" classname="Full manifestation - check localizationlink">
    </testcase>
  </testsuite>
</testsuites>