<?xml version="1.0" encoding="UTF-8"?>
<testsuites name="Mocha Tests" time="1.4930" tests="2" failures="0">
  <testsuite name="Root Suite" timestamp="2022-11-21T14:17:41" tests="0" file="cypress/integration/old/references.spec.js" time="0.0000" failures="0">
  </testsuite>
  <testsuite name="References" timestamp="2022-11-21T14:17:41" tests="2" time="1.4930" failures="0">
    <testcase name="References Reference links present" time="0.9150" classname="Reference links present">
    </testcase>
    <testcase name="References Single Edition with year, publisher etc" time="0.5780" classname="Single Edition with year, publisher etc">
    </testcase>
  </testsuite>
</testsuites>