<?xml version="1.0" encoding="UTF-8"?>
<testsuites name="Mocha Tests" time="3.0150" tests="5" failures="0">
  <testsuite name="Root Suite" timestamp="2023-03-07T14:50:41" tests="0" file="cypress/e2e/old/accordion.cy.js" time="0.0000" failures="0">
  </testsuite>
  <testsuite name="Accordion" timestamp="2023-03-07T14:50:41" tests="5" time="3.0150" failures="0">
    <testcase name="Accordion All 5 items in accorion is visible" time="0.6740" classname="All 5 items in accorion is visible">
    </testcase>
    <testcase name="Accordion All 5 items should have visible expand icons" time="0.2090" classname="All 5 items should have visible expand icons">
    </testcase>
    <testcase name="Accordion Can expand and close sections" time="1.0060" classname="Can expand and close sections">
    </testcase>
    <testcase name="Accordion Expand icon changes on click" time="0.5440" classname="Expand icon changes on click">
    </testcase>
    <testcase name="Accordion Can tab through sections" time="0.5820" classname="Can tab through sections">
    </testcase>
  </testsuite>
</testsuites>