<?xml version="1.0" encoding="UTF-8"?>
<testsuites name="Mocha Tests" time="2.7620" tests="3" failures="0">
  <testsuite name="Root Suite" timestamp="2022-11-21T13:35:53" tests="0" file="cypress/integration/old/relatedKeywords.spec.js" time="0.0000" failures="0">
  </testsuite>
  <testsuite name="Related Keywords" timestamp="2022-11-21T13:35:53" tests="3" time="2.7620" failures="0">
    <testcase name="Related Keywords Can tab through related keywords" time="1.7200" classname="Can tab through related keywords">
    </testcase>
    <testcase name="Related Keywords Can visit keywords" time="0.3260" classname="Can visit keywords">
    </testcase>
    <testcase name="Related Keywords Can render and interact with connected related subjects" time="0.7160" classname="Can render and interact with connected related subjects">
    </testcase>
  </testsuite>
</testsuites>