<?xml version="1.0" encoding="UTF-8"?>
<testsuites name="Mocha Tests" time="7.5400" tests="15" failures="0" skipped="4">
  <testsuite name="Root Suite" timestamp="2023-02-07T14:02:17" tests="0" file="cypress/e2e/old/overview.cy.js" time="0.0000" failures="0">
  </testsuite>
  <testsuite name="Overview" timestamp="2023-02-07T14:02:17" tests="0" time="0.0000" failures="0">
  </testsuite>
  <testsuite name="Overview parent" timestamp="2023-02-07T14:02:17" tests="8" time="5.2190" failures="0">
    <testcase name="Overview Overview parent Can tab through to different elements" time="2.2740" classname="Can tab through to different elements">
    </testcase>
    <testcase name="Overview Overview parent Can click on bookmark button" time="0.6910" classname="Can click on bookmark button">
    </testcase>
    <testcase name="Overview Overview parent Can click on button tag" time="0.5280" classname="Can click on button tag">
    </testcase>
    <testcase name="Overview Overview parent Can default its first materialType: " time="1.7260" classname="Can default its first materialType: ">
    </testcase>
  </testsuite>
  <testsuite name="LocalizationsLink" timestamp="2023-02-07T14:02:22" tests="4" time="1.4310" failures="0">
    <testcase name="Overview LocalizationsLink Preferred online" time="0.1810" classname="Preferred online">
    </testcase>
    <testcase name="Overview LocalizationsLink Not available for loan at any library" time="0.4230" classname="Not available for loan at any library">
    </testcase>
    <testcase name="Overview LocalizationsLink Available at libraries" time="0.3880" classname="Available at libraries">
    </testcase>
    <testcase name="Overview LocalizationsLink Slow loading" time="0.4390" classname="Slow loading">
    </testcase>
  </testsuite>
  <testsuite name="Alternative Options" timestamp="2023-02-07T14:02:23" tests="3" time="0.8900" failures="0">
    <testcase name="Overview Alternative Options No alternatives" time="0.3550" classname="No alternatives">
    </testcase>
    <testcase name="Overview Alternative Options With alternatives" time="0.3650" classname="With alternatives">
    </testcase>
    <testcase name="Overview Alternative Options Slow loading" time="0.1700" classname="Slow loading">
    </testcase>
  </testsuite>
</testsuites>