<?xml version="1.0" encoding="UTF-8"?>
<testsuites name="Mocha Tests" time="6.6420" tests="7" failures="0">
  <testsuite name="Root Suite" timestamp="2022-11-21T08:42:01" tests="0" file="cypress/integration/old/radio.spec.js" time="0.0000" failures="0">
  </testsuite>
  <testsuite name="Radio" timestamp="2022-11-21T08:42:01" tests="7" time="6.6420" failures="0">
    <testcase name="Radio Tab leads to active element" time="1.7090" classname="Tab leads to active element">
    </testcase>
    <testcase name="Radio Tab leads to first element" time="0.6970" classname="Tab leads to first element">
    </testcase>
    <testcase name="Radio Down arrow changes focus" time="0.8850" classname="Down arrow changes focus">
    </testcase>
    <testcase name="Radio Right arrow changes focus" time="0.9010" classname="Right arrow changes focus">
    </testcase>
    <testcase name="Radio Up arrow changes focus" time="0.8770" classname="Up arrow changes focus">
    </testcase>
    <testcase name="Radio Left arrow changes focus" time="0.8820" classname="Left arrow changes focus">
    </testcase>
    <testcase name="Radio Disabled group can&apos;t be interacted with" time="0.6910" classname="Disabled group can&apos;t be interacted with">
    </testcase>
  </testsuite>
</testsuites>