<?xml version="1.0" encoding="UTF-8"?>
<testsuites name="Mocha Tests" time="7.7350" tests="7" failures="0">
  <testsuite name="Root Suite" timestamp="2023-03-07T07:00:47" tests="0" file="cypress/e2e/old/help.cy.js" time="0.0000" failures="0">
  </testsuite>
  <testsuite name="help" timestamp="2023-03-07T07:00:47" tests="5" time="6.9910" failures="0">
    <testcase name="help Search: should show empty response message" time="1.9860" classname="Search: should show empty response message">
    </testcase>
    <testcase name="help Search: should show two results" time="0.2290" classname="Search: should show two results">
    </testcase>
    <testcase name="help Search: menu is visible on desktop" time="0.4860" classname="Search: menu is visible on desktop">
    </testcase>
    <testcase name="help Search: menu is hidden on mobile" time="0.5370" classname="Search: menu is hidden on mobile">
    </testcase>
    <testcase name="help Search: filter by language" time="3.7530" classname="Search: filter by language">
    </testcase>
  </testsuite>
  <testsuite name="help menu" timestamp="2023-03-07T07:00:56" tests="1" time="0.2800" failures="0">
    <testcase name="help menu Help menu - tab &amp; click" time="0.2800" classname="Help menu - tab &amp; click">
    </testcase>
  </testsuite>
  <testsuite name="Help texts" timestamp="2023-03-07T07:00:57" tests="1" time="0.4640" failures="0">
    <testcase name="Help texts Help text load properly" time="0.4640" classname="Help text load properly">
    </testcase>
  </testsuite>
</testsuites>