<?xml version="1.0" encoding="UTF-8"?>
<testsuites name="Mocha Tests" time="1.2280" tests="2" failures="0">
  <testsuite name="Root Suite" timestamp="2023-03-07T09:52:01" tests="0" file="cypress/e2e/old/cards.cy.js" time="0.0000" failures="0">
  </testsuite>
  <testsuite name="Cards" timestamp="2023-03-07T09:52:02" tests="2" time="1.2280" failures="0">
    <testcase name="Cards Clicking card links to work page" time="0.8900" classname="Clicking card links to work page">
    </testcase>
    <testcase name="Cards Tabbing will focus cards" time="0.3380" classname="Tabbing will focus cards">
    </testcase>
  </testsuite>
</testsuites>