<?xml version="1.0" encoding="UTF-8"?>
<testsuites name="Mocha Tests" time="1.8780" tests="5" failures="0">
  <testsuite name="Root Suite" timestamp="2023-01-26T07:55:37" tests="0" file="cypress/e2e/old/articles.cy.js" time="0.0000" failures="0">
  </testsuite>
  <testsuite name="Article" timestamp="2023-01-26T07:55:37" tests="5" time="1.8780" failures="0">
    <testcase name="Article Section display article previews" time="0.7490" classname="Section display article previews">
    </testcase>
    <testcase name="Article Tab through article previews" time="0.3100" classname="Tab through article previews">
    </testcase>
    <testcase name="Article Article preview links to article page" time="0.2880" classname="Article preview links to article page">
    </testcase>
    <testcase name="Article Single-section: Can navigate to article" time="0.2720" classname="Single-section: Can navigate to article">
    </testcase>
    <testcase name="Article Single-section: Can navigate to alternative url" time="0.2590" classname="Single-section: Can navigate to alternative url">
    </testcase>
  </testsuite>
</testsuites>