<?xml version="1.0" encoding="UTF-8"?>
<testsuites name="Mocha Tests" time="1.2510" tests="2" failures="0">
  <testsuite name="Root Suite" timestamp="2022-11-21T13:35:24" tests="0" file="cypress/integration/old/logo.spec.js" time="0.0000" failures="0">
  </testsuite>
  <testsuite name="Logo" timestamp="2022-11-21T13:35:24" tests="2" time="1.2510" failures="0">
    <testcase name="Logo View in BIG viewport" time="0.9900" classname="View in BIG viewport">
    </testcase>
    <testcase name="Logo View in SMALL viewport" time="0.2610" classname="View in SMALL viewport">
    </testcase>
  </testsuite>
</testsuites>