<?xml version="1.0" encoding="UTF-8"?>
<testsuites name="Mocha Tests" time="9.5360" tests="11" failures="0" skipped="1">
  <testsuite name="Root Suite" timestamp="2023-01-26T07:53:22" tests="0" file="cypress/e2e/order.cy.js" time="0.0000" failures="0">
  </testsuite>
  <testsuite name="Order" timestamp="2023-01-26T07:53:22" tests="3" time="2.2190" failures="0">
    <testcase name="Order submits ILL order for pids that may be ordered" time="1.0540" classname="submits ILL order for pids that may be ordered">
    </testcase>
    <testcase name="Order should not tab to order modal after it is closed" time="0.6050" classname="should not tab to order modal after it is closed">
    </testcase>
    <testcase name="Order should handle failed checkorder and pickupAllowed=false" time="0.5600" classname="should handle failed checkorder and pickupAllowed=false">
    </testcase>
  </testsuite>
  <testsuite name="Order periodica article " timestamp="2023-01-26T07:53:57" tests="2" time="1.2600" failures="0">
    <testcase name="Order Order periodica article  should order indexed periodica article through digital article service" time="0.6480" classname="should order indexed periodica article through digital article service">
    </testcase>
    <testcase name="Order Order periodica article  should order indexed periodica article through ILL (when branch is not subscribed to article service)" time="0.6120" classname="should order indexed periodica article through ILL (when branch is not subscribed to article service)">
    </testcase>
  </testsuite>
  <testsuite name="Order periodica volume" timestamp="2023-01-26T07:53:59" tests="3" time="4.8470" failures="0">
    <testcase name="Order Order periodica volume should order full periodica volume through ILL, never through digital article service" time="1.5930" classname="should order full periodica volume through ILL, never through digital article service">
    </testcase>
    <testcase name="Order Order periodica volume should order specific article from a periodica volume through ILL (when branch is not subscribed to article service)" time="3.2540" classname="should order specific article from a periodica volume through ILL (when branch is not subscribed to article service)">
    </testcase>
  </testsuite>
  <testsuite name="Not blocked or Blocked user" timestamp="2023-01-26T07:54:04" tests="3" time="1.2100" failures="0">
    <testcase name="Order Not blocked or Blocked user should not block users from loaning if they are not blocked" time="0.5300" classname="should not block users from loaning if they are not blocked">
    </testcase>
    <testcase name="Order Not blocked or Blocked user should block users from loaning if they are blocked" time="0.5280" classname="should block users from loaning if they are blocked">
    </testcase>
    <testcase name="Order Not blocked or Blocked user should disable link if not present" time="0.1520" classname="should disable link if not present">
    </testcase>
  </testsuite>
</testsuites>