<?xml version="1.0" encoding="UTF-8"?>
<testsuites name="Mocha Tests" time="1.8640" tests="2" failures="0">
  <testsuite name="Root Suite" timestamp="2022-11-21T08:43:56" tests="0" file="cypress/integration/ssr.spec.js" time="0.0000" failures="0">
  </testsuite>
  <testsuite name="Server Side Rendering" timestamp="2022-11-21T08:43:56" tests="0" time="0.0000" failures="0">
  </testsuite>
  <testsuite name="material" timestamp="2022-11-21T08:43:56" tests="1" time="0.9880" failures="0">
    <testcase name="Server Side Rendering material has correct metadata" time="0.9880" classname="has correct metadata">
    </testcase>
  </testsuite>
  <testsuite name="inspiration/material pages" timestamp="2022-11-21T08:43:57" tests="1" time="0.8760" failures="0">
    <testcase name="Server Side Rendering inspiration/material pages has correct metadata" time="0.8760" classname="has correct metadata">
    </testcase>
  </testsuite>
</testsuites>