<?xml version="1.0" encoding="UTF-8"?>
<testsuites name="Mocha Tests" time="3.2220" tests="5" failures="0">
  <testsuite name="Root Suite" timestamp="2023-01-26T07:55:22" tests="0" file="cypress/e2e/old/accordion.cy.js" time="0.0000" failures="0">
  </testsuite>
  <testsuite name="Accordion" timestamp="2023-01-26T07:55:22" tests="5" time="3.2220" failures="0">
    <testcase name="Accordion All 5 items in accorion is visible" time="0.6860" classname="All 5 items in accorion is visible">
    </testcase>
    <testcase name="Accordion All 5 items should have visible expand icons" time="0.1970" classname="All 5 items should have visible expand icons">
    </testcase>
    <testcase name="Accordion Can expand and close sections" time="1.2360" classname="Can expand and close sections">
    </testcase>
    <testcase name="Accordion Expand icon changes on click" time="0.5730" classname="Expand icon changes on click">
    </testcase>
    <testcase name="Accordion Can tab through sections" time="0.5300" classname="Can tab through sections">
    </testcase>
  </testsuite>
</testsuites>