<?xml version="1.0" encoding="UTF-8"?>
<testsuites name="Mocha Tests" time="6.6650" tests="6" failures="0">
  <testsuite name="Root Suite" timestamp="2022-11-22T11:28:49" tests="0" file="cypress/integration/old/help.spec.js" time="0.0000" failures="0">
  </testsuite>
  <testsuite name="help" timestamp="2022-11-22T11:28:49" tests="5" time="6.4490" failures="0">
    <testcase name="help Search: should show empty response message" time="1.2970" classname="Search: should show empty response message">
    </testcase>
    <testcase name="help Search: should show two results" time="0.2690" classname="Search: should show two results">
    </testcase>
    <testcase name="help Search: menu is visible on desktop" time="0.3030" classname="Search: menu is visible on desktop">
    </testcase>
    <testcase name="help Search: menu is hidden on mobile" time="0.3420" classname="Search: menu is hidden on mobile">
    </testcase>
    <testcase name="help Search: filter by language" time="4.2380" classname="Search: filter by language">
    </testcase>
  </testsuite>
  <testsuite name="help menu" timestamp="2022-11-22T11:28:57" tests="1" time="0.2160" failures="0">
    <testcase name="help menu Help menu - tab &amp; click" time="0.2160" classname="Help menu - tab &amp; click">
    </testcase>
  </testsuite>
</testsuites>