<?xml version="1.0" encoding="UTF-8"?>
<testsuites name="Mocha Tests" time="8.2770" tests="3" failures="0">
  <testsuite name="Root Suite" timestamp="2022-11-22T11:28:18" tests="0" file="cypress/integration/old/cookiebox.spec.js" time="0.0000" failures="0">
  </testsuite>
  <testsuite name="CookieBox" timestamp="2022-11-22T11:28:18" tests="3" time="8.2770" failures="0">
    <testcase name="CookieBox can accept cookies" time="3.4620" classname="can accept cookies">
    </testcase>
    <testcase name="CookieBox can deny cookies" time="2.7650" classname="can deny cookies">
    </testcase>
    <testcase name="CookieBox can show cookie policy article" time="2.0500" classname="can show cookie policy article">
    </testcase>
  </testsuite>
</testsuites>