<?xml version="1.0" encoding="UTF-8"?>
<testsuites name="Mocha Tests" time="14.3920" tests="6" failures="0">
  <testsuite name="Root Suite" timestamp="2022-11-21T14:06:15" tests="0" file="cypress/integration/filter.spec.js" time="0.0000" failures="0">
  </testsuite>
  <testsuite name="Filter" timestamp="2022-11-21T14:06:15" tests="6" time="14.3920" failures="0">
    <testcase name="Filter workTypes facet is excluded from facets list" time="2.6550" classname="workTypes facet is excluded from facets list">
    </testcase>
    <testcase name="Filter Tab is trapped inside modal" time="1.5190" classname="Tab is trapped inside modal">
    </testcase>
    <testcase name="Filter Can update filters in query and sync with url" time="2.4620" classname="Can update filters in query and sync with url">
    </testcase>
    <testcase name="Filter Can clear all selected filters" time="2.2710" classname="Can clear all selected filters">
    </testcase>
    <testcase name="Filter Can parse facet containing &quot;,&quot;" time="1.5340" classname="Can parse facet containing &quot;,&quot;">
    </testcase>
    <testcase name="Filter Restore filters when browser&apos;s back button is used" time="3.9510" classname="Restore filters when browser&apos;s back button is used">
    </testcase>
  </testsuite>
</testsuites>