<?xml version="1.0" encoding="UTF-8"?>
<testsuites name="Mocha Tests" time="2.8750" tests="2" failures="0">
  <testsuite name="Root Suite" timestamp="2023-03-29T12:29:52" tests="0" file="cypress/e2e/relatedworks.cy.js" time="0.0000" failures="0">
  </testsuite>
  <testsuite name="Related works" timestamp="2023-03-29T12:29:52" tests="2" time="2.8750" failures="0">
    <testcase name="Related works desktop" time="2.3780" classname="desktop">
    </testcase>
    <testcase name="Related works mobile" time="0.4970" classname="mobile">
    </testcase>
  </testsuite>
</testsuites>