<?xml version="1.0" encoding="UTF-8"?>
<testsuites name="Mocha Tests" time="2.0650" tests="2" failures="0">
  <testsuite name="Root Suite" timestamp="2022-11-21T13:36:17" tests="0" file="cypress/integration/old/sliders.spec.js" time="0.0000" failures="0">
  </testsuite>
  <testsuite name="Sliders" timestamp="2022-11-21T13:36:17" tests="2" time="2.0650" failures="0">
    <testcase name="Sliders Buttons may be used to slide" time="1.6230" classname="Buttons may be used to slide">
    </testcase>
    <testcase name="Sliders Tabbing may be used to slide" time="0.4420" classname="Tabbing may be used to slide">
    </testcase>
  </testsuite>
</testsuites>