<?xml version="1.0" encoding="UTF-8"?>
<testsuites name="Mocha Tests" time="0.0000" tests="1" failures="0" skipped="1">
  <testsuite name="Root Suite" timestamp="2022-11-21T08:41:54" tests="0" file="cypress/integration/old/options.spec.js" time="0.0000" failures="0">
  </testsuite>
  <testsuite name="Overview" timestamp="2022-11-21T08:41:54" tests="1" time="0.0000" failures="0">
  </testsuite>
</testsuites>