<?xml version="1.0" encoding="UTF-8"?>
<testsuites name="Mocha Tests" time="3.1140" tests="7" failures="0">
  <testsuite name="Root Suite" timestamp="2022-11-21T14:06:42" tests="0" file="cypress/integration/old/anchor.spec.js" time="0.0000" failures="0">
  </testsuite>
  <testsuite name="Anchor menu" timestamp="2022-11-21T14:06:42" tests="7" time="3.1140" failures="0">
    <testcase name="Anchor menu Should render 5 sections" time="1.3260" classname="Should render 5 sections">
    </testcase>
    <testcase name="Anchor menu Should render 5 menu items" time="0.3120" classname="Should render 5 menu items">
    </testcase>
    <testcase name="Anchor menu Should navigato to clicked section (Section 4)" time="0.3590" classname="Should navigato to clicked section (Section 4)">
    </testcase>
    <testcase name="Anchor menu Should navigato to clicked section (Section 2)" time="0.3420" classname="Should navigato to clicked section (Section 2)">
    </testcase>
    <testcase name="Anchor menu Should chnage active element on scroll" time="0.3600" classname="Should chnage active element on scroll">
    </testcase>
    <testcase name="Anchor menu Menu gets sticky on the fly" time="0.2170" classname="Menu gets sticky on the fly">
    </testcase>
    <testcase name="Anchor menu Menu gets relative on the fly" time="0.1980" classname="Menu gets relative on the fly">
    </testcase>
  </testsuite>
</testsuites>