<?xml version="1.0" encoding="UTF-8"?>
<testsuites name="Mocha Tests" time="2.5100" tests="2" failures="0">
  <testsuite name="Root Suite" timestamp="2022-11-21T14:08:52" tests="0" file="cypress/integration/old/references.spec.js" time="0.0000" failures="0">
  </testsuite>
  <testsuite name="References" timestamp="2022-11-21T14:08:52" tests="2" time="2.5100" failures="0">
    <testcase name="References Reference links present" time="1.3640" classname="Reference links present">
    </testcase>
    <testcase name="References Single Edition with year, publisher etc" time="1.1460" classname="Single Edition with year, publisher etc">
    </testcase>
  </testsuite>
</testsuites>