<?xml version="1.0" encoding="UTF-8"?>
<testsuites name="Mocha Tests" time="2.1930" tests="7" failures="0">
  <testsuite name="Root Suite" timestamp="2022-11-21T13:48:38" tests="0" file="cypress/integration/old/anchor.spec.js" time="0.0000" failures="0">
  </testsuite>
  <testsuite name="Anchor menu" timestamp="2022-11-21T13:48:38" tests="7" time="2.1930" failures="0">
    <testcase name="Anchor menu Should render 5 sections" time="0.8660" classname="Should render 5 sections">
    </testcase>
    <testcase name="Anchor menu Should render 5 menu items" time="0.1860" classname="Should render 5 menu items">
    </testcase>
    <testcase name="Anchor menu Should navigato to clicked section (Section 4)" time="0.2930" classname="Should navigato to clicked section (Section 4)">
    </testcase>
    <testcase name="Anchor menu Should navigato to clicked section (Section 2)" time="0.2800" classname="Should navigato to clicked section (Section 2)">
    </testcase>
    <testcase name="Anchor menu Should chnage active element on scroll" time="0.2850" classname="Should chnage active element on scroll">
    </testcase>
    <testcase name="Anchor menu Menu gets sticky on the fly" time="0.1520" classname="Menu gets sticky on the fly">
    </testcase>
    <testcase name="Anchor menu Menu gets relative on the fly" time="0.1310" classname="Menu gets relative on the fly">
    </testcase>
  </testsuite>
</testsuites>