<?xml version="1.0" encoding="UTF-8"?>
<testsuites name="Mocha Tests" time="2.2630" tests="3" failures="0">
  <testsuite name="Root Suite" timestamp="2022-11-21T08:41:34" tests="0" file="cypress/integration/old/localizations.spec.js" time="0.0000" failures="0">
  </testsuite>
  <testsuite name="Localization link" timestamp="2022-11-21T08:41:34" tests="3" time="2.2630" failures="0">
    <testcase name="Localization link Localizations list with holdings" time="1.8030" classname="Localizations list with holdings">
    </testcase>
    <testcase name="Localization link Localization link present" time="0.1960" classname="Localization link present">
    </testcase>
    <testcase name="Localization link Localization link present" time="0.2640" classname="Localization link present">
    </testcase>
  </testsuite>
</testsuites>