<?xml version="1.0" encoding="UTF-8"?>
<testsuites name="Mocha Tests" time="1.5120" tests="2" failures="0">
  <testsuite name="Root Suite" timestamp="2022-11-21T13:36:38" tests="0" file="cypress/integration/old/work.spec.js" time="0.0000" failures="0">
  </testsuite>
  <testsuite name="Work" timestamp="2022-11-21T13:36:38" tests="2" time="1.5120" failures="0">
    <testcase name="Work renders all data on server" time="1.3820" classname="renders all data on server">
    </testcase>
    <testcase name="Work renders no data on server" time="0.1300" classname="renders no data on server">
    </testcase>
  </testsuite>
</testsuites>