<?xml version="1.0" encoding="UTF-8"?>
<testsuites name="Mocha Tests" time="2.6010" tests="1" failures="0">
  <testsuite name="Root Suite" timestamp="2023-03-07T08:32:43" tests="1" file="cypress/e2e/errorRedirect.cy.js" time="2.6010" failures="0">
    <testcase name="redirect to 404" time="2.6010" classname="redirect to 404">
    </testcase>
  </testsuite>
</testsuites>