<?xml version="1.0" encoding="UTF-8"?>
<testsuites name="Mocha Tests" time="1.6920" tests="2" failures="0">
  <testsuite name="Root Suite" timestamp="2023-02-07T13:51:10" tests="0" file="cypress/e2e/old/sliders.cy.js" time="0.0000" failures="0">
  </testsuite>
  <testsuite name="Sliders" timestamp="2023-02-07T13:51:10" tests="2" time="1.6920" failures="0">
    <testcase name="Sliders Buttons may be used to slide" time="1.2690" classname="Buttons may be used to slide">
    </testcase>
    <testcase name="Sliders Tabbing may be used to slide" time="0.4230" classname="Tabbing may be used to slide">
    </testcase>
  </testsuite>
</testsuites>