<?xml version="1.0" encoding="UTF-8"?>
<testsuites name="Mocha Tests" time="1.3300" tests="1" failures="0">
  <testsuite name="Root Suite" timestamp="2022-11-21T14:07:47" tests="0" file="cypress/integration/old/feedbacklink.spec.js" time="0.0000" failures="0">
  </testsuite>
  <testsuite name="feedbacklink" timestamp="2022-11-21T14:07:47" tests="1" time="1.3300" failures="0">
    <testcase name="feedbacklink check link to kunderservice" time="1.3300" classname="check link to kunderservice">
    </testcase>
  </testsuite>
</testsuites>