<?xml version="1.0" encoding="UTF-8"?>
<testsuites name="Mocha Tests" time="18.0910" tests="8" failures="0" skipped="1">
  <testsuite name="Root Suite" timestamp="2022-11-21T14:08:59" tests="0" file="cypress/integration/old/search.spec.js" time="0.0000" failures="0">
  </testsuite>
  <testsuite name="Search" timestamp="2022-11-21T14:08:59" tests="8" time="18.0910" failures="0">
    <testcase name="Search Should show search results" time="3.0340" classname="Should show search results">
    </testcase>
    <testcase name="Search Should link to work page" time="2.9340" classname="Should link to work page">
    </testcase>
    <testcase name="Search Should collect data when searching and clicking work" time="6.8270" classname="Should collect data when searching and clicking work">
    </testcase>
    <testcase name="Search Should focus elements when tabbing" time="1.5560" classname="Should focus elements when tabbing">
    </testcase>
    <testcase name="Search Should focus pagination buttons when tabbing" time="0.4630" classname="Should focus pagination buttons when tabbing">
    </testcase>
    <testcase name="Search Desktop: Fake searchfield not visible" time="1.2290" classname="Desktop: Fake searchfield not visible">
    </testcase>
    <testcase name="Search Mobile: Has searchfield including query" time="2.0480" classname="Mobile: Has searchfield including query">
    </testcase>
  </testsuite>
</testsuites>