<?xml version="1.0" encoding="UTF-8"?>
<testsuites name="Mocha Tests" time="1.9880" tests="8" failures="0" skipped="2">
  <testsuite name="Root Suite" timestamp="2023-01-26T07:54:16" tests="0" file="cypress/e2e/reviews.cy.js" time="0.0000" failures="0">
  </testsuite>
  <testsuite name="Overview" timestamp="2023-01-26T07:54:16" tests="0" time="0.0000" failures="0">
  </testsuite>
  <testsuite name="Page" timestamp="2023-01-26T07:54:16" tests="1" time="1.4900" failures="0">
    <testcase name="Overview Page Displays the contents of a review from infomedia" time="1.4900" classname="Displays the contents of a review from infomedia">
    </testcase>
  </testsuite>
  <testsuite name="Review Slider" timestamp="2023-01-26T07:54:17" tests="7" time="0.4980" failures="0">
    <testcase name="Overview Review Slider First review should be visible - last not visible" time="0.4230" classname="First review should be visible - last not visible">
    </testcase>
    <testcase name="Overview Review Slider should link to mentioned work for librarians review" time="0.0160" classname="should link to mentioned work for librarians review">
    </testcase>
    <testcase name="Overview Review Slider infomedia review should link to infomedia page" time="0.0130" classname="infomedia review should link to infomedia page">
    </testcase>
    <testcase name="Overview Review Slider external review should link to external site" time="0.0140" classname="external review should link to external site">
    </testcase>
    <testcase name="Overview Review Slider reviews are ordered correctly" time="0.0320" classname="reviews are ordered correctly">
    </testcase>
  </testsuite>
</testsuites>