<?xml version="1.0" encoding="UTF-8"?>
<testsuites name="Mocha Tests" time="16.3760" tests="22" failures="0" skipped="1">
  <testsuite name="Root Suite" timestamp="2023-01-26T08:56:50" tests="0" file="cypress/e2e/search.cy.js" time="0.0000" failures="0">
  </testsuite>
  <testsuite name="Search" timestamp="2023-01-26T08:56:50" tests="0" time="0.0000" failures="0">
  </testsuite>
  <testsuite name="Form" timestamp="2023-01-26T08:56:50" tests="7" time="10.8980" failures="0">
    <testcase name="Search Form Maps query parameters from url to input fields" time="1.2320" classname="Maps query parameters from url to input fields">
    </testcase>
    <testcase name="Search Form Maps query parameters from input fields to url to input fields" time="2.9760" classname="Maps query parameters from input fields to url to input fields">
    </testcase>
    <testcase name="Search Form Click input clear button should NOT be reflected in URL immediately" time="0.7940" classname="Click input clear button should NOT be reflected in URL immediately">
    </testcase>
    <testcase name="Search Form Editing default search input, should not wipe other input" time="1.9800" classname="Editing default search input, should not wipe other input">
    </testcase>
    <testcase name="Search Form All default input suggestions will search with q.all" time="2.1860" classname="All default input suggestions will search with q.all">
    </testcase>
    <testcase name="Search Form Tab away from input will not sync with URL immediately" time="1.0970" classname="Tab away from input will not sync with URL immediately">
    </testcase>
    <testcase name="Search Form Pressing enter will sync with URL immediately" time="0.6330" classname="Pressing enter will sync with URL immediately">
    </testcase>
  </testsuite>
  <testsuite name="Mobile" timestamp="2023-01-26T08:57:01" tests="3" time="2.2070" failures="0">
    <testcase name="Search Form Mobile Maintains input value when opening mobile suggester" time="0.5410" classname="Maintains input value when opening mobile suggester">
    </testcase>
    <testcase name="Search Form Mobile Hide mobile search button when expanded" time="0.5250" classname="Hide mobile search button when expanded">
    </testcase>
    <testcase name="Search Form Mobile Click input clear on mobile should NOT be reflected in URL immediately" time="1.1410" classname="Click input clear on mobile should NOT be reflected in URL immediately">
    </testcase>
  </testsuite>
  <testsuite name="Result" timestamp="2023-01-26T08:57:04" tests="1" time="0.6720" failures="0">
    <testcase name="Search Result Maps from URL params to a search result" time="0.6720" classname="Maps from URL params to a search result">
    </testcase>
  </testsuite>
  <testsuite name="ResultRow" timestamp="2023-01-26T08:57:04" tests="6" time="1.2860" failures="0">
    <testcase name="Search ResultRow Should have all data" time="0.2380" classname="Should have all data">
    </testcase>
    <testcase name="Search ResultRow should not have cover" time="0.2210" classname="should not have cover">
    </testcase>
    <testcase name="Search ResultRow should not have creator" time="0.2090" classname="should not have creator">
    </testcase>
    <testcase name="Search ResultRow should not have titles" time="0.2060" classname="should not have titles">
    </testcase>
    <testcase name="Search ResultRow should not have materialTypes" time="0.2080" classname="should not have materialTypes">
    </testcase>
    <testcase name="Search ResultRow slow loading" time="0.2040" classname="slow loading">
    </testcase>
  </testsuite>
  <testsuite name="Related search subjects" timestamp="2023-01-26T08:57:06" tests="5" time="1.3130" failures="0">
    <testcase name="Search Related search subjects Can tab through related keywords" time="0.3370" classname="Can tab through related keywords">
    </testcase>
    <testcase name="Search Related search subjects Can render and interact with connected related subjects" time="0.5790" classname="Can render and interact with connected related subjects">
    </testcase>
    <testcase name="Search Related search subjects Can visit keywords" time="0.1850" classname="Can visit keywords">
    </testcase>
    <testcase name="Search Related search subjects Will not show anything if empty" time="0.2120" classname="Will not show anything if empty">
    </testcase>
  </testsuite>
</testsuites>