<?xml version="1.0" encoding="UTF-8"?>
<testsuites name="Mocha Tests" time="1.7680" tests="3" failures="0">
  <testsuite name="Root Suite" timestamp="2023-03-07T07:01:00" tests="0" file="cypress/e2e/old/localizations.cy.js" time="0.0000" failures="0">
  </testsuite>
  <testsuite name="Localization link" timestamp="2023-03-07T07:01:00" tests="3" time="1.7680" failures="0">
    <testcase name="Localization link Localizations list with holdings" time="1.3170" classname="Localizations list with holdings">
    </testcase>
    <testcase name="Localization link Localization link present" time="0.1890" classname="Localization link present">
    </testcase>
    <testcase name="Localization link Localization link present" time="0.2620" classname="Localization link present">
    </testcase>
  </testsuite>
</testsuites>