<?xml version="1.0" encoding="UTF-8"?>
<testsuites name="Mocha Tests" time="1.5220" tests="2" failures="0">
  <testsuite name="Root Suite" timestamp="2022-11-21T13:48:57" tests="0" file="cypress/integration/old/banner.spec.js" time="0.0000" failures="0">
  </testsuite>
  <testsuite name="TopBanner" timestamp="2022-11-21T13:48:57" tests="2" time="1.5220" failures="0">
    <testcase name="TopBanner View in BIG viewport" time="1.4960" classname="View in BIG viewport">
    </testcase>
    <testcase name="TopBanner View in SMALL viewport" time="0.0260" classname="View in SMALL viewport">
    </testcase>
  </testsuite>
</testsuites>