<?xml version="1.0" encoding="UTF-8"?>
<testsuites name="Mocha Tests" time="0.7950" tests="1" failures="0">
  <testsuite name="Root Suite" timestamp="2023-02-07T14:02:33" tests="0" file="cypress/e2e/old/references.cy.js" time="0.0000" failures="0">
  </testsuite>
  <testsuite name="References" timestamp="2023-02-07T14:02:33" tests="1" time="0.7950" failures="0">
    <testcase name="References Reference links present" time="0.7950" classname="Reference links present">
    </testcase>
  </testsuite>
</testsuites>