<?xml version="1.0" encoding="UTF-8"?>
<testsuites name="Mocha Tests" time="6.5430" tests="7" failures="0">
  <testsuite name="Root Suite" timestamp="2022-11-21T14:17:32" tests="0" file="cypress/integration/old/radio.spec.js" time="0.0000" failures="0">
  </testsuite>
  <testsuite name="Radio" timestamp="2022-11-21T14:17:32" tests="7" time="6.5430" failures="0">
    <testcase name="Radio Tab leads to active element" time="1.5990" classname="Tab leads to active element">
    </testcase>
    <testcase name="Radio Tab leads to first element" time="0.7050" classname="Tab leads to first element">
    </testcase>
    <testcase name="Radio Down arrow changes focus" time="0.8840" classname="Down arrow changes focus">
    </testcase>
    <testcase name="Radio Right arrow changes focus" time="0.9070" classname="Right arrow changes focus">
    </testcase>
    <testcase name="Radio Up arrow changes focus" time="0.9030" classname="Up arrow changes focus">
    </testcase>
    <testcase name="Radio Left arrow changes focus" time="0.8830" classname="Left arrow changes focus">
    </testcase>
    <testcase name="Radio Disabled group can&apos;t be interacted with" time="0.6620" classname="Disabled group can&apos;t be interacted with">
    </testcase>
  </testsuite>
</testsuites>