<?xml version="1.0" encoding="UTF-8"?>
<testsuites name="Mocha Tests" time="0.6830" tests="1" failures="0">
  <testsuite name="Root Suite" timestamp="2023-03-07T08:36:41" tests="0" file="cypress/e2e/old/loanerform.cy.js" time="0.0000" failures="0">
  </testsuite>
  <testsuite name="LoanerForm" timestamp="2023-03-07T08:36:41" tests="1" time="0.6830" failures="0">
    <testcase name="LoanerForm Digital copy" time="0.6830" classname="Digital copy">
    </testcase>
  </testsuite>
</testsuites>