<?xml version="1.0" encoding="UTF-8"?>
<testsuites name="Mocha Tests" time="2.4120" tests="3" failures="0">
  <testsuite name="Root Suite" timestamp="2022-11-21T13:49:49" tests="0" file="cypress/integration/old/localizations.spec.js" time="0.0000" failures="0">
  </testsuite>
  <testsuite name="Localization link" timestamp="2022-11-21T13:49:49" tests="3" time="2.4120" failures="0">
    <testcase name="Localization link Localizations list with holdings" time="1.8160" classname="Localizations list with holdings">
    </testcase>
    <testcase name="Localization link Localization link present" time="0.2690" classname="Localization link present">
    </testcase>
    <testcase name="Localization link Localization link present" time="0.3270" classname="Localization link present">
    </testcase>
  </testsuite>
</testsuites>