<?xml version="1.0" encoding="UTF-8"?>
<testsuites name="Mocha Tests" time="1.4030" tests="1" failures="0">
  <testsuite name="Root Suite" timestamp="2022-11-21T14:15:56" tests="0" file="cypress/integration/inspiration.spec.js" time="0.0000" failures="0">
  </testsuite>
  <testsuite name="Inspiration" timestamp="2022-11-21T14:15:56" tests="0" time="0.0000" failures="0">
  </testsuite>
  <testsuite name="Slider" timestamp="2022-11-21T14:15:56" tests="1" time="1.4030" failures="0">
    <testcase name="Inspiration Slider Can fetch data in connected component" time="1.4030" classname="Can fetch data in connected component">
    </testcase>
  </testsuite>
</testsuites>