<?xml version="1.0" encoding="UTF-8"?>
<testsuites name="Mocha Tests" time="7.6510" tests="7" failures="0">
  <testsuite name="Root Suite" timestamp="2023-03-07T09:52:36" tests="0" file="cypress/e2e/old/help.cy.js" time="0.0000" failures="0">
  </testsuite>
  <testsuite name="help" timestamp="2023-03-07T09:52:36" tests="5" time="6.9330" failures="0">
    <testcase name="help Search: should show empty response message" time="1.9340" classname="Search: should show empty response message">
    </testcase>
    <testcase name="help Search: should show two results" time="0.2290" classname="Search: should show two results">
    </testcase>
    <testcase name="help Search: menu is visible on desktop" time="0.4210" classname="Search: menu is visible on desktop">
    </testcase>
    <testcase name="help Search: menu is hidden on mobile" time="0.3680" classname="Search: menu is hidden on mobile">
    </testcase>
    <testcase name="help Search: filter by language" time="3.9810" classname="Search: filter by language">
    </testcase>
  </testsuite>
  <testsuite name="help menu" timestamp="2023-03-07T09:52:45" tests="1" time="0.2380" failures="0">
    <testcase name="help menu Help menu - tab &amp; click" time="0.2380" classname="Help menu - tab &amp; click">
    </testcase>
  </testsuite>
  <testsuite name="Help texts" timestamp="2023-03-07T09:52:45" tests="1" time="0.4800" failures="0">
    <testcase name="Help texts Help text load properly" time="0.4800" classname="Help text load properly">
    </testcase>
  </testsuite>
</testsuites>