<?xml version="1.0" encoding="UTF-8"?>
<testsuites name="Mocha Tests" time="9.4830" tests="3" failures="0">
  <testsuite name="Root Suite" timestamp="2023-01-26T08:58:20" tests="0" file="cypress/e2e/old/cookiebox.cy.js" time="0.0000" failures="0">
  </testsuite>
  <testsuite name="CookieBox" timestamp="2023-01-26T08:58:20" tests="3" time="9.4830" failures="0">
    <testcase name="CookieBox can accept cookies" time="3.3130" classname="can accept cookies">
    </testcase>
    <testcase name="CookieBox can deny cookies" time="3.0570" classname="can deny cookies">
    </testcase>
    <testcase name="CookieBox can show cookie policy article" time="3.1130" classname="can show cookie policy article">
    </testcase>
  </testsuite>
</testsuites>