<?xml version="1.0" encoding="UTF-8"?>
<testsuites name="Mocha Tests" time="1.8800" tests="3" failures="0">
  <testsuite name="Root Suite" timestamp="2023-01-26T08:59:49" tests="0" file="cypress/e2e/old/relatedKeywords.cy.js" time="0.0000" failures="0">
  </testsuite>
  <testsuite name="Related Keywords" timestamp="2023-01-26T08:59:49" tests="3" time="1.8800" failures="0">
    <testcase name="Related Keywords Can tab through related keywords" time="1.0560" classname="Can tab through related keywords">
    </testcase>
    <testcase name="Related Keywords Can visit keywords" time="0.1940" classname="Can visit keywords">
    </testcase>
    <testcase name="Related Keywords Can render and interact with connected related subjects" time="0.6300" classname="Can render and interact with connected related subjects">
    </testcase>
  </testsuite>
</testsuites>