<?xml version="1.0" encoding="UTF-8"?>
<testsuites name="Mocha Tests" time="7.0140" tests="2" failures="0">
  <testsuite name="Root Suite" timestamp="2022-11-22T11:31:21" tests="0" file="cypress/integration/searchFeedBack.spec.js" time="0.0000" failures="0">
  </testsuite>
  <testsuite name="searchfeedback" timestamp="2022-11-22T11:31:21" tests="2" time="7.0140" failures="0">
    <testcase name="searchfeedback thumbsup click" time="6.4310" classname="thumbsup click">
    </testcase>
    <testcase name="searchfeedback thumbsdown click" time="0.5830" classname="thumbsdown click">
    </testcase>
  </testsuite>
</testsuites>