<?xml version="1.0" encoding="UTF-8"?>
<testsuites name="Mocha Tests" time="0.7930" tests="1" failures="0">
  <testsuite name="Root Suite" timestamp="2023-03-07T09:53:59" tests="0" file="cypress/e2e/old/text.cy.js" time="0.0000" failures="0">
  </testsuite>
  <testsuite name="Text" timestamp="2023-03-07T09:53:59" tests="1" time="0.7930" failures="0">
    <testcase name="Text Can clamp lines" time="0.7930" classname="Can clamp lines">
    </testcase>
  </testsuite>
</testsuites>