<?xml version="1.0" encoding="UTF-8"?>
<testsuites name="Mocha Tests" time="1.9430" tests="7" failures="7">
  <testsuite name="Root Suite" timestamp="2023-03-07T08:18:06" tests="0" file="cypress/e2e/old/anchor.cy.js" time="0.0000" failures="0">
  </testsuite>
  <testsuite name="Anchor menu" timestamp="2023-03-07T08:18:07" tests="7" time="1.9430" failures="7">
    <testcase name="Anchor menu Should render 5 sections" time="0.2850" classname="Should render 5 sections">
      <failure message="The following error originated from your application code, not from Cypress.

  &gt; Module build failed (from ./node_modules/sass-loader/dist/cjs.js):
SassError: Undefined variable.
    ╷
114 │       @each $key, $value in $gutters {
    │                             ^^^^^^^^
    ╵
  node_modules/bootstrap/scss/mixins/_grid.scss 114:29       @content
  node_modules/bootstrap/scss/mixins/_breakpoints.scss 68:5  media-breakpoint-up()
  node_modules/bootstrap/scss/mixins/_grid.scss 72:5         make-grid-columns()
  node_modules/bootstrap/scss/_grid.scss 32:3                @import
  src/scss/custom-bootstrap.scss 20:9                        root stylesheet

When Cypress detects uncaught errors originating from your application it will automatically fail the current test.

This behavior is configurable, and you can choose to turn this off by listening to the `uncaught:exception` event.

https://on.cypress.io/uncaught-exception-from-application" type="Error"><![CDATA[Error: The following error originated from your application code, not from Cypress.

  > Module build failed (from ./node_modules/sass-loader/dist/cjs.js):
SassError: Undefined variable.
    ╷
114 │       @each $key, $value in $gutters {
    │                             ^^^^^^^^
    ╵
  node_modules/bootstrap/scss/mixins/_grid.scss 114:29       @content
  node_modules/bootstrap/scss/mixins/_breakpoints.scss 68:5  media-breakpoint-up()
  node_modules/bootstrap/scss/mixins/_grid.scss 72:5         make-grid-columns()
  node_modules/bootstrap/scss/_grid.scss 32:3                @import
  src/scss/custom-bootstrap.scss 20:9                        root stylesheet

When Cypress detects uncaught errors originating from your application it will automatically fail the current test.

This behavior is configurable, and you can choose to turn this off by listening to the `uncaught:exception` event.

https://on.cypress.io/uncaught-exception-from-application
    at Object../node_modules/css-loader/dist/cjs.js!./node_modules/sass-loader/dist/cjs.js!./src/scss/custom-bootstrap.scss (http://localhost:4000/main.iframe.bundle.js:460:7)
    at __webpack_require__ (http://localhost:4000/runtime~main.iframe.bundle.js:854:30)
    at fn (http://localhost:4000/runtime~main.iframe.bundle.js:151:20)
    at Object../src/scss/custom-bootstrap.scss (http://localhost:4000/main.iframe.bundle.js:82215:27)
    at __webpack_require__ (http://localhost:4000/runtime~main.iframe.bundle.js:854:30)
    at fn (http://localhost:4000/runtime~main.iframe.bundle.js:151:20)
    at Module../.storybook/preview.js (http://localhost:4000/main.iframe.bundle.js:25:89)
    at __webpack_require__ (http://localhost:4000/runtime~main.iframe.bundle.js:854:30)
    at fn (http://localhost:4000/runtime~main.iframe.bundle.js:151:20)
    at Module../.storybook/preview.js-generated-config-entry.js (http://localhost:4000/main.iframe.bundle.js:309:124)]]></failure>
    </testcase>
    <testcase name="Anchor menu Should render 5 menu items" time="0.2980" classname="Should render 5 menu items">
      <failure message="The following error originated from your application code, not from Cypress.

  &gt; Module build failed (from ./node_modules/sass-loader/dist/cjs.js):
SassError: Undefined variable.
    ╷
114 │       @each $key, $value in $gutters {
    │                             ^^^^^^^^
    ╵
  node_modules/bootstrap/scss/mixins/_grid.scss 114:29       @content
  node_modules/bootstrap/scss/mixins/_breakpoints.scss 68:5  media-breakpoint-up()
  node_modules/bootstrap/scss/mixins/_grid.scss 72:5         make-grid-columns()
  node_modules/bootstrap/scss/_grid.scss 32:3                @import
  src/scss/custom-bootstrap.scss 20:9                        root stylesheet

When Cypress detects uncaught errors originating from your application it will automatically fail the current test.

This behavior is configurable, and you can choose to turn this off by listening to the `uncaught:exception` event.

https://on.cypress.io/uncaught-exception-from-application" type="Error"><![CDATA[Error: The following error originated from your application code, not from Cypress.

  > Module build failed (from ./node_modules/sass-loader/dist/cjs.js):
SassError: Undefined variable.
    ╷
114 │       @each $key, $value in $gutters {
    │                             ^^^^^^^^
    ╵
  node_modules/bootstrap/scss/mixins/_grid.scss 114:29       @content
  node_modules/bootstrap/scss/mixins/_breakpoints.scss 68:5  media-breakpoint-up()
  node_modules/bootstrap/scss/mixins/_grid.scss 72:5         make-grid-columns()
  node_modules/bootstrap/scss/_grid.scss 32:3                @import
  src/scss/custom-bootstrap.scss 20:9                        root stylesheet

When Cypress detects uncaught errors originating from your application it will automatically fail the current test.

This behavior is configurable, and you can choose to turn this off by listening to the `uncaught:exception` event.

https://on.cypress.io/uncaught-exception-from-application
    at Object../node_modules/css-loader/dist/cjs.js!./node_modules/sass-loader/dist/cjs.js!./src/scss/custom-bootstrap.scss (http://localhost:4000/main.iframe.bundle.js:460:7)
    at __webpack_require__ (http://localhost:4000/runtime~main.iframe.bundle.js:854:30)
    at fn (http://localhost:4000/runtime~main.iframe.bundle.js:151:20)
    at Object../src/scss/custom-bootstrap.scss (http://localhost:4000/main.iframe.bundle.js:82215:27)
    at __webpack_require__ (http://localhost:4000/runtime~main.iframe.bundle.js:854:30)
    at fn (http://localhost:4000/runtime~main.iframe.bundle.js:151:20)
    at Module../.storybook/preview.js (http://localhost:4000/main.iframe.bundle.js:25:89)
    at __webpack_require__ (http://localhost:4000/runtime~main.iframe.bundle.js:854:30)
    at fn (http://localhost:4000/runtime~main.iframe.bundle.js:151:20)
    at Module../.storybook/preview.js-generated-config-entry.js (http://localhost:4000/main.iframe.bundle.js:309:124)]]></failure>
    </testcase>
    <testcase name="Anchor menu Should navigato to clicked section (Section 4)" time="0.2570" classname="Should navigato to clicked section (Section 4)">
      <failure message="The following error originated from your application code, not from Cypress.

  &gt; Module build failed (from ./node_modules/sass-loader/dist/cjs.js):
SassError: Undefined variable.
    ╷
114 │       @each $key, $value in $gutters {
    │                             ^^^^^^^^
    ╵
  node_modules/bootstrap/scss/mixins/_grid.scss 114:29       @content
  node_modules/bootstrap/scss/mixins/_breakpoints.scss 68:5  media-breakpoint-up()
  node_modules/bootstrap/scss/mixins/_grid.scss 72:5         make-grid-columns()
  node_modules/bootstrap/scss/_grid.scss 32:3                @import
  src/scss/custom-bootstrap.scss 20:9                        root stylesheet

When Cypress detects uncaught errors originating from your application it will automatically fail the current test.

This behavior is configurable, and you can choose to turn this off by listening to the `uncaught:exception` event.

https://on.cypress.io/uncaught-exception-from-application" type="Error"><![CDATA[Error: The following error originated from your application code, not from Cypress.

  > Module build failed (from ./node_modules/sass-loader/dist/cjs.js):
SassError: Undefined variable.
    ╷
114 │       @each $key, $value in $gutters {
    │                             ^^^^^^^^
    ╵
  node_modules/bootstrap/scss/mixins/_grid.scss 114:29       @content
  node_modules/bootstrap/scss/mixins/_breakpoints.scss 68:5  media-breakpoint-up()
  node_modules/bootstrap/scss/mixins/_grid.scss 72:5         make-grid-columns()
  node_modules/bootstrap/scss/_grid.scss 32:3                @import
  src/scss/custom-bootstrap.scss 20:9                        root stylesheet

When Cypress detects uncaught errors originating from your application it will automatically fail the current test.

This behavior is configurable, and you can choose to turn this off by listening to the `uncaught:exception` event.

https://on.cypress.io/uncaught-exception-from-application
    at Object../node_modules/css-loader/dist/cjs.js!./node_modules/sass-loader/dist/cjs.js!./src/scss/custom-bootstrap.scss (http://localhost:4000/main.iframe.bundle.js:460:7)
    at __webpack_require__ (http://localhost:4000/runtime~main.iframe.bundle.js:854:30)
    at fn (http://localhost:4000/runtime~main.iframe.bundle.js:151:20)
    at Object../src/scss/custom-bootstrap.scss (http://localhost:4000/main.iframe.bundle.js:82215:27)
    at __webpack_require__ (http://localhost:4000/runtime~main.iframe.bundle.js:854:30)
    at fn (http://localhost:4000/runtime~main.iframe.bundle.js:151:20)
    at Module../.storybook/preview.js (http://localhost:4000/main.iframe.bundle.js:25:89)
    at __webpack_require__ (http://localhost:4000/runtime~main.iframe.bundle.js:854:30)
    at fn (http://localhost:4000/runtime~main.iframe.bundle.js:151:20)
    at Module../.storybook/preview.js-generated-config-entry.js (http://localhost:4000/main.iframe.bundle.js:309:124)]]></failure>
    </testcase>
    <testcase name="Anchor menu Should navigato to clicked section (Section 2)" time="0.2690" classname="Should navigato to clicked section (Section 2)">
      <failure message="The following error originated from your application code, not from Cypress.

  &gt; Module build failed (from ./node_modules/sass-loader/dist/cjs.js):
SassError: Undefined variable.
    ╷
114 │       @each $key, $value in $gutters {
    │                             ^^^^^^^^
    ╵
  node_modules/bootstrap/scss/mixins/_grid.scss 114:29       @content
  node_modules/bootstrap/scss/mixins/_breakpoints.scss 68:5  media-breakpoint-up()
  node_modules/bootstrap/scss/mixins/_grid.scss 72:5         make-grid-columns()
  node_modules/bootstrap/scss/_grid.scss 32:3                @import
  src/scss/custom-bootstrap.scss 20:9                        root stylesheet

When Cypress detects uncaught errors originating from your application it will automatically fail the current test.

This behavior is configurable, and you can choose to turn this off by listening to the `uncaught:exception` event.

https://on.cypress.io/uncaught-exception-from-application" type="Error"><![CDATA[Error: The following error originated from your application code, not from Cypress.

  > Module build failed (from ./node_modules/sass-loader/dist/cjs.js):
SassError: Undefined variable.
    ╷
114 │       @each $key, $value in $gutters {
    │                             ^^^^^^^^
    ╵
  node_modules/bootstrap/scss/mixins/_grid.scss 114:29       @content
  node_modules/bootstrap/scss/mixins/_breakpoints.scss 68:5  media-breakpoint-up()
  node_modules/bootstrap/scss/mixins/_grid.scss 72:5         make-grid-columns()
  node_modules/bootstrap/scss/_grid.scss 32:3                @import
  src/scss/custom-bootstrap.scss 20:9                        root stylesheet

When Cypress detects uncaught errors originating from your application it will automatically fail the current test.

This behavior is configurable, and you can choose to turn this off by listening to the `uncaught:exception` event.

https://on.cypress.io/uncaught-exception-from-application
    at Object../node_modules/css-loader/dist/cjs.js!./node_modules/sass-loader/dist/cjs.js!./src/scss/custom-bootstrap.scss (http://localhost:4000/main.iframe.bundle.js:460:7)
    at __webpack_require__ (http://localhost:4000/runtime~main.iframe.bundle.js:854:30)
    at fn (http://localhost:4000/runtime~main.iframe.bundle.js:151:20)
    at Object../src/scss/custom-bootstrap.scss (http://localhost:4000/main.iframe.bundle.js:82215:27)
    at __webpack_require__ (http://localhost:4000/runtime~main.iframe.bundle.js:854:30)
    at fn (http://localhost:4000/runtime~main.iframe.bundle.js:151:20)
    at Module../.storybook/preview.js (http://localhost:4000/main.iframe.bundle.js:25:89)
    at __webpack_require__ (http://localhost:4000/runtime~main.iframe.bundle.js:854:30)
    at fn (http://localhost:4000/runtime~main.iframe.bundle.js:151:20)
    at Module../.storybook/preview.js-generated-config-entry.js (http://localhost:4000/main.iframe.bundle.js:309:124)]]></failure>
    </testcase>
    <testcase name="Anchor menu Should chnage active element on scroll" time="0.2780" classname="Should chnage active element on scroll">
      <failure message="The following error originated from your application code, not from Cypress.

  &gt; Module build failed (from ./node_modules/sass-loader/dist/cjs.js):
SassError: Undefined variable.
    ╷
114 │       @each $key, $value in $gutters {
    │                             ^^^^^^^^
    ╵
  node_modules/bootstrap/scss/mixins/_grid.scss 114:29       @content
  node_modules/bootstrap/scss/mixins/_breakpoints.scss 68:5  media-breakpoint-up()
  node_modules/bootstrap/scss/mixins/_grid.scss 72:5         make-grid-columns()
  node_modules/bootstrap/scss/_grid.scss 32:3                @import
  src/scss/custom-bootstrap.scss 20:9                        root stylesheet

When Cypress detects uncaught errors originating from your application it will automatically fail the current test.

This behavior is configurable, and you can choose to turn this off by listening to the `uncaught:exception` event.

https://on.cypress.io/uncaught-exception-from-application" type="Error"><![CDATA[Error: The following error originated from your application code, not from Cypress.

  > Module build failed (from ./node_modules/sass-loader/dist/cjs.js):
SassError: Undefined variable.
    ╷
114 │       @each $key, $value in $gutters {
    │                             ^^^^^^^^
    ╵
  node_modules/bootstrap/scss/mixins/_grid.scss 114:29       @content
  node_modules/bootstrap/scss/mixins/_breakpoints.scss 68:5  media-breakpoint-up()
  node_modules/bootstrap/scss/mixins/_grid.scss 72:5         make-grid-columns()
  node_modules/bootstrap/scss/_grid.scss 32:3                @import
  src/scss/custom-bootstrap.scss 20:9                        root stylesheet

When Cypress detects uncaught errors originating from your application it will automatically fail the current test.

This behavior is configurable, and you can choose to turn this off by listening to the `uncaught:exception` event.

https://on.cypress.io/uncaught-exception-from-application
    at Object../node_modules/css-loader/dist/cjs.js!./node_modules/sass-loader/dist/cjs.js!./src/scss/custom-bootstrap.scss (http://localhost:4000/main.iframe.bundle.js:460:7)
    at __webpack_require__ (http://localhost:4000/runtime~main.iframe.bundle.js:854:30)
    at fn (http://localhost:4000/runtime~main.iframe.bundle.js:151:20)
    at Object../src/scss/custom-bootstrap.scss (http://localhost:4000/main.iframe.bundle.js:82215:27)
    at __webpack_require__ (http://localhost:4000/runtime~main.iframe.bundle.js:854:30)
    at fn (http://localhost:4000/runtime~main.iframe.bundle.js:151:20)
    at Module../.storybook/preview.js (http://localhost:4000/main.iframe.bundle.js:25:89)
    at __webpack_require__ (http://localhost:4000/runtime~main.iframe.bundle.js:854:30)
    at fn (http://localhost:4000/runtime~main.iframe.bundle.js:151:20)
    at Module../.storybook/preview.js-generated-config-entry.js (http://localhost:4000/main.iframe.bundle.js:309:124)]]></failure>
    </testcase>
    <testcase name="Anchor menu Menu gets sticky on the fly" time="0.2760" classname="Menu gets sticky on the fly">
      <failure message="The following error originated from your application code, not from Cypress.

  &gt; Module build failed (from ./node_modules/sass-loader/dist/cjs.js):
SassError: Undefined variable.
    ╷
114 │       @each $key, $value in $gutters {
    │                             ^^^^^^^^
    ╵
  node_modules/bootstrap/scss/mixins/_grid.scss 114:29       @content
  node_modules/bootstrap/scss/mixins/_breakpoints.scss 68:5  media-breakpoint-up()
  node_modules/bootstrap/scss/mixins/_grid.scss 72:5         make-grid-columns()
  node_modules/bootstrap/scss/_grid.scss 32:3                @import
  src/scss/custom-bootstrap.scss 20:9                        root stylesheet

When Cypress detects uncaught errors originating from your application it will automatically fail the current test.

This behavior is configurable, and you can choose to turn this off by listening to the `uncaught:exception` event.

https://on.cypress.io/uncaught-exception-from-application" type="Error"><![CDATA[Error: The following error originated from your application code, not from Cypress.

  > Module build failed (from ./node_modules/sass-loader/dist/cjs.js):
SassError: Undefined variable.
    ╷
114 │       @each $key, $value in $gutters {
    │                             ^^^^^^^^
    ╵
  node_modules/bootstrap/scss/mixins/_grid.scss 114:29       @content
  node_modules/bootstrap/scss/mixins/_breakpoints.scss 68:5  media-breakpoint-up()
  node_modules/bootstrap/scss/mixins/_grid.scss 72:5         make-grid-columns()
  node_modules/bootstrap/scss/_grid.scss 32:3                @import
  src/scss/custom-bootstrap.scss 20:9                        root stylesheet

When Cypress detects uncaught errors originating from your application it will automatically fail the current test.

This behavior is configurable, and you can choose to turn this off by listening to the `uncaught:exception` event.

https://on.cypress.io/uncaught-exception-from-application
    at Object../node_modules/css-loader/dist/cjs.js!./node_modules/sass-loader/dist/cjs.js!./src/scss/custom-bootstrap.scss (http://localhost:4000/main.iframe.bundle.js:460:7)
    at __webpack_require__ (http://localhost:4000/runtime~main.iframe.bundle.js:854:30)
    at fn (http://localhost:4000/runtime~main.iframe.bundle.js:151:20)
    at Object../src/scss/custom-bootstrap.scss (http://localhost:4000/main.iframe.bundle.js:82215:27)
    at __webpack_require__ (http://localhost:4000/runtime~main.iframe.bundle.js:854:30)
    at fn (http://localhost:4000/runtime~main.iframe.bundle.js:151:20)
    at Module../.storybook/preview.js (http://localhost:4000/main.iframe.bundle.js:25:89)
    at __webpack_require__ (http://localhost:4000/runtime~main.iframe.bundle.js:854:30)
    at fn (http://localhost:4000/runtime~main.iframe.bundle.js:151:20)
    at Module../.storybook/preview.js-generated-config-entry.js (http://localhost:4000/main.iframe.bundle.js:309:124)]]></failure>
    </testcase>
    <testcase name="Anchor menu Menu gets relative on the fly" time="0.2800" classname="Menu gets relative on the fly">
      <failure message="The following error originated from your application code, not from Cypress.

  &gt; Module build failed (from ./node_modules/sass-loader/dist/cjs.js):
SassError: Undefined variable.
    ╷
114 │       @each $key, $value in $gutters {
    │                             ^^^^^^^^
    ╵
  node_modules/bootstrap/scss/mixins/_grid.scss 114:29       @content
  node_modules/bootstrap/scss/mixins/_breakpoints.scss 68:5  media-breakpoint-up()
  node_modules/bootstrap/scss/mixins/_grid.scss 72:5         make-grid-columns()
  node_modules/bootstrap/scss/_grid.scss 32:3                @import
  src/scss/custom-bootstrap.scss 20:9                        root stylesheet

When Cypress detects uncaught errors originating from your application it will automatically fail the current test.

This behavior is configurable, and you can choose to turn this off by listening to the `uncaught:exception` event.

https://on.cypress.io/uncaught-exception-from-application" type="Error"><![CDATA[Error: The following error originated from your application code, not from Cypress.

  > Module build failed (from ./node_modules/sass-loader/dist/cjs.js):
SassError: Undefined variable.
    ╷
114 │       @each $key, $value in $gutters {
    │                             ^^^^^^^^
    ╵
  node_modules/bootstrap/scss/mixins/_grid.scss 114:29       @content
  node_modules/bootstrap/scss/mixins/_breakpoints.scss 68:5  media-breakpoint-up()
  node_modules/bootstrap/scss/mixins/_grid.scss 72:5         make-grid-columns()
  node_modules/bootstrap/scss/_grid.scss 32:3                @import
  src/scss/custom-bootstrap.scss 20:9                        root stylesheet

When Cypress detects uncaught errors originating from your application it will automatically fail the current test.

This behavior is configurable, and you can choose to turn this off by listening to the `uncaught:exception` event.

https://on.cypress.io/uncaught-exception-from-application
    at Object../node_modules/css-loader/dist/cjs.js!./node_modules/sass-loader/dist/cjs.js!./src/scss/custom-bootstrap.scss (http://localhost:4000/main.iframe.bundle.js:460:7)
    at __webpack_require__ (http://localhost:4000/runtime~main.iframe.bundle.js:854:30)
    at fn (http://localhost:4000/runtime~main.iframe.bundle.js:151:20)
    at Object../src/scss/custom-bootstrap.scss (http://localhost:4000/main.iframe.bundle.js:82215:27)
    at __webpack_require__ (http://localhost:4000/runtime~main.iframe.bundle.js:854:30)
    at fn (http://localhost:4000/runtime~main.iframe.bundle.js:151:20)
    at Module../.storybook/preview.js (http://localhost:4000/main.iframe.bundle.js:25:89)
    at __webpack_require__ (http://localhost:4000/runtime~main.iframe.bundle.js:854:30)
    at fn (http://localhost:4000/runtime~main.iframe.bundle.js:151:20)
    at Module../.storybook/preview.js-generated-config-entry.js (http://localhost:4000/main.iframe.bundle.js:309:124)]]></failure>
    </testcase>
  </testsuite>
</testsuites>