<?xml version="1.0" encoding="UTF-8"?>
<testsuites name="Mocha Tests" time="11.6960" tests="6" failures="0">
  <testsuite name="Root Suite" timestamp="2023-02-07T14:01:24" tests="0" file="cypress/e2e/old/feedback.cy.js" time="0.0000" failures="0">
  </testsuite>
  <testsuite name="feedback" timestamp="2023-02-07T14:01:25" tests="6" time="11.6960" failures="0">
    <testcase name="feedback View in BIG viewport" time="0.8620" classname="View in BIG viewport">
    </testcase>
    <testcase name="feedback View in SMALL viewport" time="0.0220" classname="View in SMALL viewport">
    </testcase>
    <testcase name="feedback toggle feedback" time="0.1080" classname="toggle feedback">
    </testcase>
    <testcase name="feedback toggle feedback" time="0.1060" classname="toggle feedback">
    </testcase>
    <testcase name="feedback test session timer" time="5.2410" classname="test session timer">
    </testcase>
    <testcase name="feedback test cookie timer" time="5.3570" classname="test cookie timer">
    </testcase>
  </testsuite>
</testsuites>