<?xml version="1.0" encoding="UTF-8"?>
<testsuites name="Mocha Tests" time="7.6450" tests="15" failures="0" skipped="4">
  <testsuite name="Root Suite" timestamp="2023-02-07T12:34:00" tests="0" file="cypress/e2e/old/overview.cy.js" time="0.0000" failures="0">
  </testsuite>
  <testsuite name="Overview" timestamp="2023-02-07T12:34:00" tests="0" time="0.0000" failures="0">
  </testsuite>
  <testsuite name="Overview parent" timestamp="2023-02-07T12:34:00" tests="8" time="5.4580" failures="0">
    <testcase name="Overview Overview parent Can tab through to different elements" time="2.3240" classname="Can tab through to different elements">
    </testcase>
    <testcase name="Overview Overview parent Can click on bookmark button" time="0.4960" classname="Can click on bookmark button">
    </testcase>
    <testcase name="Overview Overview parent Can click on button tag" time="0.9720" classname="Can click on button tag">
    </testcase>
    <testcase name="Overview Overview parent Can default its first materialType: " time="1.6660" classname="Can default its first materialType: ">
    </testcase>
  </testsuite>
  <testsuite name="LocalizationsLink" timestamp="2023-02-07T12:34:05" tests="4" time="1.3000" failures="0">
    <testcase name="Overview LocalizationsLink Preferred online" time="0.1680" classname="Preferred online">
    </testcase>
    <testcase name="Overview LocalizationsLink Not available for loan at any library" time="0.3340" classname="Not available for loan at any library">
    </testcase>
    <testcase name="Overview LocalizationsLink Available at libraries" time="0.3870" classname="Available at libraries">
    </testcase>
    <testcase name="Overview LocalizationsLink Slow loading" time="0.4110" classname="Slow loading">
    </testcase>
  </testsuite>
  <testsuite name="Alternative Options" timestamp="2023-02-07T12:34:07" tests="3" time="0.8870" failures="0">
    <testcase name="Overview Alternative Options No alternatives" time="0.3520" classname="No alternatives">
    </testcase>
    <testcase name="Overview Alternative Options With alternatives" time="0.3630" classname="With alternatives">
    </testcase>
    <testcase name="Overview Alternative Options Slow loading" time="0.1720" classname="Slow loading">
    </testcase>
  </testsuite>
</testsuites>