<?xml version="1.0" encoding="UTF-8"?>
<testsuites name="Mocha Tests" time="1.8090" tests="3" failures="0">
  <testsuite name="Root Suite" timestamp="2022-11-22T11:29:38" tests="0" file="cypress/integration/old/relatedKeywords.spec.js" time="0.0000" failures="0">
  </testsuite>
  <testsuite name="Related Keywords" timestamp="2022-11-22T11:29:38" tests="3" time="1.8090" failures="0">
    <testcase name="Related Keywords Can tab through related keywords" time="1.0780" classname="Can tab through related keywords">
    </testcase>
    <testcase name="Related Keywords Can visit keywords" time="0.1860" classname="Can visit keywords">
    </testcase>
    <testcase name="Related Keywords Can render and interact with connected related subjects" time="0.5450" classname="Can render and interact with connected related subjects">
    </testcase>
  </testsuite>
</testsuites>