<?xml version="1.0" encoding="UTF-8"?>
<testsuites name="Mocha Tests" time="20.9640" tests="22" failures="0">
  <testsuite name="Root Suite" timestamp="2023-03-07T14:50:17" tests="0" file="cypress/e2e/ssr.cy.js" time="0.0000" failures="0">
  </testsuite>
  <testsuite name="Server Side Rendering" timestamp="2023-03-07T14:50:17" tests="0" time="0.0000" failures="0">
  </testsuite>
  <testsuite name="frontpage" timestamp="2023-03-07T14:50:17" tests="2" time="0.7590" failures="0">
    <testcase name="Server Side Rendering frontpage has correct metadata" time="0.4090" classname="has correct metadata">
    </testcase>
    <testcase name="Server Side Rendering frontpage has correct alternate links" time="0.3500" classname="has correct alternate links">
    </testcase>
  </testsuite>
  <testsuite name="material" timestamp="2023-03-07T14:50:18" tests="6" time="10.3660" failures="0">
    <testcase name="Server Side Rendering material has correct metadata" time="4.5620" classname="has correct metadata">
    </testcase>
    <testcase name="Server Side Rendering material has correct alternate links" time="0.3420" classname="has correct alternate links">
    </testcase>
    <testcase name="Server Side Rendering material has json-ld for book" time="0.3720" classname="has json-ld for book">
    </testcase>
    <testcase name="Server Side Rendering material has json-ld for article" time="0.4510" classname="has json-ld for article">
    </testcase>
    <testcase name="Server Side Rendering material has json-ld for movie" time="3.1870" classname="has json-ld for movie">
    </testcase>
    <testcase name="Server Side Rendering material has json-ld for creative work" time="1.4520" classname="has json-ld for creative work">
    </testcase>
  </testsuite>
  <testsuite name="artikler" timestamp="2023-03-07T14:50:28" tests="2" time="1.1990" failures="0">
    <testcase name="Server Side Rendering artikler has correct metadata" time="0.8700" classname="has correct metadata">
    </testcase>
    <testcase name="Server Side Rendering artikler has correct alternate links" time="0.3290" classname="has correct alternate links">
    </testcase>
  </testsuite>
  <testsuite name="hjaelp" timestamp="2023-03-07T14:50:29" tests="2" time="0.6560" failures="0">
    <testcase name="Server Side Rendering hjaelp has correct metadata" time="0.4740" classname="has correct metadata">
    </testcase>
    <testcase name="Server Side Rendering hjaelp has correct alternate links" time="0.1820" classname="has correct alternate links">
    </testcase>
  </testsuite>
  <testsuite name="hjaelp/faq" timestamp="2023-03-07T14:50:30" tests="2" time="0.5530" failures="0">
    <testcase name="Server Side Rendering hjaelp/faq has correct metadata" time="0.4140" classname="has correct metadata">
    </testcase>
    <testcase name="Server Side Rendering hjaelp/faq has correct alternate links" time="0.1390" classname="has correct alternate links">
    </testcase>
  </testsuite>
  <testsuite name="/hjaelp/find" timestamp="2023-03-07T14:50:31" tests="2" time="0.8830" failures="0">
    <testcase name="Server Side Rendering /hjaelp/find has correct metadata" time="0.5520" classname="has correct metadata">
    </testcase>
    <testcase name="Server Side Rendering /hjaelp/find has correct alternate links" time="0.3310" classname="has correct alternate links">
    </testcase>
  </testsuite>
  <testsuite name="find" timestamp="2023-03-07T14:50:31" tests="4" time="1.4060" failures="0">
    <testcase name="Server Side Rendering find has correct metadata" time="0.6070" classname="has correct metadata">
    </testcase>
    <testcase name="Server Side Rendering find has correct alternate links" time="0.2570" classname="has correct alternate links">
    </testcase>
    <testcase name="Server Side Rendering find hitcount must be greater than 0" time="0.1910" classname="hitcount must be greater than 0">
    </testcase>
    <testcase name="Server Side Rendering find Applying a filter results in lower hitcount" time="0.3510" classname="Applying a filter results in lower hitcount">
    </testcase>
  </testsuite>
  <testsuite name="inspiration/material pages" timestamp="2023-03-07T14:50:33" tests="2" time="5.1420" failures="0">
    <testcase name="Server Side Rendering inspiration/material pages has correct metadata" time="3.4880" classname="has correct metadata">
    </testcase>
    <testcase name="Server Side Rendering inspiration/material pages has correct alternate links" time="1.6540" classname="has correct alternate links">
    </testcase>
  </testsuite>
</testsuites>