<?xml version="1.0" encoding="UTF-8"?>
<testsuites name="Mocha Tests" time="0.7160" tests="1" failures="0">
  <testsuite name="Root Suite" timestamp="2023-01-26T13:11:46" tests="0" file="cypress/e2e/old/feedbacklink.cy.js" time="0.0000" failures="0">
  </testsuite>
  <testsuite name="feedbacklink" timestamp="2023-01-26T13:11:46" tests="1" time="0.7160" failures="0">
    <testcase name="feedbacklink check link to kunderservice" time="0.7160" classname="check link to kunderservice">
    </testcase>
  </testsuite>
</testsuites>