<?xml version="1.0" encoding="UTF-8"?>
<testsuites name="Mocha Tests" time="7.4700" tests="9" failures="1">
  <testsuite name="Root Suite" timestamp="2023-03-29T12:34:20" tests="0" file="cypress/e2e/old/suggester.cy.js" time="0.0000" failures="0">
  </testsuite>
  <testsuite name="Suggester" timestamp="2023-03-29T12:34:20" tests="8" time="2.4030" failures="0">
    <testcase name="Suggester Show container + container suggestions on user type" time="0.7730" classname="Show container + container suggestions on user type">
    </testcase>
    <testcase name="Suggester Can use arrows to navigate thrue suggestions" time="0.3360" classname="Can use arrows to navigate thrue suggestions">
    </testcase>
    <testcase name="Suggester Can select suggestion on &apos;Enter&apos; click" time="0.2480" classname="Can select suggestion on &apos;Enter&apos; click">
    </testcase>
    <testcase name="Suggester Can select suggestion on &apos;tab&apos; click" time="0.2750" classname="Can select suggestion on &apos;tab&apos; click">
    </testcase>
    <testcase name="Suggester Desktop: Can select suggestion on &apos;mouse&apos; click" time="0.1880" classname="Desktop: Can select suggestion on &apos;mouse&apos; click">
    </testcase>
    <testcase name="Suggester Mobile: Can select suggestion on &apos;mouse&apos; click" time="0.1880" classname="Mobile: Can select suggestion on &apos;mouse&apos; click">
    </testcase>
    <testcase name="Suggester Mobile: Should have search history on mobile version of suggester" time="0.2960" classname="Mobile: Should have search history on mobile version of suggester">
    </testcase>
    <testcase name="Suggester Mobile: Clear history on mobile version of suggester" time="0.0990" classname="Mobile: Clear history on mobile version of suggester">
    </testcase>
  </testsuite>
  <testsuite name="Suggester data collect" timestamp="2023-03-29T12:34:22" tests="1" time="5.0670" failures="1">
    <testcase name="Suggester data collect Should collect data for suggester" time="5.0670" classname="Should collect data for suggester">
      <failure message="Timed out retrying after 4000ms: Expected to find element: `[data-cy=button-ok]`, but never found it." type="AssertionError"><![CDATA[AssertionError: Timed out retrying after 4000ms: Expected to find element: `[data-cy=button-ok]`, but never found it.
    at Context.eval (http://localhost:3000/__cypress/tests?p=cypress/e2e/old/suggester.cy.js:188:8)]]></failure>
    </testcase>
  </testsuite>
</testsuites>