<?xml version="1.0" encoding="UTF-8"?>
<testsuites name="Mocha Tests" time="8.2430" tests="10" failures="0">
  <testsuite name="Root Suite" timestamp="2022-11-22T11:27:54" tests="0" file="cypress/integration/old/articlePage.spec.js" time="0.0000" failures="0">
  </testsuite>
  <testsuite name="ArticlePage" timestamp="2022-11-22T11:27:54" tests="0" time="0.0000" failures="0">
  </testsuite>
  <testsuite name="News article (from drupal)" timestamp="2022-11-22T11:27:54" tests="5" time="1.9980" failures="0">
    <testcase name="ArticlePage News article (from drupal) Check if article has parsed body image" time="1.7850" classname="Check if article has parsed body image">
    </testcase>
    <testcase name="ArticlePage News article (from drupal) Check if article has parsed body image" time="0.0580" classname="Check if article has parsed body image">
    </testcase>
    <testcase name="ArticlePage News article (from drupal) Shows calculated read time" time="0.0210" classname="Shows calculated read time">
    </testcase>
    <testcase name="ArticlePage News article (from drupal) Shows correct category for news article (the ones from drupal)" time="0.0200" classname="Shows correct category for news article (the ones from drupal)">
    </testcase>
    <testcase name="ArticlePage News article (from drupal) Print article" time="0.1140" classname="Print article">
    </testcase>
  </testsuite>
  <testsuite name="Infomedia article" timestamp="2022-11-22T11:27:56" tests="5" time="6.2450" failures="0">
    <testcase name="ArticlePage Infomedia article Shows infomedia data" time="0.4760" classname="Shows infomedia data">
    </testcase>
    <testcase name="ArticlePage Infomedia article Print article" time="0.3940" classname="Print article">
    </testcase>
    <testcase name="ArticlePage Infomedia article Shows login prompt when not logged in" time="2.0880" classname="Shows login prompt when not logged in">
    </testcase>
    <testcase name="ArticlePage Infomedia article Shows login prompt when logged in user is not granted access" time="1.8700" classname="Shows login prompt when logged in user is not granted access">
    </testcase>
    <testcase name="ArticlePage Infomedia article Shows 404 when article does not exist" time="1.4170" classname="Shows 404 when article does not exist">
    </testcase>
  </testsuite>
</testsuites>