<?xml version="1.0" encoding="UTF-8"?>
<testsuites name="Mocha Tests" time="5.6360" tests="2" failures="0">
  <testsuite name="Root Suite" timestamp="2023-01-26T07:56:38" tests="0" file="cypress/e2e/old/login.cy.js" time="0.0000" failures="0">
  </testsuite>
  <testsuite name="Login" timestamp="2023-01-26T07:56:38" tests="2" time="5.6360" failures="0">
    <testcase name="Login should send bearer token to API" time="1.8600" classname="should send bearer token to API">
    </testcase>
    <testcase name="Login should set user pickupagency from url parameter" time="3.7760" classname="should set user pickupagency from url parameter">
    </testcase>
  </testsuite>
</testsuites>