<?xml version="1.0" encoding="UTF-8"?>
<testsuites name="Mocha Tests" time="4.9850" tests="4" failures="1" skipped="1">
  <testsuite name="Root Suite" timestamp="2022-11-21T08:25:19" tests="0" file="cypress/integration/old/footer.spec.js" time="0.0000" failures="0">
  </testsuite>
  <testsuite name="Overview" timestamp="2022-11-21T08:25:19" tests="4" time="4.9850" failures="1">
    <testcase name="Overview there should be 4 columns" time="0.8660" classname="there should be 4 columns">
    </testcase>
    <testcase name="Overview check contact links" time="0.0160" classname="check contact links">
    </testcase>
    <testcase name="Overview check branch links" time="4.1030" classname="check branch links">
      <failure message="Timed out retrying after 4000ms: Not enough elements found. Found &apos;6&apos;, expected &apos;7&apos;." type="AssertionError"><![CDATA[AssertionError: Timed out retrying after 4000ms: Not enough elements found. Found '6', expected '7'.
    at Context.eval (http://localhost:4000/__cypress/tests?p=cypress/integration/old/footer.spec.js:115:85)]]></failure>
    </testcase>
  </testsuite>
</testsuites>