<?xml version="1.0" encoding="UTF-8"?>
<testsuites name="Mocha Tests" time="10.5450" tests="6" failures="0">
  <testsuite name="Root Suite" timestamp="2022-11-21T13:33:14" tests="0" file="cypress/integration/filter.spec.js" time="0.0000" failures="0">
  </testsuite>
  <testsuite name="Filter" timestamp="2022-11-21T13:33:14" tests="6" time="10.5450" failures="0">
    <testcase name="Filter workTypes facet is excluded from facets list" time="1.4540" classname="workTypes facet is excluded from facets list">
    </testcase>
    <testcase name="Filter Tab is trapped inside modal" time="1.4060" classname="Tab is trapped inside modal">
    </testcase>
    <testcase name="Filter Can update filters in query and sync with url" time="2.0990" classname="Can update filters in query and sync with url">
    </testcase>
    <testcase name="Filter Can clear all selected filters" time="1.8370" classname="Can clear all selected filters">
    </testcase>
    <testcase name="Filter Can parse facet containing &quot;,&quot;" time="1.3580" classname="Can parse facet containing &quot;,&quot;">
    </testcase>
    <testcase name="Filter Restore filters when browser&apos;s back button is used" time="2.3910" classname="Restore filters when browser&apos;s back button is used">
    </testcase>
  </testsuite>
</testsuites>