<?xml version="1.0" encoding="UTF-8"?>
<testsuites name="Mocha Tests" time="20.0180" tests="22" failures="1">
  <testsuite name="Root Suite" timestamp="2022-11-22T11:30:44" tests="0" file="cypress/integration/search.spec.js" time="0.0000" failures="0">
  </testsuite>
  <testsuite name="Search" timestamp="2022-11-22T11:30:44" tests="0" time="0.0000" failures="0">
  </testsuite>
  <testsuite name="Form" timestamp="2022-11-22T11:30:44" tests="8" time="14.1390" failures="1">
    <testcase name="Search Form Maps query parameters from url to input fields" time="1.4370" classname="Maps query parameters from url to input fields">
    </testcase>
    <testcase name="Search Form Go to find page when changing material type on work page" time="4.8370" classname="Go to find page when changing material type on work page">
      <failure message="Timed out retrying after 4000ms: expected &apos;&lt;p._7XiSFncSI1uFeTHbDzHTA._17X9Xst4a1bHk5Aojq1o2i.undefined&gt;&apos; to have text &apos;/find&apos;, but the text was &apos;/materiale/[title_author]/[workId]&apos;" type="AssertionError"><![CDATA[AssertionError: Timed out retrying after 4000ms: expected '<p._7XiSFncSI1uFeTHbDzHTA._17X9Xst4a1bHk5Aojq1o2i.undefined>' to have text '/find', but the text was '/materiale/[title_author]/[workId]'
    at Context.eval (http://localhost:4000/__cypress/tests?p=cypress/integration/search.spec.js:126:43)]]></failure>
    </testcase>
    <testcase name="Search Form Maps query parameters from input fields to url to input fields" time="2.4400" classname="Maps query parameters from input fields to url to input fields">
    </testcase>
    <testcase name="Search Form Click input clear button should NOT be reflected in URL immediately" time="0.4740" classname="Click input clear button should NOT be reflected in URL immediately">
    </testcase>
    <testcase name="Search Form Editing default search input, should not wipe other input" time="1.4050" classname="Editing default search input, should not wipe other input">
    </testcase>
    <testcase name="Search Form All default input suggestions will search with q.all" time="2.0510" classname="All default input suggestions will search with q.all">
    </testcase>
    <testcase name="Search Form Tab away from input will not sync with URL immediately" time="0.7620" classname="Tab away from input will not sync with URL immediately">
    </testcase>
    <testcase name="Search Form Pressing enter will sync with URL immediately" time="0.7330" classname="Pressing enter will sync with URL immediately">
    </testcase>
  </testsuite>
  <testsuite name="Mobile" timestamp="2022-11-22T11:31:14" tests="3" time="2.2810" failures="0">
    <testcase name="Search Form Mobile Maintains input value when opening mobile suggester" time="0.5160" classname="Maintains input value when opening mobile suggester">
    </testcase>
    <testcase name="Search Form Mobile Hide mobile search button when expanded" time="0.8850" classname="Hide mobile search button when expanded">
    </testcase>
    <testcase name="Search Form Mobile Click input clear on mobile should NOT be reflected in URL immediately" time="0.8800" classname="Click input clear on mobile should NOT be reflected in URL immediately">
    </testcase>
  </testsuite>
  <testsuite name="Result" timestamp="2022-11-22T11:31:16" tests="1" time="0.5850" failures="0">
    <testcase name="Search Result Maps from URL params to a search result" time="0.5850" classname="Maps from URL params to a search result">
    </testcase>
  </testsuite>
  <testsuite name="ResultRow" timestamp="2022-11-22T11:31:17" tests="6" time="1.1930" failures="0">
    <testcase name="Search ResultRow Should have all data" time="0.2910" classname="Should have all data">
    </testcase>
    <testcase name="Search ResultRow should not have cover" time="0.1670" classname="should not have cover">
    </testcase>
    <testcase name="Search ResultRow should not have creator" time="0.1870" classname="should not have creator">
    </testcase>
    <testcase name="Search ResultRow should not have titles" time="0.1850" classname="should not have titles">
    </testcase>
    <testcase name="Search ResultRow should not have materialTypes" time="0.1850" classname="should not have materialTypes">
    </testcase>
    <testcase name="Search ResultRow slow loading" time="0.1780" classname="slow loading">
    </testcase>
  </testsuite>
  <testsuite name="Related search subjects" timestamp="2022-11-22T11:31:18" tests="4" time="1.8200" failures="0">
    <testcase name="Search Related search subjects Can tab through related keywords" time="0.3510" classname="Can tab through related keywords">
    </testcase>
    <testcase name="Search Related search subjects Can visit keywords" time="0.1590" classname="Can visit keywords">
    </testcase>
    <testcase name="Search Related search subjects Can render and interact with connected related subjects" time="0.5740" classname="Can render and interact with connected related subjects">
    </testcase>
    <testcase name="Search Related search subjects Will show search result hitcount in the connected related subjects section" time="0.7360" classname="Will show search result hitcount in the connected related subjects section">
    </testcase>
  </testsuite>
</testsuites>