<?xml version="1.0" encoding="UTF-8"?>
<testsuites name="Mocha Tests" time="6.6510" tests="2" failures="0">
  <testsuite name="Root Suite" timestamp="2023-03-29T12:30:31" tests="0" file="cypress/e2e/searchFeedBack.cy.js" time="0.0000" failures="0">
  </testsuite>
  <testsuite name="searchfeedback" timestamp="2023-03-29T12:30:31" tests="2" time="6.6510" failures="0">
    <testcase name="searchfeedback thumbsup click" time="5.9530" classname="thumbsup click">
    </testcase>
    <testcase name="searchfeedback thumbsdown click" time="0.6980" classname="thumbsdown click">
    </testcase>
  </testsuite>
</testsuites>