<?xml version="1.0" encoding="UTF-8"?>
<testsuites name="Mocha Tests" time="13.4390" tests="22" failures="0">
  <testsuite name="Root Suite" timestamp="2022-11-22T11:31:31" tests="0" file="cypress/integration/ssr.spec.js" time="0.0000" failures="0">
  </testsuite>
  <testsuite name="Server Side Rendering" timestamp="2022-11-22T11:31:31" tests="0" time="0.0000" failures="0">
  </testsuite>
  <testsuite name="frontpage" timestamp="2022-11-22T11:31:31" tests="2" time="0.7390" failures="0">
    <testcase name="Server Side Rendering frontpage has correct metadata" time="0.3770" classname="has correct metadata">
    </testcase>
    <testcase name="Server Side Rendering frontpage has correct alternate links" time="0.3620" classname="has correct alternate links">
    </testcase>
  </testsuite>
  <testsuite name="material" timestamp="2022-11-22T11:31:32" tests="6" time="5.6150" failures="0">
    <testcase name="Server Side Rendering material has correct metadata" time="1.8520" classname="has correct metadata">
    </testcase>
    <testcase name="Server Side Rendering material has correct alternate links" time="0.3650" classname="has correct alternate links">
    </testcase>
    <testcase name="Server Side Rendering material has json-ld for book" time="0.4720" classname="has json-ld for book">
    </testcase>
    <testcase name="Server Side Rendering material has json-ld for article" time="0.2250" classname="has json-ld for article">
    </testcase>
    <testcase name="Server Side Rendering material has json-ld for movie" time="0.7140" classname="has json-ld for movie">
    </testcase>
    <testcase name="Server Side Rendering material has json-ld for creative work" time="1.9870" classname="has json-ld for creative work">
    </testcase>
  </testsuite>
  <testsuite name="artikler" timestamp="2022-11-22T11:31:37" tests="2" time="0.8210" failures="0">
    <testcase name="Server Side Rendering artikler has correct metadata" time="0.5750" classname="has correct metadata">
    </testcase>
    <testcase name="Server Side Rendering artikler has correct alternate links" time="0.2460" classname="has correct alternate links">
    </testcase>
  </testsuite>
  <testsuite name="hjaelp" timestamp="2022-11-22T11:31:38" tests="2" time="0.6790" failures="0">
    <testcase name="Server Side Rendering hjaelp has correct metadata" time="0.5220" classname="has correct metadata">
    </testcase>
    <testcase name="Server Side Rendering hjaelp has correct alternate links" time="0.1570" classname="has correct alternate links">
    </testcase>
  </testsuite>
  <testsuite name="hjaelp/faq" timestamp="2022-11-22T11:31:39" tests="2" time="0.8640" failures="0">
    <testcase name="Server Side Rendering hjaelp/faq has correct metadata" time="0.5660" classname="has correct metadata">
    </testcase>
    <testcase name="Server Side Rendering hjaelp/faq has correct alternate links" time="0.2980" classname="has correct alternate links">
    </testcase>
  </testsuite>
  <testsuite name="/hjaelp/find" timestamp="2022-11-22T11:31:40" tests="2" time="0.8190" failures="0">
    <testcase name="Server Side Rendering /hjaelp/find has correct metadata" time="0.5070" classname="has correct metadata">
    </testcase>
    <testcase name="Server Side Rendering /hjaelp/find has correct alternate links" time="0.3120" classname="has correct alternate links">
    </testcase>
  </testsuite>
  <testsuite name="find" timestamp="2022-11-22T11:31:40" tests="4" time="1.7050" failures="0">
    <testcase name="Server Side Rendering find has correct metadata" time="0.5030" classname="has correct metadata">
    </testcase>
    <testcase name="Server Side Rendering find has correct alternate links" time="0.2260" classname="has correct alternate links">
    </testcase>
    <testcase name="Server Side Rendering find hitcount must be greater than 0" time="0.4340" classname="hitcount must be greater than 0">
    </testcase>
    <testcase name="Server Side Rendering find Applying a filter results in lower hitcount" time="0.5420" classname="Applying a filter results in lower hitcount">
    </testcase>
  </testsuite>
  <testsuite name="inspiration/material pages" timestamp="2022-11-22T11:31:42" tests="2" time="2.1970" failures="0">
    <testcase name="Server Side Rendering inspiration/material pages has correct metadata" time="1.3430" classname="has correct metadata">
    </testcase>
    <testcase name="Server Side Rendering inspiration/material pages has correct alternate links" time="0.8540" classname="has correct alternate links">
    </testcase>
  </testsuite>
</testsuites>