<?xml version="1.0" encoding="UTF-8"?>
<testsuites name="Mocha Tests" time="2.9500" tests="5" failures="0">
  <testsuite name="Root Suite" timestamp="2022-11-21T08:40:35" tests="0" file="cypress/integration/old/articles.spec.js" time="0.0000" failures="0">
  </testsuite>
  <testsuite name="Article" timestamp="2022-11-21T08:40:35" tests="5" time="2.9500" failures="0">
    <testcase name="Article Section display article previews" time="1.0590" classname="Section display article previews">
    </testcase>
    <testcase name="Article Tab through article previews" time="0.3370" classname="Tab through article previews">
    </testcase>
    <testcase name="Article Article preview links to article page" time="0.9300" classname="Article preview links to article page">
    </testcase>
    <testcase name="Article Single-section: Can navigate to article" time="0.3350" classname="Single-section: Can navigate to article">
    </testcase>
    <testcase name="Article Single-section: Can navigate to alternative url" time="0.2890" classname="Single-section: Can navigate to alternative url">
    </testcase>
  </testsuite>
</testsuites>