<?xml version="1.0" encoding="UTF-8"?>
<testsuites name="Mocha Tests" time="19.0640" tests="8" failures="0" skipped="1">
  <testsuite name="Root Suite" timestamp="2022-11-21T13:50:33" tests="0" file="cypress/integration/old/search.spec.js" time="0.0000" failures="0">
  </testsuite>
  <testsuite name="Search" timestamp="2022-11-21T13:50:33" tests="8" time="19.0640" failures="0">
    <testcase name="Search Should show search results" time="2.8150" classname="Should show search results">
    </testcase>
    <testcase name="Search Should link to work page" time="3.1040" classname="Should link to work page">
    </testcase>
    <testcase name="Search Should collect data when searching and clicking work" time="7.5410" classname="Should collect data when searching and clicking work">
    </testcase>
    <testcase name="Search Should focus elements when tabbing" time="1.5620" classname="Should focus elements when tabbing">
    </testcase>
    <testcase name="Search Should focus pagination buttons when tabbing" time="0.5190" classname="Should focus pagination buttons when tabbing">
    </testcase>
    <testcase name="Search Desktop: Fake searchfield not visible" time="1.3560" classname="Desktop: Fake searchfield not visible">
    </testcase>
    <testcase name="Search Mobile: Has searchfield including query" time="2.1670" classname="Mobile: Has searchfield including query">
    </testcase>
  </testsuite>
</testsuites>