<?xml version="1.0" encoding="UTF-8"?>
<testsuites name="Mocha Tests" time="0.1640" tests="1" failures="1">
  <testsuite name="Root Suite" timestamp="2023-03-07T08:15:59" tests="1" file="cypress/e2e/errorRedirect.cy.js" time="0.1640" failures="1">
    <testcase name="redirect to 404" time="0.1640" classname="redirect to 404">
      <failure message="`cy.request()` failed on:

http://localhost:3000/materiale/deutsches-dichten-und-denken-vom-mittelalter-zur-neuzeit-1270-1700-_gunther-muller/work-of%3A800010-katalog%3A9912264463770576

The response we received from your web server was:

  &gt; 500: Internal Server Error

This was considered a failure because the status code was not `2xx` or `3xx`.

If you do not want status codes to cause failures pass the option: `failOnStatusCode: false`

-----------------------------------------------------------

The request we sent was:

Method: GET
URL: http://localhost:3000/materiale/deutsches-dichten-und-denken-vom-mittelalter-zur-neuzeit-1270-1700-_gunther-muller/work-of%3A800010-katalog%3A9912264463770576
Headers: {
  &quot;Connection&quot;: &quot;keep-alive&quot;,
  &quot;user-agent&quot;: &quot;Mozilla/5.0 (X11; Linux x86_64) AppleWebKit/537.36 (KHTML, like Gecko) Cypress/10.3.0 Chrome/100.0.4896.160 Electron/18.3.0 Safari/537.36&quot;,
  &quot;accept&quot;: &quot;*/*&quot;,
  &quot;accept-encoding&quot;: &quot;gzip, deflate&quot;
}

-----------------------------------------------------------

The response we got was:

Status: 500 - Internal Server Error
Headers: {
  &quot;cache-control&quot;: &quot;no-store, must-revalidate&quot;,
  &quot;x-powered-by&quot;: &quot;Next.js&quot;,
  &quot;content-type&quot;: &quot;text/html; charset=utf-8&quot;,
  &quot;vary&quot;: &quot;Accept-Encoding&quot;,
  &quot;content-encoding&quot;: &quot;gzip&quot;,
  &quot;date&quot;: &quot;Tue, 07 Mar 2023 08:16:00 GMT&quot;,
  &quot;connection&quot;: &quot;keep-alive&quot;,
  &quot;keep-alive&quot;: &quot;timeout=5&quot;,
  &quot;transfer-encoding&quot;: &quot;chunked&quot;
}
Body: &lt;!DOCTYPE html&gt;&lt;html lang=&quot;da&quot;&gt;&lt;head&gt;&lt;style data-next-hide-fouc=&quot;true&quot;&gt;body{display:none}&lt;/style&gt;&lt;noscript data-next-hide-fouc=&quot;true&quot;&gt;&lt;style&gt;body{display:block}&lt;/style&gt;&lt;/noscript&gt;&lt;meta charSet=&quot;utf-8&quot;/&gt;&lt;meta name=&quot;viewport&quot; content=&quot;width=device-width&quot;/&gt;&lt;meta name=&quot;next-head-count&quot; content=&quot;2&quot;/&gt;&lt;noscript data-n-css=&quot;&quot;&gt;&lt;/noscript&gt;&lt;script defer=&quot;&quot; nomodule=&quot;&quot; src=&quot;/_next/static/chunks/polyfills.js?ts=1678176960051&quot;&gt;&lt;/script&gt;&lt;script src=&quot;/_next/static/chunks/fallback/webpack.js?ts=1678176960051&quot; defer=&quot;&quot;&gt;&lt;/script&gt;&lt;script src=&quot;/_next/static/chunks/fallback/main.js?ts=1678176960051&quot; defer=&quot;&quot;&gt;&lt;/script&gt;&lt;script src=&quot;/_next/static/chunks/fallback/pages/_app.js?ts=1678176960051&quot; defer=&quot;&quot;&gt;&lt;/script&gt;&lt;script src=&quot;/_next/static/chunks/fallback/pages/_error.js?ts=1678176960051&quot; defer=&quot;&quot;&gt;&lt;/script&gt;&lt;noscript id=&quot;__next_css__DO_NOT_USE__&quot;&gt;&lt;/noscript&gt;&lt;/head&gt;&lt;body&gt;&lt;div id=&quot;__next&quot;&gt;&lt;/div&gt;&lt;script src=&quot;/_next/static/chunks/fallback/react-refresh.js?ts=1678176960051&quot;&gt;&lt;/script&gt;&lt;script id=&quot;__NEXT_DATA__&quot; type=&quot;application/json&quot;&gt;{&quot;props&quot;:{&quot;pageProps&quot;:{&quot;statusCode&quot;:500}},&quot;page&quot;:&quot;/_error&quot;,&quot;query&quot;:{},&quot;buildId&quot;:&quot;development&quot;,&quot;runtimeConfig&quot;:{&quot;useFixedSessionId&quot;:true,&quot;api&quot;:{&quot;url&quot;:&quot;https://alfa-api.stg.bibliotek.dk/190101/bibdk21/graphql&quot;,&quot;timeout&quot;:150},&quot;fbi_api&quot;:{&quot;url&quot;:&quot;https://fbi-api-staging.k8s.dbc.dk/bibdk21/graphql&quot;,&quot;timeout&quot;:150},&quot;app&quot;:{&quot;url&quot;:&quot;http://localhost:3000&quot;}},&quot;isFallback&quot;:false,&quot;err&quot;:{&quot;name&quot;:&quot;ModuleBuildError&quot;,&quot;source&quot;:&quot;server&quot;,&quot;message&quot;:&quot;Module build failed: Error: ENOENT: no such file or directory, open &apos;/home/mtni/projects/bibliotekdk-next-frontend/node_modules/@restart/ui/esm/Anchor.js&apos;&quot;,&quot;stack&quot;:&quot;ModuleBuildError: Module build failed: Error: ENOENT: no such file or directory, open &apos;/home/mtni/projects/bibliotekdk-next-frontend/node_modules/@restart/ui/esm/Anchor.js&apos;\n    at processResult (/home/mtni/projects/bibliotekdk-next-frontend/node_modules/next/dist/compiled/webpack/bundle5.js:28:394802)\n    at /home/mtni/projects/bibliotekdk-next-frontend/node_modules/next/dist/compile...


https://on.cypress.io/request" type="CypressError"><![CDATA[CypressError: `cy.request()` failed on:

http://localhost:3000/materiale/deutsches-dichten-und-denken-vom-mittelalter-zur-neuzeit-1270-1700-_gunther-muller/work-of%3A800010-katalog%3A9912264463770576

The response we received from your web server was:

  > 500: Internal Server Error

This was considered a failure because the status code was not `2xx` or `3xx`.

If you do not want status codes to cause failures pass the option: `failOnStatusCode: false`

-----------------------------------------------------------

The request we sent was:

Method: GET
URL: http://localhost:3000/materiale/deutsches-dichten-und-denken-vom-mittelalter-zur-neuzeit-1270-1700-_gunther-muller/work-of%3A800010-katalog%3A9912264463770576
Headers: {
  "Connection": "keep-alive",
  "user-agent": "Mozilla/5.0 (X11; Linux x86_64) AppleWebKit/537.36 (KHTML, like Gecko) Cypress/10.3.0 Chrome/100.0.4896.160 Electron/18.3.0 Safari/537.36",
  "accept": "*/*",
  "accept-encoding": "gzip, deflate"
}

-----------------------------------------------------------

The response we got was:

Status: 500 - Internal Server Error
Headers: {
  "cache-control": "no-store, must-revalidate",
  "x-powered-by": "Next.js",
  "content-type": "text/html; charset=utf-8",
  "vary": "Accept-Encoding",
  "content-encoding": "gzip",
  "date": "Tue, 07 Mar 2023 08:16:00 GMT",
  "connection": "keep-alive",
  "keep-alive": "timeout=5",
  "transfer-encoding": "chunked"
}
Body: <!DOCTYPE html><html lang="da"><head><style data-next-hide-fouc="true">body{display:none}</style><noscript data-next-hide-fouc="true"><style>body{display:block}</style></noscript><meta charSet="utf-8"/><meta name="viewport" content="width=device-width"/><meta name="next-head-count" content="2"/><noscript data-n-css=""></noscript><script defer="" nomodule="" src="/_next/static/chunks/polyfills.js?ts=1678176960051"></script><script src="/_next/static/chunks/fallback/webpack.js?ts=1678176960051" defer=""></script><script src="/_next/static/chunks/fallback/main.js?ts=1678176960051" defer=""></script><script src="/_next/static/chunks/fallback/pages/_app.js?ts=1678176960051" defer=""></script><script src="/_next/static/chunks/fallback/pages/_error.js?ts=1678176960051" defer=""></script><noscript id="__next_css__DO_NOT_USE__"></noscript></head><body><div id="__next"></div><script src="/_next/static/chunks/fallback/react-refresh.js?ts=1678176960051"></script><script id="__NEXT_DATA__" type="application/json">{"props":{"pageProps":{"statusCode":500}},"page":"/_error","query":{},"buildId":"development","runtimeConfig":{"useFixedSessionId":true,"api":{"url":"https://alfa-api.stg.bibliotek.dk/190101/bibdk21/graphql","timeout":150},"fbi_api":{"url":"https://fbi-api-staging.k8s.dbc.dk/bibdk21/graphql","timeout":150},"app":{"url":"http://localhost:3000"}},"isFallback":false,"err":{"name":"ModuleBuildError","source":"server","message":"Module build failed: Error: ENOENT: no such file or directory, open '/home/mtni/projects/bibliotekdk-next-frontend/node_modules/@restart/ui/esm/Anchor.js'","stack":"ModuleBuildError: Module build failed: Error: ENOENT: no such file or directory, open '/home/mtni/projects/bibliotekdk-next-frontend/node_modules/@restart/ui/esm/Anchor.js'\n    at processResult (/home/mtni/projects/bibliotekdk-next-frontend/node_modules/next/dist/compiled/webpack/bundle5.js:28:394802)\n    at /home/mtni/projects/bibliotekdk-next-frontend/node_modules/next/dist/compile...


https://on.cypress.io/request
    at http://localhost:4000/__cypress/runner/cypress_runner.js:158473:80
    at tryCatcher (http://localhost:4000/__cypress/runner/cypress_runner.js:13012:23)
    at Promise._settlePromiseFromHandler (http://localhost:4000/__cypress/runner/cypress_runner.js:10947:31)
    at Promise._settlePromise (http://localhost:4000/__cypress/runner/cypress_runner.js:11004:18)
    at Promise._settlePromise0 (http://localhost:4000/__cypress/runner/cypress_runner.js:11049:10)
    at Promise._settlePromises (http://localhost:4000/__cypress/runner/cypress_runner.js:11129:18)
    at _drainQueueStep (http://localhost:4000/__cypress/runner/cypress_runner.js:7719:12)
    at _drainQueue (http://localhost:4000/__cypress/runner/cypress_runner.js:7712:9)
    at Async.../../node_modules/bluebird/js/release/async.js.Async._drainQueues (http://localhost:4000/__cypress/runner/cypress_runner.js:7728:5)
    at Async.drainQueues (http://localhost:4000/__cypress/runner/cypress_runner.js:7598:14)
From Your Spec Code:
    at Context.eval (http://localhost:4000/__cypress/tests?p=cypress/e2e/errorRedirect.cy.js:102:6)]]></failure>
    </testcase>
  </testsuite>
</testsuites>