<?xml version="1.0" encoding="UTF-8"?>
<testsuites name="Mocha Tests" time="6.8720" tests="2" failures="0">
  <testsuite name="Root Suite" timestamp="2023-03-07T09:50:48" tests="0" file="cypress/e2e/searchFeedBack.cy.js" time="0.0000" failures="0">
  </testsuite>
  <testsuite name="searchfeedback" timestamp="2023-03-07T09:50:48" tests="2" time="6.8720" failures="0">
    <testcase name="searchfeedback thumbsup click" time="6.2160" classname="thumbsup click">
    </testcase>
    <testcase name="searchfeedback thumbsdown click" time="0.6560" classname="thumbsdown click">
    </testcase>
  </testsuite>
</testsuites>