<?xml version="1.0" encoding="UTF-8"?>
<testsuites name="Mocha Tests" time="12.8910" tests="6" failures="0">
  <testsuite name="Root Suite" timestamp="2023-01-26T07:52:57" tests="0" file="cypress/e2e/filter.cy.js" time="0.0000" failures="0">
  </testsuite>
  <testsuite name="Filter" timestamp="2023-01-26T07:52:57" tests="6" time="12.8910" failures="0">
    <testcase name="Filter workTypes facet is excluded from facets list" time="2.0320" classname="workTypes facet is excluded from facets list">
    </testcase>
    <testcase name="Filter Tab is trapped inside modal" time="1.3770" classname="Tab is trapped inside modal">
    </testcase>
    <testcase name="Filter Can update filters in query and sync with url" time="1.9920" classname="Can update filters in query and sync with url">
    </testcase>
    <testcase name="Filter Can clear all selected filters" time="1.7900" classname="Can clear all selected filters">
    </testcase>
    <testcase name="Filter Can parse facet containing &quot;,&quot;" time="1.6950" classname="Can parse facet containing &quot;,&quot;">
    </testcase>
    <testcase name="Filter Restore filters when browser&apos;s back button is used" time="4.0050" classname="Restore filters when browser&apos;s back button is used">
    </testcase>
  </testsuite>
</testsuites>