<?xml version="1.0" encoding="UTF-8"?>
<testsuites name="Mocha Tests" time="15.9080" tests="8" failures="0" skipped="1">
  <testsuite name="Root Suite" timestamp="2022-11-21T13:35:57" tests="0" file="cypress/integration/old/search.spec.js" time="0.0000" failures="0">
  </testsuite>
  <testsuite name="Search" timestamp="2022-11-21T13:35:57" tests="8" time="15.9080" failures="0">
    <testcase name="Search Should show search results" time="2.9890" classname="Should show search results">
    </testcase>
    <testcase name="Search Should link to work page" time="2.2000" classname="Should link to work page">
    </testcase>
    <testcase name="Search Should collect data when searching and clicking work" time="6.0910" classname="Should collect data when searching and clicking work">
    </testcase>
    <testcase name="Search Should focus elements when tabbing" time="1.2730" classname="Should focus elements when tabbing">
    </testcase>
    <testcase name="Search Should focus pagination buttons when tabbing" time="0.3400" classname="Should focus pagination buttons when tabbing">
    </testcase>
    <testcase name="Search Desktop: Fake searchfield not visible" time="1.1010" classname="Desktop: Fake searchfield not visible">
    </testcase>
    <testcase name="Search Mobile: Has searchfield including query" time="1.9140" classname="Mobile: Has searchfield including query">
    </testcase>
  </testsuite>
</testsuites>