<?xml version="1.0" encoding="UTF-8"?>
<testsuites name="Mocha Tests" time="3.4100" tests="8" failures="0" skipped="2">
  <testsuite name="Root Suite" timestamp="2023-02-07T13:59:50" tests="0" file="cypress/e2e/reviews.cy.js" time="0.0000" failures="0">
  </testsuite>
  <testsuite name="Overview" timestamp="2023-02-07T13:59:50" tests="0" time="0.0000" failures="0">
  </testsuite>
  <testsuite name="Page" timestamp="2023-02-07T13:59:50" tests="1" time="2.5280" failures="0">
    <testcase name="Overview Page Displays the contents of a review from infomedia" time="2.5280" classname="Displays the contents of a review from infomedia">
    </testcase>
  </testsuite>
  <testsuite name="Review Slider" timestamp="2023-02-07T13:59:53" tests="7" time="0.8820" failures="0">
    <testcase name="Overview Review Slider First review should be visible - last not visible" time="0.7950" classname="First review should be visible - last not visible">
    </testcase>
    <testcase name="Overview Review Slider should link to mentioned work for librarians review" time="0.0200" classname="should link to mentioned work for librarians review">
    </testcase>
    <testcase name="Overview Review Slider infomedia review should link to infomedia page" time="0.0150" classname="infomedia review should link to infomedia page">
    </testcase>
    <testcase name="Overview Review Slider external review should link to external site" time="0.0150" classname="external review should link to external site">
    </testcase>
    <testcase name="Overview Review Slider reviews are ordered correctly" time="0.0370" classname="reviews are ordered correctly">
    </testcase>
  </testsuite>
</testsuites>