<?xml version="1.0" encoding="UTF-8"?>
<testsuites name="Mocha Tests" time="1.0460" tests="1" failures="0">
  <testsuite name="Root Suite" timestamp="2023-03-07T14:53:19" tests="0" file="cypress/e2e/old/tooltip.cy.js" time="0.0000" failures="0">
  </testsuite>
  <testsuite name="feedback" timestamp="2023-03-07T14:53:19" tests="1" time="1.0460" failures="0">
    <testcase name="feedback Tooltip present on click" time="1.0460" classname="Tooltip present on click">
    </testcase>
  </testsuite>
</testsuites>