<?xml version="1.0" encoding="UTF-8"?>
<testsuites name="Mocha Tests" time="1.0290" tests="1" failures="0">
  <testsuite name="Root Suite" timestamp="2022-11-22T11:27:23" tests="1" file="cypress/integration/errorRedirect.spec.js" time="1.0290" failures="0">
    <testcase name="redirect to 404" time="1.0290" classname="redirect to 404">
    </testcase>
  </testsuite>
</testsuites>