<?xml version="1.0" encoding="UTF-8"?>
<testsuites name="Mocha Tests" time="1.6630" tests="3" failures="0">
  <testsuite name="Root Suite" timestamp="2023-01-26T07:57:14" tests="0" file="cypress/e2e/old/relatedKeywords.cy.js" time="0.0000" failures="0">
  </testsuite>
  <testsuite name="Related Keywords" timestamp="2023-01-26T07:57:14" tests="3" time="1.6630" failures="0">
    <testcase name="Related Keywords Can tab through related keywords" time="0.8270" classname="Can tab through related keywords">
    </testcase>
    <testcase name="Related Keywords Can visit keywords" time="0.1950" classname="Can visit keywords">
    </testcase>
    <testcase name="Related Keywords Can render and interact with connected related subjects" time="0.6410" classname="Can render and interact with connected related subjects">
    </testcase>
  </testsuite>
</testsuites>