<?xml version="1.0" encoding="UTF-8"?>
<testsuites name="Mocha Tests" time="7.7250" tests="15" failures="0" skipped="5">
  <testsuite name="Root Suite" timestamp="2023-03-07T14:52:19" tests="0" file="cypress/e2e/old/overview.cy.js" time="0.0000" failures="0">
  </testsuite>
  <testsuite name="Overview" timestamp="2023-03-07T14:52:19" tests="0" time="0.0000" failures="0">
  </testsuite>
  <testsuite name="Overview parent" timestamp="2023-03-07T14:52:19" tests="8" time="5.1830" failures="0">
    <testcase name="Overview Overview parent Can tab through to different elements" time="2.4260" classname="Can tab through to different elements">
    </testcase>
    <testcase name="Overview Overview parent Can click on button tag" time="1.0640" classname="Can click on button tag">
    </testcase>
    <testcase name="Overview Overview parent Can default its first materialType: " time="1.6930" classname="Can default its first materialType: ">
    </testcase>
  </testsuite>
  <testsuite name="LocalizationsLink" timestamp="2023-03-07T14:52:24" tests="4" time="1.5750" failures="0">
    <testcase name="Overview LocalizationsLink Preferred online" time="0.1780" classname="Preferred online">
    </testcase>
    <testcase name="Overview LocalizationsLink Not available for loan at any library" time="0.5060" classname="Not available for loan at any library">
    </testcase>
    <testcase name="Overview LocalizationsLink Available at libraries" time="0.4490" classname="Available at libraries">
    </testcase>
    <testcase name="Overview LocalizationsLink Slow loading" time="0.4420" classname="Slow loading">
    </testcase>
  </testsuite>
  <testsuite name="Alternative Options" timestamp="2023-03-07T14:52:26" tests="3" time="0.9670" failures="0">
    <testcase name="Overview Alternative Options No alternatives" time="0.3860" classname="No alternatives">
    </testcase>
    <testcase name="Overview Alternative Options With alternatives" time="0.4000" classname="With alternatives">
    </testcase>
    <testcase name="Overview Alternative Options Slow loading" time="0.1810" classname="Slow loading">
    </testcase>
  </testsuite>
</testsuites>