<?xml version="1.0" encoding="UTF-8"?>
<testsuites name="Mocha Tests" time="1.2210" tests="3" failures="0">
  <testsuite name="Root Suite" timestamp="2023-01-26T08:59:05" tests="0" file="cypress/e2e/old/keywords.cy.js" time="0.0000" failures="0">
  </testsuite>
  <testsuite name="Keywords" timestamp="2023-01-26T08:59:05" tests="3" time="1.2210" failures="0">
    <testcase name="Keywords Keywords gets filtered" time="0.8840" classname="Keywords gets filtered">
    </testcase>
    <testcase name="Keywords Can tab through keywords" time="0.3220" classname="Can tab through keywords">
    </testcase>
    <testcase name="Keywords Can visit keywords" time="0.0150" classname="Can visit keywords">
    </testcase>
  </testsuite>
</testsuites>