<?xml version="1.0" encoding="UTF-8"?>
<testsuites name="Mocha Tests" time="7.2600" tests="10" failures="0" skipped="1">
  <testsuite name="Root Suite" timestamp="2023-03-07T14:50:49" tests="0" file="cypress/e2e/old/articlePage.cy.js" time="0.0000" failures="0">
  </testsuite>
  <testsuite name="ArticlePage" timestamp="2023-03-07T14:50:49" tests="0" time="0.0000" failures="0">
  </testsuite>
  <testsuite name="News article (from drupal)" timestamp="2023-03-07T14:50:49" tests="5" time="1.3030" failures="0">
    <testcase name="ArticlePage News article (from drupal) Check if article has parsed body image" time="1.0050" classname="Check if article has parsed body image">
    </testcase>
    <testcase name="ArticlePage News article (from drupal) Check if article has parsed body image" time="0.0510" classname="Check if article has parsed body image">
    </testcase>
    <testcase name="ArticlePage News article (from drupal) Shows calculated read time" time="0.1170" classname="Shows calculated read time">
    </testcase>
    <testcase name="ArticlePage News article (from drupal) Shows correct category for news article (the ones from drupal)" time="0.0210" classname="Shows correct category for news article (the ones from drupal)">
    </testcase>
    <testcase name="ArticlePage News article (from drupal) Print article" time="0.1090" classname="Print article">
    </testcase>
  </testsuite>
  <testsuite name="Infomedia article" timestamp="2023-03-07T14:50:50" tests="5" time="5.9570" failures="0">
    <testcase name="ArticlePage Infomedia article Shows infomedia data" time="0.3520" classname="Shows infomedia data">
    </testcase>
    <testcase name="ArticlePage Infomedia article Print article" time="0.2800" classname="Print article">
    </testcase>
    <testcase name="ArticlePage Infomedia article Shows login prompt when not logged in" time="2.6290" classname="Shows login prompt when not logged in">
    </testcase>
    <testcase name="ArticlePage Infomedia article Shows login prompt when logged in user is not granted access" time="2.6960" classname="Shows login prompt when logged in user is not granted access">
    </testcase>
  </testsuite>
</testsuites>