<?xml version="1.0" encoding="UTF-8"?>
<testsuites name="Mocha Tests" time="10.4260" tests="6" failures="0">
  <testsuite name="Root Suite" timestamp="2022-11-21T13:48:01" tests="0" file="cypress/integration/filter.spec.js" time="0.0000" failures="0">
  </testsuite>
  <testsuite name="Filter" timestamp="2022-11-21T13:48:01" tests="6" time="10.4260" failures="0">
    <testcase name="Filter workTypes facet is excluded from facets list" time="1.5430" classname="workTypes facet is excluded from facets list">
    </testcase>
    <testcase name="Filter Tab is trapped inside modal" time="1.4620" classname="Tab is trapped inside modal">
    </testcase>
    <testcase name="Filter Can update filters in query and sync with url" time="2.1130" classname="Can update filters in query and sync with url">
    </testcase>
    <testcase name="Filter Can clear all selected filters" time="1.7960" classname="Can clear all selected filters">
    </testcase>
    <testcase name="Filter Can parse facet containing &quot;,&quot;" time="1.3150" classname="Can parse facet containing &quot;,&quot;">
    </testcase>
    <testcase name="Filter Restore filters when browser&apos;s back button is used" time="2.1970" classname="Restore filters when browser&apos;s back button is used">
    </testcase>
  </testsuite>
</testsuites>