<?xml version="1.0" encoding="UTF-8"?>
<testsuites name="Mocha Tests" time="2.4710" tests="3" failures="0">
  <testsuite name="Root Suite" timestamp="2023-02-07T12:31:28" tests="0" file="cypress/e2e/recommendations.cy.js" time="0.0000" failures="0">
  </testsuite>
  <testsuite name="Series" timestamp="2023-02-07T12:31:28" tests="3" time="2.4710" failures="0">
    <testcase name="Series Verify title and creator are shown" time="1.0720" classname="Verify title and creator are shown">
    </testcase>
    <testcase name="Series Should collect data for recommender" time="0.5730" classname="Should collect data for recommender">
    </testcase>
    <testcase name="Series Should collect all shown recommendations, when slider is scrolled" time="0.8260" classname="Should collect all shown recommendations, when slider is scrolled">
    </testcase>
  </testsuite>
</testsuites>