<?xml version="1.0" encoding="UTF-8"?>
<testsuites name="Mocha Tests" time="7.4930" tests="15" failures="0" skipped="4">
  <testsuite name="Root Suite" timestamp="2023-01-26T08:59:31" tests="0" file="cypress/e2e/old/overview.cy.js" time="0.0000" failures="0">
  </testsuite>
  <testsuite name="Overview" timestamp="2023-01-26T08:59:31" tests="0" time="0.0000" failures="0">
  </testsuite>
  <testsuite name="Overview parent" timestamp="2023-01-26T08:59:31" tests="8" time="4.8790" failures="0">
    <testcase name="Overview Overview parent Can tab through to different elements" time="2.1920" classname="Can tab through to different elements">
    </testcase>
    <testcase name="Overview Overview parent Can click on bookmark button" time="0.5690" classname="Can click on bookmark button">
    </testcase>
    <testcase name="Overview Overview parent Can click on button tag" time="0.5820" classname="Can click on button tag">
    </testcase>
    <testcase name="Overview Overview parent Can default its first materialType: " time="1.5360" classname="Can default its first materialType: ">
    </testcase>
  </testsuite>
  <testsuite name="LocalizationsLink" timestamp="2023-01-26T08:59:36" tests="4" time="1.5650" failures="0">
    <testcase name="Overview LocalizationsLink Preferred online" time="0.4580" classname="Preferred online">
    </testcase>
    <testcase name="Overview LocalizationsLink Not available for loan at any library" time="0.5140" classname="Not available for loan at any library">
    </testcase>
    <testcase name="Overview LocalizationsLink Available at libraries" time="0.3980" classname="Available at libraries">
    </testcase>
    <testcase name="Overview LocalizationsLink Slow loading" time="0.1950" classname="Slow loading">
    </testcase>
  </testsuite>
  <testsuite name="Alternative Options" timestamp="2023-01-26T08:59:37" tests="3" time="1.0490" failures="0">
    <testcase name="Overview Alternative Options No alternatives" time="0.4730" classname="No alternatives">
    </testcase>
    <testcase name="Overview Alternative Options With alternatives" time="0.3970" classname="With alternatives">
    </testcase>
    <testcase name="Overview Alternative Options Slow loading" time="0.1790" classname="Slow loading">
    </testcase>
  </testsuite>
</testsuites>