<?xml version="1.0" encoding="UTF-8"?>
<testsuites name="Mocha Tests" time="1.7180" tests="2" failures="0">
  <testsuite name="Root Suite" timestamp="2022-11-21T08:40:45" tests="0" file="cypress/integration/old/cards.spec.js" time="0.0000" failures="0">
  </testsuite>
  <testsuite name="Cards" timestamp="2022-11-21T08:40:45" tests="2" time="1.7180" failures="0">
    <testcase name="Cards Clicking card links to work page" time="1.3310" classname="Clicking card links to work page">
    </testcase>
    <testcase name="Cards Tabbing will focus cards" time="0.3870" classname="Tabbing will focus cards">
    </testcase>
  </testsuite>
</testsuites>