<?xml version="1.0" encoding="UTF-8"?>
<testsuites name="Mocha Tests" time="0.7960" tests="1" failures="0">
  <testsuite name="Root Suite" timestamp="2023-03-07T08:23:29" tests="0" file="cypress/e2e/old/references.cy.js" time="0.0000" failures="0">
  </testsuite>
  <testsuite name="References" timestamp="2023-03-07T08:23:29" tests="1" time="0.7960" failures="0">
    <testcase name="References Reference links present" time="0.7960" classname="Reference links present">
    </testcase>
  </testsuite>
</testsuites>