<?xml version="1.0" encoding="UTF-8"?>
<testsuites name="Mocha Tests" time="6.5120" tests="7" failures="0">
  <testsuite name="Root Suite" timestamp="2023-01-26T07:57:05" tests="0" file="cypress/e2e/old/radio.cy.js" time="0.0000" failures="0">
  </testsuite>
  <testsuite name="Radio" timestamp="2023-01-26T07:57:05" tests="7" time="6.5120" failures="0">
    <testcase name="Radio Tab leads to active element" time="1.4480" classname="Tab leads to active element">
    </testcase>
    <testcase name="Radio Tab leads to first element" time="0.7140" classname="Tab leads to first element">
    </testcase>
    <testcase name="Radio Down arrow changes focus" time="0.9010" classname="Down arrow changes focus">
    </testcase>
    <testcase name="Radio Right arrow changes focus" time="0.9050" classname="Right arrow changes focus">
    </testcase>
    <testcase name="Radio Up arrow changes focus" time="0.9120" classname="Up arrow changes focus">
    </testcase>
    <testcase name="Radio Left arrow changes focus" time="0.9100" classname="Left arrow changes focus">
    </testcase>
    <testcase name="Radio Disabled group can&apos;t be interacted with" time="0.7220" classname="Disabled group can&apos;t be interacted with">
    </testcase>
  </testsuite>
</testsuites>