<?xml version="1.0" encoding="UTF-8"?>
<testsuites name="Mocha Tests" time="1.4140" tests="2" failures="0">
  <testsuite name="Root Suite" timestamp="2022-11-21T08:42:10" tests="0" file="cypress/integration/old/references.spec.js" time="0.0000" failures="0">
  </testsuite>
  <testsuite name="References" timestamp="2022-11-21T08:42:10" tests="2" time="1.4140" failures="0">
    <testcase name="References Reference links present" time="0.8100" classname="Reference links present">
    </testcase>
    <testcase name="References Single Edition with year, publisher etc" time="0.6040" classname="Single Edition with year, publisher etc">
    </testcase>
  </testsuite>
</testsuites>