<?xml version="1.0" encoding="UTF-8"?>
<testsuites name="Mocha Tests" time="14.8000" tests="22" failures="0">
  <testsuite name="Root Suite" timestamp="2023-02-07T13:48:40" tests="0" file="cypress/e2e/ssr.cy.js" time="0.0000" failures="0">
  </testsuite>
  <testsuite name="Server Side Rendering" timestamp="2023-02-07T13:48:40" tests="0" time="0.0000" failures="0">
  </testsuite>
  <testsuite name="frontpage" timestamp="2023-02-07T13:48:40" tests="2" time="0.7650" failures="0">
    <testcase name="Server Side Rendering frontpage has correct metadata" time="0.3970" classname="has correct metadata">
    </testcase>
    <testcase name="Server Side Rendering frontpage has correct alternate links" time="0.3680" classname="has correct alternate links">
    </testcase>
  </testsuite>
  <testsuite name="material" timestamp="2023-02-07T13:48:40" tests="6" time="4.6170" failures="0">
    <testcase name="Server Side Rendering material has correct metadata" time="0.8690" classname="has correct metadata">
    </testcase>
    <testcase name="Server Side Rendering material has correct alternate links" time="0.3670" classname="has correct alternate links">
    </testcase>
    <testcase name="Server Side Rendering material has json-ld for book" time="0.3670" classname="has json-ld for book">
    </testcase>
    <testcase name="Server Side Rendering material has json-ld for article" time="0.3960" classname="has json-ld for article">
    </testcase>
    <testcase name="Server Side Rendering material has json-ld for movie" time="2.0520" classname="has json-ld for movie">
    </testcase>
    <testcase name="Server Side Rendering material has json-ld for creative work" time="0.5660" classname="has json-ld for creative work">
    </testcase>
  </testsuite>
  <testsuite name="artikler" timestamp="2023-02-07T13:48:45" tests="2" time="1.0070" failures="0">
    <testcase name="Server Side Rendering artikler has correct metadata" time="0.7660" classname="has correct metadata">
    </testcase>
    <testcase name="Server Side Rendering artikler has correct alternate links" time="0.2410" classname="has correct alternate links">
    </testcase>
  </testsuite>
  <testsuite name="hjaelp" timestamp="2023-02-07T13:48:46" tests="2" time="0.7940" failures="0">
    <testcase name="Server Side Rendering hjaelp has correct metadata" time="0.6030" classname="has correct metadata">
    </testcase>
    <testcase name="Server Side Rendering hjaelp has correct alternate links" time="0.1910" classname="has correct alternate links">
    </testcase>
  </testsuite>
  <testsuite name="hjaelp/faq" timestamp="2023-02-07T13:48:47" tests="2" time="0.5200" failures="0">
    <testcase name="Server Side Rendering hjaelp/faq has correct metadata" time="0.3880" classname="has correct metadata">
    </testcase>
    <testcase name="Server Side Rendering hjaelp/faq has correct alternate links" time="0.1320" classname="has correct alternate links">
    </testcase>
  </testsuite>
  <testsuite name="/hjaelp/find" timestamp="2023-02-07T13:48:47" tests="2" time="0.7940" failures="0">
    <testcase name="Server Side Rendering /hjaelp/find has correct metadata" time="0.5300" classname="has correct metadata">
    </testcase>
    <testcase name="Server Side Rendering /hjaelp/find has correct alternate links" time="0.2640" classname="has correct alternate links">
    </testcase>
  </testsuite>
  <testsuite name="find" timestamp="2023-02-07T13:48:48" tests="4" time="1.2320" failures="0">
    <testcase name="Server Side Rendering find has correct metadata" time="0.4680" classname="has correct metadata">
    </testcase>
    <testcase name="Server Side Rendering find has correct alternate links" time="0.2360" classname="has correct alternate links">
    </testcase>
    <testcase name="Server Side Rendering find hitcount must be greater than 0" time="0.2010" classname="hitcount must be greater than 0">
    </testcase>
    <testcase name="Server Side Rendering find Applying a filter results in lower hitcount" time="0.3270" classname="Applying a filter results in lower hitcount">
    </testcase>
  </testsuite>
  <testsuite name="inspiration/material pages" timestamp="2023-02-07T13:48:50" tests="2" time="5.0710" failures="0">
    <testcase name="Server Side Rendering inspiration/material pages has correct metadata" time="3.2070" classname="has correct metadata">
    </testcase>
    <testcase name="Server Side Rendering inspiration/material pages has correct alternate links" time="1.8640" classname="has correct alternate links">
    </testcase>
  </testsuite>
</testsuites>