<?xml version="1.0" encoding="UTF-8"?>
<testsuites name="Mocha Tests" time="1.0470" tests="1" failures="0">
  <testsuite name="Root Suite" timestamp="2023-01-26T07:54:41" tests="0" file="cypress/e2e/series.cy.js" time="0.0000" failures="0">
  </testsuite>
  <testsuite name="Series" timestamp="2023-01-26T07:54:41" tests="1" time="1.0470" failures="0">
    <testcase name="Series Verify title and creator are shown" time="1.0470" classname="Verify title and creator are shown">
    </testcase>
  </testsuite>
</testsuites>